#
# There is insufficient memory for the Java Runtime Environment to continue.
# Native memory allocation (malloc) failed to allocate 1243856 bytes. Error detail: Chunk::new
# Possible reasons:
#   The system is out of physical RAM or swap space
#   This process is running with CompressedOops enabled, and the Java Heap may be blocking the growth of the native heap
# Possible solutions:
#   Reduce memory load on the system
#   Increase physical memory or swap space
#   Check if swap backing store is full
#   Decrease Java heap size (-Xmx/-Xms)
#   Decrease number of Java threads
#   Decrease Java thread stack sizes (-Xss)
#   Set larger code cache with -XX:ReservedCodeCacheSize=
#   JVM is running with Zero Based Compressed Oops mode in which the Java heap is
#     placed in the first 32GB address space. The Java Heap base address is the
#     maximum limit for the native heap growth. Please use -XX:HeapBaseMinAddress
#     to set the Java Heap base and to place the Java Heap above 32GB virtual address.
# This output file may be truncated or incomplete.
#
#  Out of Memory Error (arena.cpp:162), pid=25580, tid=24788
#
# JRE version: Java(TM) SE Runtime Environment (24.0.1+9) (build 24.0.1+9-30)
# Java VM: Java HotSpot(TM) 64-Bit Server VM (24.0.1+9-30, mixed mode, sharing, tiered, compressed oops, compressed class ptrs, g1 gc, windows-amd64)
# No core dump will be written. Minidumps are not enabled by default on client versions of Windows
#

---------------  S U M M A R Y ------------

Command Line: -agentlib:jdwp=transport=dt_socket,address=127.0.0.1:13207,suspend=y,server=n -javaagent:C:\Users\DKCOMP~1\AppData\Local\Temp\captureAgent5jars\debugger-agent.jar=file:///C:/Users/DKCOMP~1/AppData/Local/Temp/capture14174593362205214085.props -agentpath:C:\Users\DKCOMP~1\AppData\Local\Temp\idea_libasyncProfiler_dll_temp_folder4\libasyncProfiler.dll=version,jfr,event=wall,interval=10ms,cstack=no,file=C:\Users\DK COMPUTRONIX\IdeaSnapshots\OnlineFoodDeliveryApplication_2025_09_27_124516.jfr,dbghelppath=C:\Users\DKCOMP~1\AppData\Local\Temp\idea_dbghelp_dll_temp_folder\dbghelp.dll,log=C:\Users\DKCOMP~1\AppData\Local\Temp\OnlineFoodDeliveryApplication_2025_09_27_124516.jfr.log.txt,logLevel=DEBUG -Dkotlinx.coroutines.debug.enable.creation.stack.trace=false -Ddebugger.agent.enable.coroutines=true -Dkotlinx.coroutines.debug.enable.flows.stack.trace=true -Dkotlinx.coroutines.debug.enable.mutable.state.flows.stack.trace=true -Dfile.encoding=UTF-8 -Dsun.stdout.encoding=UTF-8 -Dsun.stderr.encoding=UTF-8 com.sachein.OnlineFoodDeliveryApplication

Host: 12th Gen Intel(R) Core(TM) i5-12500H, 16 cores, 15G,  Windows 11 , 64 bit Build 26100 (10.0.26100.5074)
Time: Sat Sep 27 13:50:32 2025 India Standard Time elapsed time: 3915.987896 seconds (0d 1h 5m 15s)

---------------  T H R E A D  ---------------

Current thread (0x00000214dc988e80):  JavaThread "C2 CompilerThread0" daemon [_thread_in_native, id=24788, stack(0x000000dd23600000,0x000000dd23700000) (1024K)]


Current CompileTask:
C2:3915988 13708   !   4       java.util.concurrent.ScheduledThreadPoolExecutor$DelayedWorkQueue::offer (123 bytes)

Stack: [0x000000dd23600000,0x000000dd23700000]
Native frames: (J=compiled Java code, j=interpreted, Vv=VM code, C=native code)
V  [jvm.dll+0x730739]  (no source info available)
V  [jvm.dll+0x8d9b23]  (no source info available)
V  [jvm.dll+0x8dc00d]  (no source info available)
V  [jvm.dll+0x8dc683]  (no source info available)
V  [jvm.dll+0x2aa086]  (no source info available)
V  [jvm.dll+0xcedef]  (no source info available)
V  [jvm.dll+0xcf04f]  (no source info available)
V  [jvm.dll+0x154d83]  (no source info available)
V  [jvm.dll+0x735f5f]  (no source info available)
V  [jvm.dll+0x26fa1c]  (no source info available)
V  [jvm.dll+0x26ea3f]  (no source info available)
V  [jvm.dll+0x1e9d60]  (no source info available)
V  [jvm.dll+0x27e1fb]  (no source info available)
V  [jvm.dll+0x27c49a]  (no source info available)
V  [jvm.dll+0x42f456]  (no source info available)
V  [jvm.dll+0x87d76b]  (no source info available)
V  [jvm.dll+0x72ee55]  (no source info available)
C  [ucrtbase.dll+0x37b0]  (no source info available)
C  [KERNEL32.DLL+0x2e8d7]  (no source info available)
C  [ntdll.dll+0x8d9c]  (no source info available)

Lock stack of current Java thread (top to bottom):


---------------  P R O C E S S  ---------------

Threads class SMR info:
_java_thread_list=0x000002152deb0080, length=34, elements={
0x00000214dc974430, 0x00000214dc974c70, 0x00000214dc977b60, 0x00000214dc97a550,
0x00000214dc982cb0, 0x00000214dc9833f0, 0x00000214dc988e80, 0x00000214dc999c30,
0x00000214dcb89cc0, 0x00000214dcb8d040, 0x00000214dcb8d790, 0x00000214dcbb3470,
0x00000215220384b0, 0x000002152218b500, 0x0000021528d838e0, 0x0000021528d82a40,
0x0000021528d805b0, 0x0000021528d84030, 0x000002152c381090, 0x000002152daabed0,
0x000002152dab00a0, 0x000002152dab07f0, 0x000002152daadc10, 0x000002152daad4c0,
0x000002152dab0f40, 0x000002152dab1690, 0x000002152daae360, 0x000002152dab5110,
0x000002152dab1de0, 0x000002152dab49c0, 0x000002152dab5860, 0x000002152dab4270,
0x000002152dab2530, 0x000002152dab2c80
}

Java Threads: ( => current thread )
  0x00000214dc974430 JavaThread "Reference Handler"          daemon [_thread_blocked, id=23876, stack(0x000000dd23000000,0x000000dd23100000) (1024K)]
  0x00000214dc974c70 JavaThread "Finalizer"                  daemon [_thread_blocked, id=19592, stack(0x000000dd23100000,0x000000dd23200000) (1024K)]
  0x00000214dc977b60 JavaThread "Signal Dispatcher"          daemon [_thread_blocked, id=15580, stack(0x000000dd23200000,0x000000dd23300000) (1024K)]
  0x00000214dc97a550 JavaThread "Attach Listener"            daemon [_thread_blocked, id=23884, stack(0x000000dd23300000,0x000000dd23400000) (1024K)]
  0x00000214dc982cb0 JavaThread "Service Thread"             daemon [_thread_blocked, id=19064, stack(0x000000dd23400000,0x000000dd23500000) (1024K)]
  0x00000214dc9833f0 JavaThread "Monitor Deflation Thread"   daemon [_thread_blocked, id=20204, stack(0x000000dd23500000,0x000000dd23600000) (1024K)]
=>0x00000214dc988e80 JavaThread "C2 CompilerThread0"         daemon [_thread_in_native, id=24788, stack(0x000000dd23600000,0x000000dd23700000) (1024K)]
  0x00000214dc999c30 JavaThread "C1 CompilerThread0"         daemon [_thread_blocked, id=21788, stack(0x000000dd23700000,0x000000dd23800000) (1024K)]
  0x00000214dcb89cc0 JavaThread "JDWP Transport Listener: dt_socket" daemon [_thread_blocked, id=13748, stack(0x000000dd23b00000,0x000000dd23c00000) (1024K)]
  0x00000214dcb8d040 JavaThread "JDWP Event Helper Thread"   daemon [_thread_blocked, id=11972, stack(0x000000dd23c00000,0x000000dd23d00000) (1024K)]
  0x00000214dcb8d790 JavaThread "JDWP Command Reader"        daemon [_thread_in_native, id=27216, stack(0x000000dd23d00000,0x000000dd23e00000) (1024K)]
  0x00000214dcbb3470 JavaThread "Common-Cleaner"             daemon [_thread_blocked, id=20664, stack(0x000000dd23a00000,0x000000dd23b00000) (1024K)]
  0x00000215220384b0 JavaThread "IntelliJ Suspend Helper"    daemon [_thread_blocked, id=20492, stack(0x000000dd23e00000,0x000000dd23f00000) (1024K)]
  0x000002152218b500 JavaThread "Notification Thread"        daemon [_thread_blocked, id=14136, stack(0x000000dd23f00000,0x000000dd24000000) (1024K)]
  0x0000021528d838e0 JavaThread "Catalina-utility-1"                [_thread_blocked, id=6184, stack(0x000000dd25400000,0x000000dd25500000) (1024K)]
  0x0000021528d82a40 JavaThread "Catalina-utility-2"                [_thread_blocked, id=12256, stack(0x000000dd25500000,0x000000dd25600000) (1024K)]
  0x0000021528d805b0 JavaThread "container-0"                       [_thread_blocked, id=13128, stack(0x000000dd25600000,0x000000dd25700000) (1024K)]
  0x0000021528d84030 JavaThread "mysql-cj-abandoned-connection-cleanup" daemon [_thread_blocked, id=25000, stack(0x000000dd25700000,0x000000dd25800000) (1024K)]
  0x000002152c381090 JavaThread "HikariPool-1:housekeeper"   daemon [_thread_blocked, id=26860, stack(0x000000dd25a00000,0x000000dd25b00000) (1024K)]
  0x000002152daabed0 JavaThread "File Watcher"               daemon [_thread_blocked, id=11612, stack(0x000000dd25f00000,0x000000dd26000000) (1024K)]
  0x000002152dab00a0 JavaThread "Live Reload Server"         daemon [_thread_in_native, id=4848, stack(0x000000dd26100000,0x000000dd26200000) (1024K)]
  0x000002152dab07f0 JavaThread "http-nio-5450-exec-1"       daemon [_thread_blocked, id=15348, stack(0x000000dd26000000,0x000000dd26100000) (1024K)]
  0x000002152daadc10 JavaThread "http-nio-5450-exec-2"       daemon [_thread_blocked, id=17120, stack(0x000000dd26200000,0x000000dd26300000) (1024K)]
  0x000002152daad4c0 JavaThread "http-nio-5450-exec-3"       daemon [_thread_blocked, id=5952, stack(0x000000dd26300000,0x000000dd26400000) (1024K)]
  0x000002152dab0f40 JavaThread "http-nio-5450-exec-4"       daemon [_thread_blocked, id=1472, stack(0x000000dd26400000,0x000000dd26500000) (1024K)]
  0x000002152dab1690 JavaThread "http-nio-5450-exec-5"       daemon [_thread_blocked, id=10228, stack(0x000000dd26500000,0x000000dd26600000) (1024K)]
  0x000002152daae360 JavaThread "http-nio-5450-exec-6"       daemon [_thread_blocked, id=23944, stack(0x000000dd26600000,0x000000dd26700000) (1024K)]
  0x000002152dab5110 JavaThread "http-nio-5450-exec-7"       daemon [_thread_blocked, id=3776, stack(0x000000dd26700000,0x000000dd26800000) (1024K)]
  0x000002152dab1de0 JavaThread "http-nio-5450-exec-8"       daemon [_thread_blocked, id=12968, stack(0x000000dd26800000,0x000000dd26900000) (1024K)]
  0x000002152dab49c0 JavaThread "http-nio-5450-exec-9"       daemon [_thread_blocked, id=22788, stack(0x000000dd26900000,0x000000dd26a00000) (1024K)]
  0x000002152dab5860 JavaThread "http-nio-5450-exec-10"      daemon [_thread_blocked, id=23896, stack(0x000000dd26a00000,0x000000dd26b00000) (1024K)]
  0x000002152dab4270 JavaThread "http-nio-5450-Poller"       daemon [_thread_in_native, id=27580, stack(0x000000dd26b00000,0x000000dd26c00000) (1024K)]
  0x000002152dab2530 JavaThread "http-nio-5450-Acceptor"     daemon [_thread_in_native, id=5932, stack(0x000000dd26c00000,0x000000dd26d00000) (1024K)]
  0x000002152dab2c80 JavaThread "DestroyJavaVM"                     [_thread_blocked, id=15084, stack(0x000000dd22800000,0x000000dd22900000) (1024K)]
Total: 34

Other Threads:
  0x00000214dc960690 VMThread "VM Thread"                           [id=25504, stack(0x000000dd22f00000,0x000000dd23000000) (1024K)]
  0x00000214bb98d6e0 WatcherThread "VM Periodic Task Thread"        [id=4120, stack(0x000000dd22e00000,0x000000dd22f00000) (1024K)]
  0x00000214bb898740 WorkerThread "GC Thread#0"                     [id=22360, stack(0x000000dd22900000,0x000000dd22a00000) (1024K)]
  0x000002152337f7c0 WorkerThread "GC Thread#1"                     [id=4964, stack(0x000000dd24300000,0x000000dd24400000) (1024K)]
  0x0000021523380680 WorkerThread "GC Thread#2"                     [id=17112, stack(0x000000dd24400000,0x000000dd24500000) (1024K)]
  0x0000021523380a30 WorkerThread "GC Thread#3"                     [id=20528, stack(0x000000dd24500000,0x000000dd24600000) (1024K)]
  0x000002152379b9d0 WorkerThread "GC Thread#4"                     [id=8436, stack(0x000000dd24600000,0x000000dd24700000) (1024K)]
  0x0000021523798d90 WorkerThread "GC Thread#5"                     [id=19956, stack(0x000000dd24700000,0x000000dd24800000) (1024K)]
  0x00000215237998a0 WorkerThread "GC Thread#6"                     [id=24528, stack(0x000000dd24800000,0x000000dd24900000) (1024K)]
  0x000002152379a000 WorkerThread "GC Thread#7"                     [id=21412, stack(0x000000dd24900000,0x000000dd24a00000) (1024K)]
  0x000002152379a3b0 WorkerThread "GC Thread#8"                     [id=24072, stack(0x000000dd24a00000,0x000000dd24b00000) (1024K)]
  0x000002152379a760 WorkerThread "GC Thread#9"                     [id=10256, stack(0x000000dd24b00000,0x000000dd24c00000) (1024K)]
  0x000002152379bd80 WorkerThread "GC Thread#10"                    [id=23724, stack(0x000000dd24c00000,0x000000dd24d00000) (1024K)]
  0x0000021523799c50 WorkerThread "GC Thread#11"                    [id=8656, stack(0x000000dd24d00000,0x000000dd24e00000) (1024K)]
  0x000002152379c130 WorkerThread "GC Thread#12"                    [id=27424, stack(0x000000dd24e00000,0x000000dd24f00000) (1024K)]
  0x00000214bb8ad3f0 ConcurrentGCThread "G1 Main Marker"            [id=6140, stack(0x000000dd22a00000,0x000000dd22b00000) (1024K)]
  0x00000214bb8afa50 WorkerThread "G1 Conc#0"                       [id=2804, stack(0x000000dd22b00000,0x000000dd22c00000) (1024K)]
  0x00000215243b2430 WorkerThread "G1 Conc#1"                       [id=23608, stack(0x000000dd25100000,0x000000dd25200000) (1024K)]
  0x00000215243b1920 WorkerThread "G1 Conc#2"                       [id=12248, stack(0x000000dd25200000,0x000000dd25300000) (1024K)]
  0x00000214bb97d0f0 ConcurrentGCThread "G1 Refine#0"               [id=10584, stack(0x000000dd22c00000,0x000000dd22d00000) (1024K)]
  0x00000214bb97d630 ConcurrentGCThread "G1 Service"                [id=17188, stack(0x000000dd22d00000,0x000000dd22e00000) (1024K)]
Total: 21

Threads with active compile tasks:
C2 CompilerThread0  3916113 13708   !   4       java.util.concurrent.ScheduledThreadPoolExecutor$DelayedWorkQueue::offer (123 bytes)
Total: 1

VM state: not at safepoint (normal execution)

VM Mutex/Monitor currently owned by a thread: None

Heap address: 0x0000000704e00000, size: 4018 MB, Compressed Oops mode: Zero based, Oop shift amount: 3

CDS archive(s) mapped at: [0x00000214dd000000-0x00000214ddd40000-0x00000214ddd40000), size 13893632, SharedBaseAddress: 0x00000214dd000000, ArchiveRelocationMode: 1.
Compressed class space mapped at: 0x00000214de000000-0x000002151e000000, reserved size: 1073741824
UseCompressedClassPointers 1, UseCompactObjectHeaders 0
Narrow klass pointer bits 32, Max shift 3
Narrow klass base: 0x00000214dd000000, Narrow klass shift: 0
Encoding Range: [0x00000214dd000000 - 0x00000215dd000000), (4294967296 bytes)
Klass Range:    [0x00000214dd000000 - 0x000002151e000000), (1090519040 bytes)
Klass ID Range:  [8 - 1090519033) (1090519025)

GC Precious Log:
 CardTable entry size: 512
 Card Set container configuration: InlinePtr #cards 4 size 8 Array Of Cards #cards 16 size 48 Howl #buckets 8 coarsen threshold 3686 Howl Bitmap #cards 512 size 80 coarsen threshold 460 Card regions per heap region 1 cards per card region 4096
 CPUs: 16 total, 16 available
 Memory: 16068M
 Large Page Support: Disabled
 NUMA Support: Disabled
 Compressed Oops: Enabled (Zero based)
 Heap Region Size: 2M
 Heap Min Capacity: 8M
 Heap Initial Capacity: 252M
 Heap Max Capacity: 4018M
 Pre-touch: Disabled
 Parallel Workers: 13
 Concurrent Workers: 3
 Concurrent Refinement Workers: 13
 Periodic GC: Disabled

Heap:
 garbage-first heap   total reserved 4114432K, committed 131072K, used 72171K [0x0000000704e00000, 0x0000000800000000)
  region size 2048K, 17 young (34816K), 2 survivors (4096K)
 Metaspace       used 94189K, committed 94848K, reserved 1179648K
  class space    used 10101K, committed 10368K, reserved 1048576K

Heap Regions: E=young(eden), S=young(survivor), O=old, HS=humongous(starts), HC=humongous(continues), CS=collection set, F=free, TAMS=top-at-mark-start, PB=parsable bottom
|   0|0x0000000704e00000, 0x0000000705000000, 0x0000000705000000|100%| O|  |TAMS 0x0000000704e00000| PB 0x0000000704e00000| Untracked |  0
|   1|0x0000000705000000, 0x0000000705200000, 0x0000000705200000|100%| O|  |TAMS 0x0000000705000000| PB 0x0000000705000000| Untracked |  0
|   2|0x0000000705200000, 0x0000000705400000, 0x0000000705400000|100%| O|  |TAMS 0x0000000705200000| PB 0x0000000705200000| Untracked |  0
|   3|0x0000000705400000, 0x0000000705600000, 0x0000000705600000|100%| O|  |TAMS 0x0000000705400000| PB 0x0000000705400000| Untracked |  0
|   4|0x0000000705600000, 0x0000000705800000, 0x0000000705800000|100%| O|  |TAMS 0x0000000705600000| PB 0x0000000705600000| Untracked |  0
|   5|0x0000000705800000, 0x0000000705a00000, 0x0000000705a00000|100%| O|  |TAMS 0x0000000705800000| PB 0x0000000705800000| Untracked |  0
|   6|0x0000000705a00000, 0x0000000705c00000, 0x0000000705c00000|100%| O|  |TAMS 0x0000000705a00000| PB 0x0000000705a00000| Untracked |  0
|   7|0x0000000705c00000, 0x0000000705e00000, 0x0000000705e00000|100%| O|  |TAMS 0x0000000705c00000| PB 0x0000000705c00000| Untracked |  0
|   8|0x0000000705e00000, 0x0000000706000000, 0x0000000706000000|100%| O|  |TAMS 0x0000000705e00000| PB 0x0000000705e00000| Untracked |  0
|   9|0x0000000706000000, 0x0000000706200000, 0x0000000706200000|100%| O|  |TAMS 0x0000000706000000| PB 0x0000000706000000| Untracked |  0
|  10|0x0000000706200000, 0x0000000706400000, 0x0000000706400000|100%| O|  |TAMS 0x0000000706200000| PB 0x0000000706200000| Untracked |  0
|  11|0x0000000706400000, 0x0000000706600000, 0x0000000706600000|100%| O|  |TAMS 0x0000000706400000| PB 0x0000000706400000| Untracked |  0
|  12|0x0000000706600000, 0x0000000706800000, 0x0000000706800000|100%| O|  |TAMS 0x0000000706600000| PB 0x0000000706600000| Untracked |  0
|  13|0x0000000706800000, 0x0000000706a00000, 0x0000000706a00000|100%| O|  |TAMS 0x0000000706800000| PB 0x0000000706800000| Untracked |  0
|  14|0x0000000706a00000, 0x0000000706c00000, 0x0000000706c00000|100%| O|  |TAMS 0x0000000706a00000| PB 0x0000000706a00000| Untracked |  0
|  15|0x0000000706c00000, 0x0000000706e00000, 0x0000000706e00000|100%| O|  |TAMS 0x0000000706c00000| PB 0x0000000706c00000| Untracked |  0
|  16|0x0000000706e00000, 0x0000000706e00000, 0x0000000707000000|  0%| F|  |TAMS 0x0000000706e00000| PB 0x0000000706e00000| Untracked |  0
|  17|0x0000000707000000, 0x0000000707200000, 0x0000000707200000|100%| O|  |TAMS 0x0000000707000000| PB 0x0000000707000000| Untracked |  0
|  18|0x0000000707200000, 0x0000000707200000, 0x0000000707400000|  0%| F|  |TAMS 0x0000000707200000| PB 0x0000000707200000| Untracked |  0
|  19|0x0000000707400000, 0x0000000707600000, 0x0000000707600000|100%| O|  |TAMS 0x0000000707400000| PB 0x0000000707400000| Untracked |  0
|  20|0x0000000707600000, 0x0000000707800000, 0x0000000707800000|100%| O|  |TAMS 0x0000000707600000| PB 0x0000000707600000| Untracked |  0
|  21|0x0000000707800000, 0x000000070787ace8, 0x0000000707a00000| 23%| O|  |TAMS 0x0000000707800000| PB 0x0000000707800000| Untracked |  0
|  22|0x0000000707a00000, 0x0000000707a00000, 0x0000000707c00000|  0%| F|  |TAMS 0x0000000707a00000| PB 0x0000000707a00000| Untracked |  0
|  23|0x0000000707c00000, 0x0000000707c00000, 0x0000000707e00000|  0%| F|  |TAMS 0x0000000707c00000| PB 0x0000000707c00000| Untracked |  0
|  24|0x0000000707e00000, 0x0000000707e00000, 0x0000000708000000|  0%| F|  |TAMS 0x0000000707e00000| PB 0x0000000707e00000| Untracked |  0
|  25|0x0000000708000000, 0x0000000708200000, 0x0000000708200000|100%| S|CS|TAMS 0x0000000708000000| PB 0x0000000708000000| Complete |  0
|  26|0x0000000708200000, 0x0000000708200000, 0x0000000708400000|  0%| F|  |TAMS 0x0000000708200000| PB 0x0000000708200000| Untracked |  0
|  27|0x0000000708400000, 0x0000000708600000, 0x0000000708600000|100%| S|CS|TAMS 0x0000000708400000| PB 0x0000000708400000| Complete |  0
|  28|0x0000000708600000, 0x0000000708600000, 0x0000000708800000|  0%| F|  |TAMS 0x0000000708600000| PB 0x0000000708600000| Untracked |  0
|  29|0x0000000708800000, 0x0000000708800000, 0x0000000708a00000|  0%| F|  |TAMS 0x0000000708800000| PB 0x0000000708800000| Untracked |  0
|  30|0x0000000708a00000, 0x0000000708a00000, 0x0000000708c00000|  0%| F|  |TAMS 0x0000000708a00000| PB 0x0000000708a00000| Untracked |  0
|  31|0x0000000708c00000, 0x0000000708c00000, 0x0000000708e00000|  0%| F|  |TAMS 0x0000000708c00000| PB 0x0000000708c00000| Untracked |  0
|  32|0x0000000708e00000, 0x0000000708e00000, 0x0000000709000000|  0%| F|  |TAMS 0x0000000708e00000| PB 0x0000000708e00000| Untracked |  0
|  33|0x0000000709000000, 0x0000000709000000, 0x0000000709200000|  0%| F|  |TAMS 0x0000000709000000| PB 0x0000000709000000| Untracked |  0
|  34|0x0000000709200000, 0x0000000709200000, 0x0000000709400000|  0%| F|  |TAMS 0x0000000709200000| PB 0x0000000709200000| Untracked |  0
|  35|0x0000000709400000, 0x0000000709400000, 0x0000000709600000|  0%| F|  |TAMS 0x0000000709400000| PB 0x0000000709400000| Untracked |  0
|  36|0x0000000709600000, 0x0000000709600000, 0x0000000709800000|  0%| F|  |TAMS 0x0000000709600000| PB 0x0000000709600000| Untracked |  0
|  37|0x0000000709800000, 0x0000000709800000, 0x0000000709a00000|  0%| F|  |TAMS 0x0000000709800000| PB 0x0000000709800000| Untracked |  0
|  38|0x0000000709a00000, 0x0000000709a00000, 0x0000000709c00000|  0%| F|  |TAMS 0x0000000709a00000| PB 0x0000000709a00000| Untracked |  0
|  39|0x0000000709c00000, 0x0000000709c00000, 0x0000000709e00000|  0%| F|  |TAMS 0x0000000709c00000| PB 0x0000000709c00000| Untracked |  0
|  40|0x0000000709e00000, 0x0000000709e00000, 0x000000070a000000|  0%| F|  |TAMS 0x0000000709e00000| PB 0x0000000709e00000| Untracked |  0
|  41|0x000000070a000000, 0x000000070a000000, 0x000000070a200000|  0%| F|  |TAMS 0x000000070a000000| PB 0x000000070a000000| Untracked |  0
|  42|0x000000070a200000, 0x000000070a200000, 0x000000070a400000|  0%| F|  |TAMS 0x000000070a200000| PB 0x000000070a200000| Untracked |  0
|  43|0x000000070a400000, 0x000000070a400000, 0x000000070a600000|  0%| F|  |TAMS 0x000000070a400000| PB 0x000000070a400000| Untracked |  0
|  44|0x000000070a600000, 0x000000070a600000, 0x000000070a800000|  0%| F|  |TAMS 0x000000070a600000| PB 0x000000070a600000| Untracked |  0
|  45|0x000000070a800000, 0x000000070a800000, 0x000000070aa00000|  0%| F|  |TAMS 0x000000070a800000| PB 0x000000070a800000| Untracked |  0
|  46|0x000000070aa00000, 0x000000070aa00000, 0x000000070ac00000|  0%| F|  |TAMS 0x000000070aa00000| PB 0x000000070aa00000| Untracked |  0
|  47|0x000000070ac00000, 0x000000070ac00000, 0x000000070ae00000|  0%| F|  |TAMS 0x000000070ac00000| PB 0x000000070ac00000| Untracked |  0
|  48|0x000000070ae00000, 0x000000070ae00000, 0x000000070b000000|  0%| F|  |TAMS 0x000000070ae00000| PB 0x000000070ae00000| Untracked |  0
|  49|0x000000070b000000, 0x000000070b1e8518, 0x000000070b200000| 95%| E|  |TAMS 0x000000070b000000| PB 0x000000070b000000| Complete |  0
|  50|0x000000070b200000, 0x000000070b400000, 0x000000070b400000|100%| E|CS|TAMS 0x000000070b200000| PB 0x000000070b200000| Complete |  0
|  51|0x000000070b400000, 0x000000070b600000, 0x000000070b600000|100%| E|CS|TAMS 0x000000070b400000| PB 0x000000070b400000| Complete |  0
|  52|0x000000070b600000, 0x000000070b800000, 0x000000070b800000|100%| E|CS|TAMS 0x000000070b600000| PB 0x000000070b600000| Complete |  0
|  53|0x000000070b800000, 0x000000070ba00000, 0x000000070ba00000|100%| E|CS|TAMS 0x000000070b800000| PB 0x000000070b800000| Complete |  0
|  54|0x000000070ba00000, 0x000000070bc00000, 0x000000070bc00000|100%| E|CS|TAMS 0x000000070ba00000| PB 0x000000070ba00000| Complete |  0
|  55|0x000000070bc00000, 0x000000070be00000, 0x000000070be00000|100%| E|CS|TAMS 0x000000070bc00000| PB 0x000000070bc00000| Complete |  0
|  56|0x000000070be00000, 0x000000070c000000, 0x000000070c000000|100%| E|CS|TAMS 0x000000070be00000| PB 0x000000070be00000| Complete |  0
|  57|0x000000070c000000, 0x000000070c200000, 0x000000070c200000|100%| E|CS|TAMS 0x000000070c000000| PB 0x000000070c000000| Complete |  0
| 105|0x0000000712000000, 0x0000000712200000, 0x0000000712200000|100%| E|CS|TAMS 0x0000000712000000| PB 0x0000000712000000| Complete |  0
| 106|0x0000000712200000, 0x0000000712400000, 0x0000000712400000|100%| E|CS|TAMS 0x0000000712200000| PB 0x0000000712200000| Complete |  0
| 107|0x0000000712400000, 0x0000000712600000, 0x0000000712600000|100%| E|CS|TAMS 0x0000000712400000| PB 0x0000000712400000| Complete |  0
| 108|0x0000000712600000, 0x0000000712800000, 0x0000000712800000|100%| E|CS|TAMS 0x0000000712600000| PB 0x0000000712600000| Complete |  0
| 125|0x0000000714800000, 0x0000000714a00000, 0x0000000714a00000|100%| E|CS|TAMS 0x0000000714800000| PB 0x0000000714800000| Complete |  0
|2008|0x00000007ffe00000, 0x0000000800000000, 0x0000000800000000|100%| E|CS|TAMS 0x00000007ffe00000| PB 0x00000007ffe00000| Complete |  0

Card table byte_map: [0x00000214d52e0000,0x00000214d5ac0000] _byte_map_base: 0x00000214d1ab9000

Marking Bits: (CMBitMap*) 0x00000214bb898d60
 Bits: [0x00000214d5ac0000, 0x00000214d9988000)

Polling page: 0x00000214b9ca0000

Metaspace:

Usage:
  Non-class:     82.12 MB used.
      Class:      9.86 MB used.
       Both:     91.98 MB used.

Virtual space:
  Non-class space:      128.00 MB reserved,      82.50 MB ( 64%) committed,  2 nodes.
      Class space:        1.00 GB reserved,      10.12 MB ( <1%) committed,  1 nodes.
             Both:        1.12 GB reserved,      92.62 MB (  8%) committed. 

Chunk freelists:
   Non-Class:  13.35 MB
       Class:  5.83 MB
        Both:  19.18 MB

MaxMetaspaceSize: unlimited
CompressedClassSpaceSize: 1.00 GB
Initial GC threshold: 21.00 MB
Current GC threshold: 153.44 MB
CDS: on
 - commit_granule_bytes: 65536.
 - commit_granule_words: 8192.
 - virtual_space_node_default_size: 8388608.
 - enlarge_chunks_in_place: 1.
UseCompressedClassPointers 1, UseCompactObjectHeaders 0
Narrow klass pointer bits 32, Max shift 3
Narrow klass base: 0x00000214dd000000, Narrow klass shift: 0
Encoding Range: [0x00000214dd000000 - 0x00000215dd000000), (4294967296 bytes)
Klass Range:    [0x00000214dd000000 - 0x000002151e000000), (1090519040 bytes)
Klass ID Range:  [8 - 1090519033) (1090519025)


Internal statistics:

num_allocs_failed_limit: 12.
num_arena_births: 1000.
num_arena_deaths: 0.
num_vsnodes_births: 3.
num_vsnodes_deaths: 0.
num_space_committed: 1482.
num_space_uncommitted: 0.
num_chunks_returned_to_freelist: 12.
num_chunks_taken_from_freelist: 4114.
num_chunk_merges: 9.
num_chunk_splits: 2985.
num_chunks_enlarged: 2410.
num_inconsistent_stats: 0.

CodeHeap 'non-profiled nmethods': size=119232Kb used=6799Kb max_used=6799Kb free=112433Kb
 bounds [0x00000214cc8b0000, 0x00000214ccf60000, 0x00000214d3d20000]
CodeHeap 'profiled nmethods': size=119104Kb used=20757Kb max_used=20757Kb free=98346Kb
 bounds [0x00000214c4d20000, 0x00000214c6170000, 0x00000214cc170000]
CodeHeap 'non-nmethods': size=7424Kb used=1714Kb max_used=3614Kb free=5709Kb
 bounds [0x00000214cc170000, 0x00000214cc510000, 0x00000214cc8b0000]
CodeCache: size=245760Kb, used=29270Kb, max_used=31170Kb, free=216488Kb
 total_blobs=13024, nmethods=12229, adapters=698, full_count=0
Compilation: enabled, stopped_count=0, restarted_count=0

Compilation events (20 events):
Event: 3694.575 Thread 0x00000214dc988e80 nmethod 13698 0x00000214ccf4b688 code [0x00000214ccf4b7a0, 0x00000214ccf4bb60]
Event: 3796.913 Thread 0x00000214dc999c30 13699 % !   3       com.intellij.rt.debugger.agent.SuspendHelper$1::run @ 0 (11 bytes)
Event: 3796.914 Thread 0x00000214dc999c30 nmethod 13699% 0x00000214c6164e88 code [0x00000214c6164fc0, 0x00000214c61652a0]
Event: 3834.710 Thread 0x00000214dc988e80 13700       4       java.util.LinkedList::unlinkLast (64 bytes)
Event: 3834.714 Thread 0x00000214dc988e80 nmethod 13700 0x00000214ccf4bb88 code [0x00000214ccf4bca0, 0x00000214ccf4c068]
Event: 3835.177 Thread 0x00000214dc988e80 13701   !   4       com.intellij.rt.debugger.agent.CaptureStorage$5::run (108 bytes)
Event: 3835.201 Thread 0x00000214dc988e80 nmethod 13701 0x00000214ccf4c088 code [0x00000214ccf4c240, 0x00000214ccf4d0a0]
Event: 3835.201 Thread 0x00000214dc988e80 13702   !   4       com.intellij.rt.debugger.agent.CaptureStorage$6::run (93 bytes)
Event: 3835.206 Thread 0x00000214dc988e80 nmethod 13702 0x00000214ccf4d288 code [0x00000214ccf4d3e0, 0x00000214ccf4da10]
Event: 3859.082 Thread 0x00000214dc999c30 13703   !   3       com.intellij.rt.debugger.agent.SuspendHelper$1::run (11 bytes)
Event: 3859.082 Thread 0x00000214dc999c30 nmethod 13703 0x00000214c6165308 code [0x00000214c6165440, 0x00000214c61656c8]
Event: 3882.820 Thread 0x00000214dc988e80 13704       4       java.util.concurrent.ThreadPoolExecutor$Worker::unlock (7 bytes)
Event: 3882.822 Thread 0x00000214dc988e80 nmethod 13704 0x00000214ccf4db08 code [0x00000214ccf4dc20, 0x00000214ccf4ddc8]
Event: 3894.760 Thread 0x00000214dc988e80 13705       4       java.util.HashMap::valuesToArray (81 bytes)
Event: 3894.765 Thread 0x00000214dc988e80 nmethod 13705 0x00000214ccf4de08 code [0x00000214ccf4df20, 0x00000214ccf4e308]
Event: 3908.184 Thread 0x00000214dc988e80 13706   !   4       java.util.concurrent.ThreadPoolExecutor::getTask (177 bytes)
Event: 3908.276 Thread 0x00000214dc988e80 nmethod 13706 0x00000214ccf4e388 code [0x00000214ccf4e780, 0x00000214ccf53660]
Event: 3909.182 Thread 0x00000214dc988e80 13707       4       java.util.concurrent.ThreadPoolExecutor$Worker::lock (6 bytes)
Event: 3909.183 Thread 0x00000214dc988e80 nmethod 13707 0x00000214ccf53908 code [0x00000214ccf53a00, 0x00000214ccf53bc0]
Event: 3914.967 Thread 0x00000214dc988e80 13708   !   4       java.util.concurrent.ScheduledThreadPoolExecutor$DelayedWorkQueue::offer (123 bytes)

GC Heap History (20 events):
Event: 5.986 GC heap before
{Heap before GC invocations=21 (full 0):
 garbage-first heap   total reserved 4114432K, committed 63488K, used 52866K [0x0000000704e00000, 0x0000000800000000)
  region size 2048K, 9 young (18432K), 1 survivors (2048K)
 Metaspace       used 78801K, committed 79296K, reserved 1179648K
  class space    used 8504K, committed 8704K, reserved 1048576K
}
Event: 5.988 GC heap after
{Heap after GC invocations=22 (full 0):
 garbage-first heap   total reserved 4114432K, committed 63488K, used 38157K [0x0000000704e00000, 0x0000000800000000)
  region size 2048K, 2 young (4096K), 2 survivors (4096K)
 Metaspace       used 78801K, committed 79296K, reserved 1179648K
  class space    used 8504K, committed 8704K, reserved 1048576K
}
Event: 6.019 GC heap before
{Heap before GC invocations=23 (full 0):
 garbage-first heap   total reserved 4114432K, committed 69632K, used 50445K [0x0000000704e00000, 0x0000000800000000)
  region size 2048K, 8 young (16384K), 2 survivors (4096K)
 Metaspace       used 78801K, committed 79296K, reserved 1179648K
  class space    used 8504K, committed 8704K, reserved 1048576K
}
Event: 6.022 GC heap after
{Heap after GC invocations=24 (full 0):
 garbage-first heap   total reserved 4114432K, committed 69632K, used 37466K [0x0000000704e00000, 0x0000000800000000)
  region size 2048K, 1 young (2048K), 1 survivors (2048K)
 Metaspace       used 78801K, committed 79296K, reserved 1179648K
  class space    used 8504K, committed 8704K, reserved 1048576K
}
Event: 6.062 GC heap before
{Heap before GC invocations=24 (full 0):
 garbage-first heap   total reserved 4114432K, committed 69632K, used 59994K [0x0000000704e00000, 0x0000000800000000)
  region size 2048K, 12 young (24576K), 1 survivors (2048K)
 Metaspace       used 78801K, committed 79296K, reserved 1179648K
  class space    used 8504K, committed 8704K, reserved 1048576K
}
Event: 6.064 GC heap after
{Heap after GC invocations=25 (full 0):
 garbage-first heap   total reserved 4114432K, committed 131072K, used 37795K [0x0000000704e00000, 0x0000000800000000)
  region size 2048K, 1 young (2048K), 1 survivors (2048K)
 Metaspace       used 78801K, committed 79296K, reserved 1179648K
  class space    used 8504K, committed 8704K, reserved 1048576K
}
Event: 6.243 GC heap before
{Heap before GC invocations=26 (full 0):
 garbage-first heap   total reserved 4114432K, committed 131072K, used 113571K [0x0000000704e00000, 0x0000000800000000)
  region size 2048K, 38 young (77824K), 1 survivors (2048K)
 Metaspace       used 78803K, committed 79296K, reserved 1179648K
  class space    used 8504K, committed 8704K, reserved 1048576K
}
Event: 6.246 GC heap after
{Heap after GC invocations=27 (full 0):
 garbage-first heap   total reserved 4114432K, committed 131072K, used 42470K [0x0000000704e00000, 0x0000000800000000)
  region size 2048K, 3 young (6144K), 3 survivors (6144K)
 Metaspace       used 78803K, committed 79296K, reserved 1179648K
  class space    used 8504K, committed 8704K, reserved 1048576K
}
Event: 7.168 GC heap before
{Heap before GC invocations=27 (full 0):
 garbage-first heap   total reserved 4114432K, committed 131072K, used 103910K [0x0000000704e00000, 0x0000000800000000)
  region size 2048K, 33 young (67584K), 3 survivors (6144K)
 Metaspace       used 84431K, committed 84992K, reserved 1179648K
  class space    used 9196K, committed 9472K, reserved 1048576K
}
Event: 7.172 GC heap after
{Heap after GC invocations=28 (full 0):
 garbage-first heap   total reserved 4114432K, committed 131072K, used 41511K [0x0000000704e00000, 0x0000000800000000)
  region size 2048K, 3 young (6144K), 3 survivors (6144K)
 Metaspace       used 84431K, committed 84992K, reserved 1179648K
  class space    used 9196K, committed 9472K, reserved 1048576K
}
Event: 252.015 GC heap before
{Heap before GC invocations=28 (full 0):
 garbage-first heap   total reserved 4114432K, committed 131072K, used 102951K [0x0000000704e00000, 0x0000000800000000)
  region size 2048K, 34 young (69632K), 3 survivors (6144K)
 Metaspace       used 92098K, committed 92672K, reserved 1179648K
  class space    used 9975K, committed 10240K, reserved 1048576K
}
Event: 252.027 GC heap after
{Heap after GC invocations=29 (full 0):
 garbage-first heap   total reserved 4114432K, committed 131072K, used 43653K [0x0000000704e00000, 0x0000000800000000)
  region size 2048K, 4 young (8192K), 4 survivors (8192K)
 Metaspace       used 92098K, committed 92672K, reserved 1179648K
  class space    used 9975K, committed 10240K, reserved 1048576K
}
Event: 901.068 GC heap before
{Heap before GC invocations=29 (full 0):
 garbage-first heap   total reserved 4114432K, committed 131072K, used 109189K [0x0000000704e00000, 0x0000000800000000)
  region size 2048K, 36 young (73728K), 4 survivors (8192K)
 Metaspace       used 92861K, committed 93568K, reserved 1179648K
  class space    used 10016K, committed 10304K, reserved 1048576K
}
Event: 901.077 GC heap after
{Heap after GC invocations=30 (full 0):
 garbage-first heap   total reserved 4114432K, committed 131072K, used 44336K [0x0000000704e00000, 0x0000000800000000)
  region size 2048K, 2 young (4096K), 2 survivors (4096K)
 Metaspace       used 92861K, committed 93568K, reserved 1179648K
  class space    used 10016K, committed 10304K, reserved 1048576K
}
Event: 1861.917 GC heap before
{Heap before GC invocations=30 (full 0):
 garbage-first heap   total reserved 4114432K, committed 131072K, used 109872K [0x0000000704e00000, 0x0000000800000000)
  region size 2048K, 35 young (71680K), 2 survivors (4096K)
 Metaspace       used 93590K, committed 94272K, reserved 1179648K
  class space    used 10087K, committed 10368K, reserved 1048576K
}
Event: 1861.927 GC heap after
{Heap after GC invocations=31 (full 0):
 garbage-first heap   total reserved 4114432K, committed 131072K, used 44770K [0x0000000704e00000, 0x0000000800000000)
  region size 2048K, 2 young (4096K), 2 survivors (4096K)
 Metaspace       used 93590K, committed 94272K, reserved 1179648K
  class space    used 10087K, committed 10368K, reserved 1048576K
}
Event: 2795.746 GC heap before
{Heap before GC invocations=32 (full 0):
 garbage-first heap   total reserved 4114432K, committed 131072K, used 114402K [0x0000000704e00000, 0x0000000800000000)
  region size 2048K, 36 young (73728K), 2 survivors (4096K)
 Metaspace       used 93692K, committed 94400K, reserved 1179648K
  class space    used 10087K, committed 10368K, reserved 1048576K
}
Event: 2795.754 GC heap after
{Heap after GC invocations=33 (full 0):
 garbage-first heap   total reserved 4114432K, committed 131072K, used 44751K [0x0000000704e00000, 0x0000000800000000)
  region size 2048K, 2 young (4096K), 2 survivors (4096K)
 Metaspace       used 93692K, committed 94400K, reserved 1179648K
  class space    used 10087K, committed 10368K, reserved 1048576K
}
Event: 3506.071 GC heap before
{Heap before GC invocations=33 (full 0):
 garbage-first heap   total reserved 4114432K, committed 131072K, used 116431K [0x0000000704e00000, 0x0000000800000000)
  region size 2048K, 37 young (75776K), 2 survivors (4096K)
 Metaspace       used 94140K, committed 94784K, reserved 1179648K
  class space    used 10098K, committed 10368K, reserved 1048576K
}
Event: 3506.083 GC heap after
{Heap after GC invocations=34 (full 0):
 garbage-first heap   total reserved 4114432K, committed 131072K, used 43499K [0x0000000704e00000, 0x0000000800000000)
  region size 2048K, 2 young (4096K), 2 survivors (4096K)
 Metaspace       used 94140K, committed 94784K, reserved 1179648K
  class space    used 10098K, committed 10368K, reserved 1048576K
}

Dll operation events (13 events):
Event: 0.013 Loaded shared library C:\Program Files\Java\jdk-24\bin\java.dll
Event: 0.014 Loaded shared library C:\Program Files\Java\jdk-24\bin\zip.dll
Event: 0.034 Loaded shared library C:\Program Files\Java\jdk-24\bin\jsvml.dll
Event: 0.206 Loaded shared library C:\Program Files\Java\jdk-24\bin\instrument.dll
Event: 0.249 Loaded shared library C:\Program Files\Java\jdk-24\bin\net.dll
Event: 0.250 Loaded shared library C:\Program Files\Java\jdk-24\bin\nio.dll
Event: 0.255 Loaded shared library C:\Program Files\Java\jdk-24\bin\zip.dll
Event: 0.397 Loaded shared library C:\Program Files\Java\jdk-24\bin\jimage.dll
Event: 0.639 Loaded shared library C:\Program Files\Java\jdk-24\bin\management.dll
Event: 0.640 Loaded shared library C:\Program Files\Java\jdk-24\bin\management_ext.dll
Event: 1.359 Loaded shared library C:\Program Files\Java\jdk-24\bin\sunmscapi.dll
Event: 3.260 Loaded shared library C:\Program Files\Java\jdk-24\bin\verify.dll
Event: 3.498 Loaded shared library C:\Program Files\Java\jdk-24\bin\extnet.dll

Deoptimization events (20 events):
Event: 3912.828 Thread 0x0000021528d82a40 Uncommon trap: trap_request=0xffffffd6 fr.pc=0x00000214ccf509a8 relative=0x0000000000002228
Event: 3912.828 Thread 0x0000021528d82a40 Uncommon trap: reason=array_check action=maybe_recompile pc=0x00000214ccf509a8 method=java.util.concurrent.ScheduledThreadPoolExecutor$DelayedWorkQueue.siftDown(ILjava/util/concurrent/RunnableScheduledFuture;)V @ 93 c2
Event: 3912.829 Thread 0x0000021528d82a40 DEOPT PACKING pc=0x00000214ccf509a8 sp=0x000000dd255ff330
Event: 3912.829 Thread 0x0000021528d82a40 DEOPT UNPACKING pc=0x00000214cc298882 sp=0x000000dd255ff158 mode 2
Event: 3913.176 Thread 0x0000021528d838e0 Uncommon trap: trap_request=0xffffffd6 fr.pc=0x00000214ccf509a8 relative=0x0000000000002228
Event: 3913.176 Thread 0x0000021528d838e0 Uncommon trap: reason=array_check action=maybe_recompile pc=0x00000214ccf509a8 method=java.util.concurrent.ScheduledThreadPoolExecutor$DelayedWorkQueue.siftDown(ILjava/util/concurrent/RunnableScheduledFuture;)V @ 93 c2
Event: 3913.176 Thread 0x0000021528d838e0 DEOPT PACKING pc=0x00000214ccf509a8 sp=0x000000dd254ff3b0
Event: 3913.176 Thread 0x0000021528d838e0 DEOPT UNPACKING pc=0x00000214cc298882 sp=0x000000dd254ff1d8 mode 2
Event: 3914.799 Thread 0x0000021528d82a40 Uncommon trap: trap_request=0xffffffd6 fr.pc=0x00000214ccf509a8 relative=0x0000000000002228
Event: 3914.799 Thread 0x0000021528d82a40 Uncommon trap: reason=array_check action=maybe_recompile pc=0x00000214ccf509a8 method=java.util.concurrent.ScheduledThreadPoolExecutor$DelayedWorkQueue.siftDown(ILjava/util/concurrent/RunnableScheduledFuture;)V @ 93 c2
Event: 3914.799 Thread 0x0000021528d82a40 DEOPT PACKING pc=0x00000214ccf509a8 sp=0x000000dd255ff330
Event: 3914.799 Thread 0x0000021528d82a40 DEOPT UNPACKING pc=0x00000214cc298882 sp=0x000000dd255ff158 mode 2
Event: 3914.799 Thread 0x0000021528d82a40 Uncommon trap: trap_request=0xffffffbe fr.pc=0x00000214ccf4e114 relative=0x00000000000001f4
Event: 3914.799 Thread 0x0000021528d82a40 Uncommon trap: reason=profile_predicate action=maybe_recompile pc=0x00000214ccf4e114 method=java.util.HashMap.valuesToArray([Ljava/lang/Object;)[Ljava/lang/Object; @ 48 c2
Event: 3914.799 Thread 0x0000021528d82a40 DEOPT PACKING pc=0x00000214ccf4e114 sp=0x000000dd255feef0
Event: 3914.799 Thread 0x0000021528d82a40 DEOPT UNPACKING pc=0x00000214cc298882 sp=0x000000dd255fee78 mode 2
Event: 3914.799 Thread 0x0000021528d82a40 Uncommon trap: trap_request=0xffffffbe fr.pc=0x00000214ccf4e114 relative=0x00000000000001f4
Event: 3914.799 Thread 0x0000021528d82a40 Uncommon trap: reason=profile_predicate action=maybe_recompile pc=0x00000214ccf4e114 method=java.util.HashMap.valuesToArray([Ljava/lang/Object;)[Ljava/lang/Object; @ 48 c2
Event: 3914.799 Thread 0x0000021528d82a40 DEOPT PACKING pc=0x00000214ccf4e114 sp=0x000000dd255fee00
Event: 3914.799 Thread 0x0000021528d82a40 DEOPT UNPACKING pc=0x00000214cc298882 sp=0x000000dd255fed88 mode 2

Classes loaded (20 events):
Event: 1360.425 Loading class com/mysql/cj/interceptors/QueryInterceptor
Event: 1360.425 Loading class com/mysql/cj/interceptors/QueryInterceptor done
Event: 3067.409 Loading class org/springframework/web/method/annotation/ExceptionHandlerMethodResolver$ExceptionMapping
Event: 3067.409 Loading class org/springframework/web/method/annotation/ExceptionHandlerMethodResolver$ExceptionMapping done
Event: 3631.328 Loading class com/mysql/cj/protocol/a/BooleanValueEncoder$1
Event: 3631.328 Loading class com/mysql/cj/protocol/a/BooleanValueEncoder$1 done
Event: 3631.330 Loading class com/mysql/cj/util/TimeUtil
Event: 3631.330 Loading class com/mysql/cj/util/TimeUtil done
Event: 3631.335 Loading class com/mysql/cj/protocol/a/SqlTimestampValueEncoder$1
Event: 3631.335 Loading class com/mysql/cj/protocol/a/SqlTimestampValueEncoder$1 done
Event: 3631.340 Loading class org/hibernate/internal/util/MutableInteger
Event: 3631.340 Loading class org/hibernate/internal/util/MutableInteger done
Event: 3631.342 Loading class org/hibernate/metamodel/mapping/ModelPart$JdbcValueBiConsumer
Event: 3631.342 Loading class org/hibernate/metamodel/mapping/ModelPart$JdbcValueBiConsumer done
Event: 3631.342 Loading class org/hibernate/metamodel/mapping/SelectableMapping
Event: 3631.342 Loading class org/hibernate/metamodel/mapping/SelectableMapping done
Event: 3631.342 Loading class org/hibernate/engine/jdbc/mutation/JdbcValueBindings
Event: 3631.342 Loading class org/hibernate/engine/jdbc/mutation/JdbcValueBindings done
Event: 3631.342 Loading class org/hibernate/engine/jdbc/mutation/JdbcValueBindings
Event: 3631.342 Loading class org/hibernate/engine/jdbc/mutation/JdbcValueBindings done

Classes unloaded (0 events):
No events

Classes redefined (1 events):
Event: 0.228 Thread 0x00000214dc960690 redefined class name=java.lang.Throwable, count=1

Internal exceptions (20 events):
Event: 1786.289 Thread 0x000002152e058040 Exception <a 'java/io/IOException'{0x000000070932f668}> (0x000000070932f668) 
thrown [s\open\src\hotspot\share\prims\jni.cpp, line 518]
Event: 1786.290 Thread 0x000002152e058040 Exception <a 'java/io/IOException'{0x00000007093323e0}> (0x00000007093323e0) 
thrown [s\open\src\hotspot\share\prims\jni.cpp, line 518]
Event: 1786.291 Thread 0x000002152e058040 Exception <a 'java/io/IOException'{0x0000000709334d08}> (0x0000000709334d08) 
thrown [s\open\src\hotspot\share\prims\jni.cpp, line 518]
Event: 1799.764 Thread 0x000002152e05a4d0 Exception <a 'java/io/IOException'{0x000000070918c768}> (0x000000070918c768) 
thrown [s\open\src\hotspot\share\prims\jni.cpp, line 518]
Event: 1799.765 Thread 0x000002152e05a4d0 Exception <a 'java/io/IOException'{0x000000070918d470}> (0x000000070918d470) 
thrown [s\open\src\hotspot\share\prims\jni.cpp, line 518]
Event: 2779.759 Thread 0x000002152e058790 Exception <a 'java/io/IOException'{0x0000000708ab7478}> (0x0000000708ab7478) 
thrown [s\open\src\hotspot\share\prims\jni.cpp, line 518]
Event: 2779.759 Thread 0x000002152e058790 Exception <a 'java/io/IOException'{0x0000000708ab8458}> (0x0000000708ab8458) 
thrown [s\open\src\hotspot\share\prims\jni.cpp, line 518]
Event: 2936.542 Thread 0x000002152e058ee0 Exception <a 'java/io/IOException'{0x00000007120ece88}> (0x00000007120ece88) 
thrown [s\open\src\hotspot\share\prims\jni.cpp, line 518]
Event: 2936.543 Thread 0x000002152e058ee0 Exception <a 'java/io/IOException'{0x00000007120ede68}> (0x00000007120ede68) 
thrown [s\open\src\hotspot\share\prims\jni.cpp, line 518]
Event: 2972.009 Thread 0x000002152e05bac0 Exception <a 'java/io/IOException'{0x000000070c1df888}> (0x000000070c1df888) 
thrown [s\open\src\hotspot\share\prims\jni.cpp, line 518]
Event: 2972.009 Thread 0x000002152e05bac0 Exception <a 'java/io/IOException'{0x000000070c1e0590}> (0x000000070c1e0590) 
thrown [s\open\src\hotspot\share\prims\jni.cpp, line 518]
Event: 3118.578 Thread 0x000002152e058ee0 Exception <a 'java/io/IOException'{0x000000070b5e6a08}> (0x000000070b5e6a08) 
thrown [s\open\src\hotspot\share\prims\jni.cpp, line 518]
Event: 3118.578 Thread 0x000002152e058ee0 Exception <a 'java/io/IOException'{0x000000070b5e7710}> (0x000000070b5e7710) 
thrown [s\open\src\hotspot\share\prims\jni.cpp, line 518]
Event: 3121.659 Thread 0x000002152e058ee0 Exception <a 'java/io/IOException'{0x000000070b5e9a10}> (0x000000070b5e9a10) 
thrown [s\open\src\hotspot\share\prims\jni.cpp, line 518]
Event: 3121.660 Thread 0x000002152e058ee0 Exception <a 'java/io/IOException'{0x000000070b5ea6b8}> (0x000000070b5ea6b8) 
thrown [s\open\src\hotspot\share\prims\jni.cpp, line 518]
Event: 3333.422 Thread 0x000002152e058ee0 Exception <a 'java/io/IOException'{0x000000070a3d89c8}> (0x000000070a3d89c8) 
thrown [s\open\src\hotspot\share\prims\jni.cpp, line 518]
Event: 3440.528 Thread 0x000002152e058ee0 Exception <a 'java/net/SocketException'{0x00000007096ecea8}: Connection reset by peer: shutdown> (0x00000007096ecea8) 
thrown [s\open\src\hotspot\share\prims\jni.cpp, line 536]
Event: 3451.874 Thread 0x000002152d297440 Exception <a 'java/io/IOException'{0x0000000709401380}> (0x0000000709401380) 
thrown [s\open\src\hotspot\share\prims\jni.cpp, line 518]
Event: 3451.874 Thread 0x000002152d297440 Exception <a 'java/io/IOException'{0x0000000709402088}> (0x0000000709402088) 
thrown [s\open\src\hotspot\share\prims\jni.cpp, line 518]
Event: 3631.323 Thread 0x000002152dab1690 Exception <a 'java/lang/NoSuchMethodError'{0x00000007120843e8}: 'int java.lang.invoke.Invokers$Holder.invokeExact_MT(java.lang.Object, java.lang.Object, java.lang.Object)'> (0x00000007120843e8) 
thrown [s\open\src\hotspot\share\interpreter\linkResolver.cpp, line 805]

VM Operations (20 events):
Event: 3396.581 Executing VM operation: RendezvousGCThreads
Event: 3396.581 Executing VM operation: RendezvousGCThreads done
Event: 3456.675 Executing VM operation: HandshakeAllThreads (HandshakeForDeflation)
Event: 3456.675 Executing VM operation: HandshakeAllThreads (HandshakeForDeflation) done
Event: 3456.675 Executing VM operation: RendezvousGCThreads
Event: 3456.675 Executing VM operation: RendezvousGCThreads done
Event: 3506.071 Executing VM operation: G1CollectForAllocation (G1 Evacuation Pause)
Event: 3506.084 Executing VM operation: G1CollectForAllocation (G1 Evacuation Pause) done
Event: 3516.686 Executing VM operation: HandshakeAllThreads (HandshakeForDeflation)
Event: 3516.686 Executing VM operation: HandshakeAllThreads (HandshakeForDeflation) done
Event: 3516.686 Executing VM operation: RendezvousGCThreads
Event: 3516.686 Executing VM operation: RendezvousGCThreads done
Event: 3576.913 Executing VM operation: HandshakeAllThreads (HandshakeForDeflation)
Event: 3576.913 Executing VM operation: HandshakeAllThreads (HandshakeForDeflation) done
Event: 3576.913 Executing VM operation: RendezvousGCThreads
Event: 3576.913 Executing VM operation: RendezvousGCThreads done
Event: 3637.061 Executing VM operation: HandshakeAllThreads (HandshakeForDeflation)
Event: 3637.061 Executing VM operation: HandshakeAllThreads (HandshakeForDeflation) done
Event: 3637.061 Executing VM operation: RendezvousGCThreads
Event: 3637.061 Executing VM operation: RendezvousGCThreads done

Memory protections (0 events):
No events

Nmethod flushes (20 events):
Event: 1861.980 Thread 0x00000214dc960690 flushing  nmethod 0x00000214c5481f88
Event: 1861.980 Thread 0x00000214dc960690 flushing osr nmethod 0x00000214cc960088
Event: 1861.980 Thread 0x00000214dc960690 flushing  nmethod 0x00000214c5216408
Event: 1861.980 Thread 0x00000214dc960690 flushing  nmethod 0x00000214c5263a88
Event: 1861.980 Thread 0x00000214dc960690 flushing  nmethod 0x00000214c538b408
Event: 1861.980 Thread 0x00000214dc960690 flushing  nmethod 0x00000214c5460c88
Event: 1861.980 Thread 0x00000214dc960690 flushing  nmethod 0x00000214c59cba08
Event: 1861.980 Thread 0x00000214dc960690 flushing  nmethod 0x00000214c59cce88
Event: 1861.980 Thread 0x00000214dc960690 flushing  nmethod 0x00000214c4dc7c88
Event: 1861.980 Thread 0x00000214dc960690 flushing  nmethod 0x00000214c51e2808
Event: 1861.980 Thread 0x00000214dc960690 flushing  nmethod 0x00000214c585a988
Event: 1861.980 Thread 0x00000214dc960690 flushing  nmethod 0x00000214c585e988
Event: 1861.980 Thread 0x00000214dc960690 flushing  nmethod 0x00000214c5862308
Event: 1861.980 Thread 0x00000214dc960690 flushing  nmethod 0x00000214c5887e88
Event: 1861.980 Thread 0x00000214dc960690 flushing  nmethod 0x00000214c5889288
Event: 1861.980 Thread 0x00000214dc960690 flushing  nmethod 0x00000214c4d7e008
Event: 1861.980 Thread 0x00000214dc960690 flushing  nmethod 0x00000214c5478188
Event: 1861.980 Thread 0x00000214dc960690 flushing  nmethod 0x00000214c5769f08
Event: 1861.980 Thread 0x00000214dc960690 flushing  nmethod 0x00000214c571b088
Event: 1861.980 Thread 0x00000214dc960690 flushing  nmethod 0x00000214c57e7188

Events (20 events):
Event: 3456.880 Thread 0x000002152d297440 Thread exited: 0x000002152d297440
Event: 3456.937 Thread 0x000002152e058ee0 Thread exited: 0x000002152e058ee0
Event: 3458.289 Thread 0x00000214dc999c30 Thread added: 0x000002152a7b7ae0
Event: 3458.289 Thread 0x00000214dc999c30 Thread added: 0x000002152a7be4c0
Event: 3458.290 Thread 0x00000214dc999c30 Thread added: 0x000002152a7bec50
Event: 3458.302 Thread 0x000002152a7b7ae0 Thread added: 0x000002152a7bc680
Event: 3458.320 Thread 0x000002152a7bec50 Thread added: 0x000002152a7bd5a0
Event: 3458.746 Thread 0x000002152a7bd5a0 Thread exited: 0x000002152a7bd5a0
Event: 3458.747 Thread 0x000002152a7bc680 Thread exited: 0x000002152a7bc680
Event: 3463.756 Thread 0x000002152a7bec50 Thread exited: 0x000002152a7bec50
Event: 3463.756 Thread 0x000002152a7be4c0 Thread exited: 0x000002152a7be4c0
Event: 3468.768 Thread 0x000002152a7b7ae0 Thread exited: 0x000002152a7b7ae0
Event: 3495.749 Thread 0x00000214dc999c30 Thread added: 0x000002152a7bec50
Event: 3496.886 Thread 0x000002152a7bec50 Thread exited: 0x000002152a7bec50
Event: 3506.070 Thread 0x000002152c381090 Thread added: 0x000002152df071f0
Event: 3506.085 Thread 0x000002152df071f0 Thread added: 0x000002152df03ec0
Event: 3511.091 Thread 0x000002152df071f0 Thread exited: 0x000002152df071f0
Event: 3511.158 Thread 0x000002152df03ec0 Thread exited: 0x000002152df03ec0
Event: 3631.274 Thread 0x00000214dc999c30 Thread added: 0x000002152a7bec50
Event: 3636.356 Thread 0x000002152a7bec50 Thread exited: 0x000002152a7bec50


Dynamic libraries:
0x00007ff67f0c0000 - 0x00007ff67f0d0000 	C:\Program Files\Java\jdk-24\bin\java.exe
0x00007ffbd90a0000 - 0x00007ffbd9309000 	C:\WINDOWS\SYSTEM32\ntdll.dll
0x00007ffbd6f90000 - 0x00007ffbd7059000 	C:\WINDOWS\System32\KERNEL32.DLL
0x00007ffbd6860000 - 0x00007ffbd6c53000 	C:\WINDOWS\System32\KERNELBASE.dll
0x00007ffbd62d0000 - 0x00007ffbd641b000 	C:\WINDOWS\System32\ucrtbase.dll
0x00007ffbd3e20000 - 0x00007ffbd3e36000 	C:\Program Files\Java\jdk-24\bin\jli.dll
0x00007ffbd3d50000 - 0x00007ffbd3d6b000 	C:\Program Files\Java\jdk-24\bin\VCRUNTIME140.dll
0x00007ffbd7280000 - 0x00007ffbd7444000 	C:\WINDOWS\System32\USER32.dll
0x00007ffbbafc0000 - 0x00007ffbbb253000 	C:\WINDOWS\WinSxS\amd64_microsoft.windows.common-controls_6595b64144ccf1df_6.0.26100.5074_none_3e0d6f78e32fd63f\COMCTL32.dll
0x00007ffbd6d10000 - 0x00007ffbd6d37000 	C:\WINDOWS\System32\win32u.dll
0x00007ffbd7a70000 - 0x00007ffbd7b19000 	C:\WINDOWS\System32\msvcrt.dll
0x00007ffbd6f60000 - 0x00007ffbd6f8b000 	C:\WINDOWS\System32\GDI32.dll
0x00007ffbd6d40000 - 0x00007ffbd6e6d000 	C:\WINDOWS\System32\gdi32full.dll
0x00007ffbd6c60000 - 0x00007ffbd6d03000 	C:\WINDOWS\System32\msvcp_win.dll
0x00007ffbd8b80000 - 0x00007ffbd8baf000 	C:\WINDOWS\System32\IMM32.DLL
0x00007ffbd3e50000 - 0x00007ffbd3e5c000 	C:\Program Files\Java\jdk-24\bin\vcruntime140_1.dll
0x00007ffbd3350000 - 0x00007ffbd33de000 	C:\Program Files\Java\jdk-24\bin\msvcp140.dll
0x00007ffb7cea0000 - 0x00007ffb7dc42000 	C:\Program Files\Java\jdk-24\bin\server\jvm.dll
0x00007ffbd7450000 - 0x00007ffbd7504000 	C:\WINDOWS\System32\ADVAPI32.dll
0x00007ffbd7c20000 - 0x00007ffbd7cc6000 	C:\WINDOWS\System32\sechost.dll
0x00007ffbd8a60000 - 0x00007ffbd8b78000 	C:\WINDOWS\System32\RPCRT4.dll
0x00007ffbd7510000 - 0x00007ffbd7584000 	C:\WINDOWS\System32\WS2_32.dll
0x00007ffbd59c0000 - 0x00007ffbd5a1e000 	C:\WINDOWS\SYSTEM32\POWRPROF.dll
0x00007ffbcbe20000 - 0x00007ffbcbe2b000 	C:\WINDOWS\SYSTEM32\VERSION.dll
0x00007ffbcdea0000 - 0x00007ffbcded5000 	C:\WINDOWS\SYSTEM32\WINMM.dll
0x00007ffbd59a0000 - 0x00007ffbd59b4000 	C:\WINDOWS\SYSTEM32\UMPDC.dll
0x00007ffbd5010000 - 0x00007ffbd502b000 	C:\WINDOWS\SYSTEM32\kernel.appcore.dll
0x00007ffbd3e10000 - 0x00007ffbd3e1a000 	C:\Program Files\Java\jdk-24\bin\jimage.dll
0x00007ffbd3970000 - 0x00007ffbd3bb2000 	C:\WINDOWS\SYSTEM32\DBGHELP.DLL
0x00007ffbd8420000 - 0x00007ffbd879b000 	C:\WINDOWS\System32\combase.dll
0x00007ffbd8880000 - 0x00007ffbd8957000 	C:\WINDOWS\System32\OLEAUT32.dll
0x00007ffbb7cf0000 - 0x00007ffbb7d2d000 	C:\WINDOWS\SYSTEM32\dbgcore.DLL
0x00007ffbd6230000 - 0x00007ffbd62c9000 	C:\WINDOWS\System32\bcryptPrimitives.dll
0x00007ffbd2af0000 - 0x00007ffbd2b2c000 	C:\Program Files\Java\jdk-24\bin\jdwp.dll
0x00007ffbd3590000 - 0x00007ffbd359f000 	C:\Program Files\Java\jdk-24\bin\instrument.dll
0x00007ffbd3680000 - 0x00007ffbd369e000 	C:\Program Files\Java\jdk-24\bin\java.dll
0x00007ffbd7870000 - 0x00007ffbd7a08000 	C:\WINDOWS\System32\ole32.dll
0x00007ffbd7cd0000 - 0x00007ffbd841d000 	C:\WINDOWS\System32\SHELL32.dll
0x00007ffbd64b0000 - 0x00007ffbd661c000 	C:\WINDOWS\System32\wintypes.dll
0x00007ffb7b0e0000 - 0x00007ffb7b2f1000 	C:\Users\DKCOMP~1\AppData\Local\Temp\idea_libasyncProfiler_dll_temp_folder4\libasyncProfiler.dll
0x00007ffbd3200000 - 0x00007ffbd3217000 	C:\Program Files\Java\jdk-24\bin\zip.dll
0x00007ffbd3e60000 - 0x00007ffbd46b9000 	C:\WINDOWS\SYSTEM32\windows.storage.dll
0x00007ffbd7590000 - 0x00007ffbd7680000 	C:\WINDOWS\System32\SHCORE.dll
0x00007ffbd89e0000 - 0x00007ffbd8a42000 	C:\WINDOWS\System32\shlwapi.dll
0x00007ffbd6150000 - 0x00007ffbd6179000 	C:\WINDOWS\SYSTEM32\profapi.dll
0x00007ffbd2960000 - 0x00007ffbd2a37000 	C:\Program Files\Java\jdk-24\bin\jsvml.dll
0x00007ffbd3320000 - 0x00007ffbd332c000 	C:\Program Files\Java\jdk-24\bin\dt_socket.dll
0x00007ffbd4a40000 - 0x00007ffbd4a74000 	C:\WINDOWS\SYSTEM32\IPHLPAPI.DLL
0x00007ffbd5590000 - 0x00007ffbd55fb000 	C:\WINDOWS\system32\mswsock.dll
0x00007ffbd35a0000 - 0x00007ffbd35b0000 	C:\Program Files\Java\jdk-24\bin\net.dll
0x00007ffbd3330000 - 0x00007ffbd3346000 	C:\Program Files\Java\jdk-24\bin\nio.dll
0x00007ffbd30c0000 - 0x00007ffbd30ca000 	C:\Program Files\Java\jdk-24\bin\management.dll
0x00007ffbd3060000 - 0x00007ffbd306b000 	C:\Program Files\Java\jdk-24\bin\management_ext.dll
0x00007ffbd8a50000 - 0x00007ffbd8a58000 	C:\WINDOWS\System32\PSAPI.DLL
0x00007ffbd3240000 - 0x00007ffbd324e000 	C:\Program Files\Java\jdk-24\bin\sunmscapi.dll
0x00007ffbd6620000 - 0x00007ffbd6797000 	C:\WINDOWS\System32\CRYPT32.dll
0x00007ffbd5b70000 - 0x00007ffbd5ba0000 	C:\WINDOWS\SYSTEM32\ncrypt.dll
0x00007ffbd5b20000 - 0x00007ffbd5b5f000 	C:\WINDOWS\SYSTEM32\NTASN1.dll
0x00007ffbd58a0000 - 0x00007ffbd58bb000 	C:\WINDOWS\SYSTEM32\CRYPTSP.dll
0x00007ffbd4f70000 - 0x00007ffbd4fab000 	C:\WINDOWS\system32\rsaenh.dll
0x00007ffbd56a0000 - 0x00007ffbd56cb000 	C:\WINDOWS\SYSTEM32\USERENV.dll
0x00007ffbd6120000 - 0x00007ffbd6146000 	C:\WINDOWS\SYSTEM32\bcrypt.dll
0x00007ffbd58c0000 - 0x00007ffbd58cc000 	C:\WINDOWS\SYSTEM32\CRYPTBASE.dll
0x00007ffbd87f0000 - 0x00007ffbd87fa000 	C:\WINDOWS\System32\NSI.dll
0x00007ffbd3050000 - 0x00007ffbd3060000 	C:\Program Files\Java\jdk-24\bin\verify.dll
0x00007ffbd4ae0000 - 0x00007ffbd4c06000 	C:\WINDOWS\SYSTEM32\DNSAPI.dll
0x00007ffbcd120000 - 0x00007ffbcd12b000 	C:\Windows\System32\rasadhlp.dll
0x00007ffbce240000 - 0x00007ffbce2c6000 	C:\WINDOWS\System32\fwpuclnt.dll
0x00007ffbd30d0000 - 0x00007ffbd30d9000 	C:\Program Files\Java\jdk-24\bin\extnet.dll
0x00007ffba8650000 - 0x00007ffba8658000 	C:\WINDOWS\system32\wshunix.dll

JVMTI agents:
jdwp path:C:\Program Files\Java\jdk-24\bin\jdwp.dll, loaded, initialized, options:transport=dt_socket,address=127.0.0.1:13207,suspend=y,server=n
C:\Users\DKCOMP~1\AppData\Local\Temp\captureAgent5jars\debugger-agent.jar path:C:\Program Files\Java\jdk-24\bin\instrument.dll, loaded, initialized, instrumentlib options:file:///C:/Users/DKCOMP~1/AppData/Local/Temp/capture14174593362205214085.props
C:\Users\DKCOMP~1\AppData\Local\Temp\idea_libasyncProfiler_dll_temp_folder4\libasyncProfiler.dll path:C:\Users\DKCOMP~1\AppData\Local\Temp\idea_libasyncProfiler_dll_temp_folder4\libasyncProfiler.dll, loaded, initialized, options:version,jfr,event=wall,interval=10ms,cstack=no,file=C:\Users\DK COMPUTRONIX\IdeaSnapshots\OnlineFoodDeliveryApplication_2025_09_27_124516.jfr,dbghelppath=C:\Users\DKCOMP~1\AppData\Local\Temp\idea_dbghelp_dll_temp_folder\dbghelp.dll,log=C:\Users\DKCOMP~1\AppData\Local\Temp\OnlineFoodDeliveryApplication_2025_09_27_124516.jfr.log.txt,logLevel=DEBUG

dbghelp: loaded successfully - version: 4.0.5 - missing functions: none
symbol engine: initialized successfully - sym options: 0x614 - pdb path: .;C:\Program Files\Java\jdk-24\bin;C:\WINDOWS\SYSTEM32;C:\WINDOWS\WinSxS\amd64_microsoft.windows.common-controls_6595b64144ccf1df_6.0.26100.5074_none_3e0d6f78e32fd63f;C:\Program Files\Java\jdk-24\bin\server;C:\Users\DKCOMP~1\AppData\Local\Temp\idea_libasyncProfiler_dll_temp_folder4

VM Arguments:
jvm_args: -agentlib:jdwp=transport=dt_socket,address=127.0.0.1:13207,suspend=y,server=n -javaagent:C:\Users\DKCOMP~1\AppData\Local\Temp\captureAgent5jars\debugger-agent.jar=file:///C:/Users/DKCOMP~1/AppData/Local/Temp/capture14174593362205214085.props -agentpath:C:\Users\DKCOMP~1\AppData\Local\Temp\idea_libasyncProfiler_dll_temp_folder4\libasyncProfiler.dll=version,jfr,event=wall,interval=10ms,cstack=no,file=C:\Users\DK COMPUTRONIX\IdeaSnapshots\OnlineFoodDeliveryApplication_2025_09_27_124516.jfr,dbghelppath=C:\Users\DKCOMP~1\AppData\Local\Temp\idea_dbghelp_dll_temp_folder\dbghelp.dll,log=C:\Users\DKCOMP~1\AppData\Local\Temp\OnlineFoodDeliveryApplication_2025_09_27_124516.jfr.log.txt,logLevel=DEBUG -Dkotlinx.coroutines.debug.enable.creation.stack.trace=false -Ddebugger.agent.enable.coroutines=true -Dkotlinx.coroutines.debug.enable.flows.stack.trace=true -Dkotlinx.coroutines.debug.enable.mutable.state.flows.stack.trace=true -Dfile.encoding=UTF-8 -Dsun.stdout.encoding=UTF-8 -Dsun.stderr.encoding=UTF-8 
java_command: com.sachein.OnlineFoodDeliveryApplication
java_class_path (initial): D:\Project\online-food-delivery\target\classes;C:\Users\DK COMPUTRONIX\.m2\repository\org\springframework\boot\spring-boot-starter-data-jpa\3.5.5\spring-boot-starter-data-jpa-3.5.5.jar;C:\Users\DK COMPUTRONIX\.m2\repository\org\springframework\boot\spring-boot-starter\3.5.5\spring-boot-starter-3.5.5.jar;C:\Users\DK COMPUTRONIX\.m2\repository\org\springframework\boot\spring-boot-starter-logging\3.5.5\spring-boot-starter-logging-3.5.5.jar;C:\Users\DK COMPUTRONIX\.m2\repository\ch\qos\logback\logback-classic\1.5.18\logback-classic-1.5.18.jar;C:\Users\DK COMPUTRONIX\.m2\repository\ch\qos\logback\logback-core\1.5.18\logback-core-1.5.18.jar;C:\Users\DK COMPUTRONIX\.m2\repository\org\apache\logging\log4j\log4j-to-slf4j\2.24.3\log4j-to-slf4j-2.24.3.jar;C:\Users\DK COMPUTRONIX\.m2\repository\org\apache\logging\log4j\log4j-api\2.24.3\log4j-api-2.24.3.jar;C:\Users\DK COMPUTRONIX\.m2\repository\org\slf4j\jul-to-slf4j\2.0.17\jul-to-slf4j-2.0.17.jar;C:\Users\DK COMPUTRONIX\.m2\repository\jakarta\annotation\jakarta.annotation-api\2.1.1\jakarta.annotation-api-2.1.1.jar;C:\Users\DK COMPUTRONIX\.m2\repository\org\yaml\snakeyaml\2.4\snakeyaml-2.4.jar;C:\Users\DK COMPUTRONIX\.m2\repository\org\springframework\boot\spring-boot-starter-jdbc\3.5.5\spring-boot-starter-jdbc-3.5.5.jar;C:\Users\DK COMPUTRONIX\.m2\repository\com\zaxxer\HikariCP\6.3.2\HikariCP-6.3.2.jar;C:\Users\DK COMPUTRONIX\.m2\repository\org\springframework\spring-jdbc\6.2.10\spring-jdbc-6.2.10.jar;C:\Users\DK COMPUTRONIX\.m2\repository\org\hibernate\orm\hibernate-core\6.6.26.Final\hibernate-core-6.6.26.Final.jar;C:\Users\DK COMPUTRONIX\.m2\repository\jakarta\persistence\jakarta.persistence-api\3.1.0\jakarta.persistence-api-3.1.0.jar;C:\Users\DK COMPUTRONIX\.m2\repository\jakarta\transaction\jakarta.transaction-api\2.0.1\jakarta.transaction-api-2.0.1.jar;C:\Users\DK COMPUTRONIX\.m2\repository\org\jboss\logging\jboss-logging\3.6.1.Final\jboss-logging-3.6.1.Final.jar;C:\Users\DK COMPUTRONIX\.m2\repository\org\hibernate\common\hibernate-commons-annotations\7.0.3.Final\hibernate-commons-annotations-7.0.3.Final.jar;C:\Users\DK COMPUTRONIX\.m2\repository\io\smallrye\jandex\3.2.0\jandex-3.2.0.jar;C:\Users\DK COMPUTRONIX\.m2\repository\com\fasterxml\classmate\1.7.0\classmate-1.7.0.jar;C:\Users\DK COMPUTRONIX\.m2\repository\net\bytebuddy\byte-buddy\1.17.7\byte-buddy-1.17.7.jar;C:\Users\DK COMPUTRONIX\.m2\repository\org\glassfish\jaxb\jaxb-runtime\4.0.5\jaxb-runtime-4.0.5.jar;C:\Users\DK COMPUTRONIX\.m2\repository\org\glassfish\jaxb\jaxb-core\4.0.5\jaxb-core-4.0.5.jar;C:\Users\DK COMPUTRONIX\.m2\repository\org\eclipse\angus\angus-activation\2.0.2\angus-activation-2.0.2.jar;C:\Users\DK COMPUTRONIX\.m2\repository\org\glassfish\jaxb\txw2\4.0.5\txw2-4.0.5.jar;C:\Users\DK COMPUTRONIX\.m2\repository\com\sun\istack\istack-commons-runtime\4.1.2\istack-commons-runtime-4.1.2.jar;C:\Users\DK COMPUTRONIX\.m2\repository\jakarta\inject\jakarta.inject-api\2.0.1\jakarta.inject-api-2.0.1.jar;C:\Users\DK COMPUTRONIX\.m2\repository\org\antlr\antlr4-runtime\4.13.0\antlr4-runtime-4.13.0.jar;C:\Users\DK COMPUTRONIX\.m2\repository\org\springframework\data\spring-data-jpa\3.5.3\spring-data-jpa-3.5.3.jar;C:\Users\DK COMPUTRONIX\.m2\repository\org\springframework\data\spring-data-commons\3.5.3\spring-data-commons-3.5.3.jar;C:\Users\DK COMPUTRONIX\.m2\repository\org\springframework\spring-orm\6.2.10\spring-orm-6.2.10.jar;C:\Users\DK COMPUTRONIX\.m2\repository\org\springframework\spring-context\6.2.10\spring-context-6.2.10.jar;C:\Users\DK COMPUTRONIX\.m2\repository\org\springframework\spring-tx\6.2.10\spring-tx-6.2.10.jar;C:\Users\DK COMPUTRONIX\.m2\repository\org\springframework\spring-beans\6.2.10\spring-beans-6.2.10.jar;C:\Users\DK COMPUTRONIX\.m2\repository\org\slf4j\slf4j-api\2.0.17\slf4j-api-2.0.17.jar;C:\Users\DK COMPUTRONIX\.m2\repository\org\springframework\spring-aspects\6.2.10\spring-aspects-6.2.10.jar;C:\Users\DK COMPUTRONIX\.m2\repository\org\aspectj\aspectjweaver\1.9.24\aspectjweaver-1.9.24.jar;C:\Users\DK COMPUTRONIX\.m2\repository\org\springframework\boot\spring-boot-starter-security\3.5.5\spring-boot-starter-security-3.5.5.jar;C:\Users\DK COMPUTRONIX\.m2\repository\org\springframework\spring-aop\6.2.10\spring-aop-6.2.10.jar;C:\Users\DK COMPUTRONIX\.m2\repository\org\springframework\security\spring-security-config\6.5.3\spring-security-config-6.5.3.jar;C:\Users\DK COMPUTRONIX\.m2\repository\org\springframework\security\spring-security-web\6.5.3\spring-security-web-6.5.3.jar;C:\Users\DK COMPUTRONIX\.m2\repository\org\springframework\spring-expression\6.2.10\spring-expression-6.2.10.jar;C:\Users\DK COMPUTRONIX\.m2\repository\org\springframework\boot\spring-boot-starter-web\3.5.5\spring-boot-starter-web-3.5.5.jar;C:\Users\DK COMPUTRONIX\.m2\repository\org\springframework\boot\spring-boot-starter-json\3.5.5\spring-boot-starter-json-3.5.5.jar;C:\Users\DK COMPUTRONIX\.m2\repository\com\fasterxml\jackson\datatype\jackson-datatype-jdk8\2.19.2\jackson-datatype-jdk8-2.19.2.jar;C:\Users\DK COMPUTRONIX\.m2\repository\com\fasterxml\jackson\datatype\jackson-datatype-jsr310\2.19.2\jackson-datatype-jsr310-2.19.2.jar;C:\Users\DK COMPUTRONIX\.m2\repository\com\fasterxml\jackson\module\jackson-module-parameter-names\2.19.2\jackson-module-parameter-names-2.19.2.jar;C:\Users\DK COMPUTRONIX\.m2\repository\org\springframework\boot\spring-boot-starter-tomcat\3.5.5\spring-boot-starter-tomcat-3.5.5.jar;C:\Users\DK COMPUTRONIX\.m2\repository\org\apache\tomcat\embed\tomcat-embed-core\10.1.44\tomcat-embed-core-10.1.44.jar;C:\Users\DK COMPUTRONIX\.m2\repository\org\apache\tomcat\embed\tomcat-embed-el\10.1.44\tomcat-embed-el-10.1.44.jar;C:\Users\DK COMPUTRONIX\.m2\repository\org\apache\tomcat\embed\tomcat-embed-websocket\10.1.44\tomcat-embed-websocket-10.1.44.jar;C:\Users\DK COMPUTRONIX\.m2\repository\org\springframework\spring-web\6.2.10\spring-web-6.2.10.jar;C:\Users\DK COMPUTRONIX\.m2\repository\io\micrometer\micrometer-observation\1.15.3\micrometer-observation-1.15.3.jar;C:\Users\DK COMPUTRONIX\.m2\repository\io\micrometer\micrometer-commons\1.15.3\micrometer-commons-1.15.3.jar;C:\Users\DK COMPUTRONIX\.m2\repository\org\springframework\spring-webmvc\6.2.10\spring-webmvc-6.2.10.jar;C:\Users\DK COMPUTRONIX\.m2\repository\org\springframework\boot\spring-boot-devtools\3.5.5\spring-boot-devtools-3.5.5.jar;C:\Users\DK COMPUTRONIX\.m2\repository\org\springframework\boot\spring-boot\3.5.5\spring-boot-3.5.5.jar;C:\Users\DK COMPUTRONIX\.m2\repository\org\springframework\boot\spring-boot-autoconfigure\3.5.5\spring-boot-autoconfigure-3.5.5.jar;C:\Users\DK COMPUTRONIX\.m2\repository\com\mysql\mysql-connector-j\9.4.0\mysql-connector-j-9.4.0.jar;C:\Users\DK COMPUTRONIX\.m2\repository\org\projectlombok\lombok\1.18.38\lombok-1.18.38.jar;C:\Users\DK COMPUTRONIX\.m2\repository\jakarta\xml\bind\jakarta.xml.bind-api\4.0.2\jakarta.xml.bind-api-4.0.2.jar;C:\Users\DK COMPUTRONIX\.m2\repository\jakarta\activation\jakarta.activation-api\2.1.3\jakarta.activation-api-2.1.3.jar;C:\Users\DK COMPUTRONIX\.m2\repository\org\springframework\spring-core\6.2.10\spring-core-6.2.10.jar;C:\Users\DK COMPUTRONIX\.m2\repository\org\springframework\spring-jcl\6.2.10\spring-jcl-6.2.10.jar;C:\Users\DK COMPUTRONIX\.m2\repository\org\springframework\security\spring-security-core\6.5.3\spring-security-core-6.5.3.jar;C:\Users\DK COMPUTRONIX\.m2\repository\org\springframework\security\spring-security-crypto\6.5.3\spring-security-crypto-6.5.3.jar;C:\Users\DK COMPUTRONIX\.m2\repository\io\jsonwebtoken\jjwt-api\0.11.1\jjwt-api-0.11.1.jar;C:\Users\DK COMPUTRONIX\.m2\repository\io\jsonwebtoken\jjwt-impl\0.11.1\jjwt-impl-0.11.1.jar;C:\Users\DK COMPUTRONIX\.m2\repository\io\jsonwebtoken\jjwt-jackson\0.11.1\jjwt-jackson-0.11.1.jar;C:\Users\DK COMPUTRONIX\.m2\repository\com\fasterxml\jackson\core\jackson-databind\2.19.2\jackson-databind-2.19.2.jar;C:\Users\DK COMPUTRONIX\.m2\repository\com\fasterxml\jackson\core\jackson-annotations\2.19.2\jackson-annotations-2.19.2.jar;C:\Users\DK COMPUTRONIX\.m2\repository\com\fasterxml\jackson\core\jackson-core\2.19.2\jackson-core-2.19.2.jar;C:\Users\DK COMPUTRONIX\.m2\repository\com\stripe\stripe-java\20.62.0\stripe-java-20.62.0.jar;C:\Users\DK COMPUTRONIX\.m2\repository\com\google\code\gson\gson\2.13.1\gson-2.13.1.jar;C:\Users\DK COMPUTRONIX\.m2\repository\com\google\errorprone\error_prone_annotations\2.38.0\error_prone_annotations-2.38.0.jar;C:\Program Files\JetBrains\IntelliJ IDEA 2025.2\lib\idea_rt.jar
Launcher Type: SUN_STANDARD

[Global flags]
     intx CICompilerCount                          = 12                                        {product} {ergonomic}
     uint ConcGCThreads                            = 3                                         {product} {ergonomic}
     uint G1ConcRefinementThreads                  = 13                                        {product} {ergonomic}
   size_t G1HeapRegionSize                         = 2097152                                   {product} {ergonomic}
   size_t InitialHeapSize                          = 264241152                                 {product} {ergonomic}
   size_t MarkStackSize                            = 4194304                                   {product} {ergonomic}
   size_t MarkStackSizeMax                         = 536870912                                 {product} {ergonomic}
   size_t MaxHeapSize                              = 4213178368                                {product} {ergonomic}
   size_t MaxNewSize                               = 2527068160                                {product} {ergonomic}
   size_t MinHeapDeltaBytes                        = 2097152                                   {product} {ergonomic}
   size_t MinHeapSize                              = 8388608                                   {product} {ergonomic}
    uintx NonNMethodCodeHeapSize                   = 7602176                                {pd product} {ergonomic}
    uintx NonProfiledCodeHeapSize                  = 122093568                              {pd product} {ergonomic}
    uintx ProfiledCodeHeapSize                     = 121962496                              {pd product} {ergonomic}
    uintx ReservedCodeCacheSize                    = 251658240                              {pd product} {ergonomic}
     bool SegmentedCodeCache                       = true                                      {product} {ergonomic}
   size_t SoftMaxHeapSize                          = 4213178368                             {manageable} {ergonomic}
     bool UseCompressedOops                        = true                           {product lp64_product} {ergonomic}
     bool UseG1GC                                  = true                                      {product} {ergonomic}
     bool UseLargePagesIndividualAllocation        = false                                  {pd product} {ergonomic}

Logging:
Log output configuration:
 #0: stdout all=warning uptime,level,tags foldmultilines=false
 #1: stderr all=off uptime,level,tags foldmultilines=false

Environment Variables:
PATH=C:\Python313\Scripts\;C:\Python313\;C:\Program Files\Common Files\Oracle\Java\javapath;C:\Program Files (x86)\Common Files\Oracle\Java\java8path;C:\Program Files (x86)\Common Files\Oracle\Java\javapath;C:\Users\DK COMPUTRONIX\New folder\Scripts\;C:\Users\DK COMPUTRONIX\New folder\;C:\WINDOWS\system32;C:\WINDOWS;C:\WINDOWS\System32\Wbem;C:\WINDOWS\System32\WindowsPowerShell\v1.0\;C:\WINDOWS\System32\OpenSSH\;C:\Program Files (x86)\NVIDIA Corporation\PhysX\Common;C:\Program Files (x86)\Microsoft SQL Server\160\Tools\Binn\;C:\Program Files\Microsoft SQL Server\160\Tools\Binn\;C:\Program Files\Microsoft SQL Server\Client SDK\ODBC\170\Tools\Binn\;C:\Program Files\Microsoft SQL Server\160\DTS\Binn\;C:\Program Files (x86)\Microsoft SQL Server\100\Tools\Binn\;C:\Program Files (x86)\Microsoft SQL Server\100\DTS\Binn\;C:\Program Files (x86)\Microsoft SQL Server\100\Tools\Binn\VSShell\Common7\IDE\;C:\Program Files\NVIDIA Corporation\NVIDIA app\NvDLISR;C:\Users\DK COMPUTRONIX\AppData\Local\Programs\Python\Python313;C:\Users\DK COMPUTRONIX\AppData\Local\Programs\Python\Python313;C:\Users\DK COMPUTRONIX\AppData\Local\Programs\Python\Python312;C:\Program Files\Git\cmd;C:\Program Files\nodejs;C:\Users\DK COMPUTRONIX\npm;C:\Program Files (x86)\Windows Kits\10\Windows Performance Toolkit\;C:\ProgramData\chocolatey\bin;C:\Program Files\nodejs\;C:\Users\DK COMPUTRONIX\Downloads\maven-mvnd-1.0.2-windows-amd64\maven-mvnd-1.0.2-windows-amd64\bin;C:\Program Files\MySQL\MySQL Shell 8.0\bin\;C:\Users\DK COMPUTRONIX\AppData\Local\Programs\Python\Launcher\;C:\Users\DK COMPUTRONIX\AppData\Local\Microsoft\WindowsApps;D:\PyCharm Community Edition 2019.2.6\bin;C:\Users\DK COMPUTRONIX\AppData\Local\JetBrains\Toolbox\scripts;C:\Program Files\JetBrains\PyCharm Community Edition 2025.1.3.1\bin;;C:\Users\DK COMPUTRONIX\AppData\Local\Microsoft\WindowsApps;C:\Users\DK COMPUTRONIX\AppData\Local\GitHubDesktop\bin;C:\Program Files\JetBrains\IntelliJ IDEA 2025.2\bin;C:\Users\DK COMPUTRONIX\AppData\Local\Programs\Microsoft VS Code\bin;C:\Program Files\nodejs;C:\Users\DK COMPUTRONIX\AppData\Roaming\npm
USERNAME=DK COMPUTRONIX
OS=Windows_NT
PROCESSOR_IDENTIFIER=Intel64 Family 6 Model 154 Stepping 3, GenuineIntel
TMP=C:\Users\DKCOMP~1\AppData\Local\Temp
TEMP=C:\Users\DKCOMP~1\AppData\Local\Temp




Periodic native trim disabled

---------------  S Y S T E M  ---------------

OS:
 Windows 11 , 64 bit Build 26100 (10.0.26100.5074)
OS uptime: 21 days 22:09 hours
Hyper-V role detected

CPU: total 16 (initial active 16) (8 cores per cpu, 2 threads per core) family 6 model 154 stepping 3 microcode 0x437, cx8, cmov, fxsr, ht, mmx, 3dnowpref, sse, sse2, sse3, ssse3, sse4.1, sse4.2, popcnt, lzcnt, tsc, tscinvbit, avx, avx2, aes, erms, clmul, bmi1, bmi2, adx, sha, fma, vzeroupper, clflush, clflushopt, clwb, hv, serialize, rdtscp, rdpid, fsrm, gfni, f16c, cet_ibt, cet_ss
Processor Information for processor 0
  Max Mhz: 2500, Current Mhz: 2500, Mhz Limit: 2500
Processor Information for processor 1
  Max Mhz: 2500, Current Mhz: 1532, Mhz Limit: 2500
Processor Information for processor 2
  Max Mhz: 2500, Current Mhz: 2500, Mhz Limit: 2500
Processor Information for processor 3
  Max Mhz: 2500, Current Mhz: 2500, Mhz Limit: 2500
Processor Information for processor 4
  Max Mhz: 2500, Current Mhz: 2500, Mhz Limit: 2500
Processor Information for processor 5
  Max Mhz: 2500, Current Mhz: 2500, Mhz Limit: 2500
Processor Information for processor 6
  Max Mhz: 2500, Current Mhz: 1532, Mhz Limit: 2500
Processor Information for processor 7
  Max Mhz: 2500, Current Mhz: 2500, Mhz Limit: 2500
Processor Information for processor 8
  Max Mhz: 2500, Current Mhz: 1527, Mhz Limit: 2500
Processor Information for processor 9
  Max Mhz: 2500, Current Mhz: 1527, Mhz Limit: 2500
Processor Information for processor 10
  Max Mhz: 2500, Current Mhz: 1527, Mhz Limit: 2500
Processor Information for processor 11
  Max Mhz: 2500, Current Mhz: 1527, Mhz Limit: 2500
Processor Information for processor 12
  Max Mhz: 2500, Current Mhz: 1527, Mhz Limit: 2500
Processor Information for processor 13
  Max Mhz: 2500, Current Mhz: 1527, Mhz Limit: 2500
Processor Information for processor 14
  Max Mhz: 2500, Current Mhz: 2500, Mhz Limit: 2500
Processor Information for processor 15
  Max Mhz: 2500, Current Mhz: 2500, Mhz Limit: 2500

Memory: 4k page, system-wide physical 16068M (1883M free)
TotalPageFile size 20164M (AvailPageFile size 131M)
current process WorkingSet (physical memory assigned to process): 288M, peak: 511M
current process commit charge ("private bytes"): 498M, peak: 573M

vm_info: Java HotSpot(TM) 64-Bit Server VM (24.0.1+9-30) for windows-amd64 JRE (24.0.1+9-30), built on 2025-03-05T07:23:45Z with MS VC++ 17.6 (VS2022)

END.
