#
# There is insufficient memory for the Java Runtime Environment to continue.
# Native memory allocation (mmap) failed to map 264241152 bytes. Error detail: G1 virtual space
# Possible reasons:
#   The system is out of physical RAM or swap space
#   This process is running with CompressedOops enabled, and the Java Heap may be blocking the growth of the native heap
# Possible solutions:
#   Reduce memory load on the system
#   Increase physical memory or swap space
#   Check if swap backing store is full
#   Decrease Java heap size (-Xmx/-Xms)
#   Decrease number of Java threads
#   Decrease Java thread stack sizes (-Xss)
#   Set larger code cache with -XX:ReservedCodeCacheSize=
#   JVM is running with Zero Based Compressed Oops mode in which the Java heap is
#     placed in the first 32GB address space. The Java Heap base address is the
#     maximum limit for the native heap growth. Please use -XX:HeapBaseMinAddress
#     to set the Java Heap base and to place the Java Heap above 32GB virtual address.
# This output file may be truncated or incomplete.
#
#  Out of Memory Error (os_windows.cpp:3564), pid=9060, tid=13820
#
# JRE version:  (24.0.1+9) (build )
# Java VM: Java HotSpot(TM) 64-Bit Server VM (24.0.1+9-30, mixed mode, sharing, tiered, compressed oops, compressed class ptrs, g1 gc, windows-amd64)
# No core dump will be written. Minidumps are not enabled by default on client versions of Windows
#

---------------  S U M M A R Y ------------

Command Line: -agentlib:jdwp=transport=dt_socket,address=127.0.0.1:10229,suspend=y,server=n -javaagent:C:\Users\DKCOMP~1\AppData\Local\Temp\captureAgent11jars\debugger-agent.jar=file:///C:/Users/DKCOMP~1/AppData/Local/Temp/capture11312547435861336478.props -agentpath:C:\Users\DKCOMP~1\AppData\Local\Temp\idea_libasyncProfiler_dll_temp_folder4\libasyncProfiler.dll=version,jfr,event=wall,interval=10ms,cstack=no,file=C:\Users\DK COMPUTRONIX\IdeaSnapshots\OnlineFoodDeliveryApplication_2025_09_22_152347.jfr,dbghelppath=C:\Users\DKCOMP~1\AppData\Local\Temp\idea_dbghelp_dll_temp_folder\dbghelp.dll,log=C:\Users\DKCOMP~1\AppData\Local\Temp\OnlineFoodDeliveryApplication_2025_09_22_152347.jfr.log.txt,logLevel=DEBUG -Dkotlinx.coroutines.debug.enable.creation.stack.trace=false -Ddebugger.agent.enable.coroutines=true -Dkotlinx.coroutines.debug.enable.flows.stack.trace=true -Dkotlinx.coroutines.debug.enable.mutable.state.flows.stack.trace=true -Dfile.encoding=UTF-8 -Dsun.stdout.encoding=UTF-8 -Dsun.stderr.encoding=UTF-8 com.sachein.OnlineFoodDeliveryApplication

Host: 12th Gen Intel(R) Core(TM) i5-12500H, 16 cores, 15G,  Windows 11 , 64 bit Build 26100 (10.0.26100.5074)
Time: Mon Sep 22 15:23:48 2025 India Standard Time elapsed time: 1.053608 seconds (0d 0h 0m 1s)

---------------  T H R E A D  ---------------

Current thread (0x0000025365cce4b0):  JavaThread "Unknown thread" [_thread_in_vm, id=13820, stack(0x000000f85e900000,0x000000f85ea00000) (1024K)]

Stack: [0x000000f85e900000,0x000000f85ea00000]
Native frames: (J=compiled Java code, j=interpreted, Vv=VM code, C=native code)
V  [jvm.dll+0x730739]  (no source info available)
V  [jvm.dll+0x8d9b23]  (no source info available)
V  [jvm.dll+0x8dc00d]  (no source info available)
V  [jvm.dll+0x8dc683]  (no source info available)
V  [jvm.dll+0x2aa086]  (no source info available)
V  [jvm.dll+0x72cc65]  (no source info available)
V  [jvm.dll+0x72059a]  (no source info available)
V  [jvm.dll+0x390cea]  (no source info available)
V  [jvm.dll+0x3989f6]  (no source info available)
V  [jvm.dll+0x38523e]  (no source info available)
V  [jvm.dll+0x3854f8]  (no source info available)
V  [jvm.dll+0x35d0cc]  (no source info available)
V  [jvm.dll+0x35dd8d]  (no source info available)
V  [jvm.dll+0x89d28f]  (no source info available)
V  [jvm.dll+0x3f985d]  (no source info available)
V  [jvm.dll+0x8858e6]  (no source info available)
V  [jvm.dll+0x495f3e]  (no source info available)
V  [jvm.dll+0x497d11]  (no source info available)
C  [jli.dll+0x52a1]  (no source info available)
C  [ucrtbase.dll+0x37b0]  (no source info available)
C  [KERNEL32.DLL+0x2e8d7]  (no source info available)
C  [ntdll.dll+0x8d9c]  (no source info available)

Lock stack of current Java thread (top to bottom):


---------------  P R O C E S S  ---------------

Threads class SMR info:
_java_thread_list=0x00007ffb7dadf318, length=0, elements={
}

Java Threads: ( => current thread )
Total: 0

Other Threads:
  0x0000025365827700 WorkerThread "GC Thread#0"                     [id=20592, stack(0x000000f85ea00000,0x000000f85eb00000) (1024K)]
  0x000002536583c120 ConcurrentGCThread "G1 Main Marker"            [id=25272, stack(0x000000f85eb00000,0x000000f85ec00000) (1024K)]
  0x000002536583cc30 WorkerThread "G1 Conc#0"                       [id=6256, stack(0x000000f85ec00000,0x000000f85ed00000) (1024K)]

[error occurred during error reporting (printing all threads), id 0xc0000005, EXCEPTION_ACCESS_VIOLATION (0xc0000005) at pc=0x00007ffb7d2114ea]
VM state: not at safepoint (not fully initialized)

VM Mutex/Monitor currently owned by a thread:  ([mutex/lock_event])
[0x00007ffb7db645b0] Heap_lock - owner thread: 0x0000025365cce4b0

Heap address: 0x0000000704e00000, size: 4018 MB, Compressed Oops mode: Zero based, Oop shift amount: 3

CDS archive(s) mapped at: [0x0000000000000000-0x0000000000000000-0x0000000000000000), size 0, SharedBaseAddress: 0x0000000800000000, ArchiveRelocationMode: 1.
UseCompressedClassPointers 1, UseCompactObjectHeaders 0
Narrow klass pointer bits 32, Max shift 3
Narrow klass base: 0xffffffffffffffff, Narrow klass shift: -1
Encoding Range: [0xffffffffffffffff - 0x000000007fffffff), (2147483648 bytes)
Klass Range:    [0x0000000000000000 - 0x0000000000000000), (0 bytes)
Klass ID Range:  [4294967295 - 0) (1)

GC Precious Log:
 CardTable entry size: 512
 Card Set container configuration: InlinePtr #cards 4 size 8 Array Of Cards #cards 16 size 48 Howl #buckets 8 coarsen threshold 3686 Howl Bitmap #cards 512 size 80 coarsen threshold 460 Card regions per heap region 1 cards per card region 4096

Heap:
 garbage-first heap   total reserved 4114432K, committed 0K, used 0K [0x0000000704e00000, 0x0000000800000000)
  region size 2048K, 0 young (0K), 0 survivors (0K)

[error occurred during error reporting (printing heap information), id 0xc0000005, EXCEPTION_ACCESS_VIOLATION (0xc0000005) at pc=0x00007ffb7d62e3e9]
GC Heap History (0 events):
No events

Dll operation events (2 events):
Event: 0.012 Loaded shared library C:\Program Files\Java\jdk-24\bin\java.dll
Event: 0.014 Loaded shared library C:\Program Files\Java\jdk-24\bin\zip.dll

Deoptimization events (0 events):
No events

Classes loaded (0 events):
No events

Classes unloaded (0 events):
No events

Classes redefined (0 events):
No events

Internal exceptions (0 events):
No events

VM Operations (0 events):
No events

Memory protections (0 events):
No events

Nmethod flushes (0 events):
No events

Events (0 events):
No events


Dynamic libraries:
0x00007ff67f0c0000 - 0x00007ff67f0d0000 	C:\Program Files\Java\jdk-24\bin\java.exe
0x00007ffbd90a0000 - 0x00007ffbd9309000 	C:\WINDOWS\SYSTEM32\ntdll.dll
0x00007ffbd6f90000 - 0x00007ffbd7059000 	C:\WINDOWS\System32\KERNEL32.DLL
0x00007ffbd6860000 - 0x00007ffbd6c53000 	C:\WINDOWS\System32\KERNELBASE.dll
0x00007ffbd62d0000 - 0x00007ffbd641b000 	C:\WINDOWS\System32\ucrtbase.dll
0x00007ffbcb970000 - 0x00007ffbcb986000 	C:\Program Files\Java\jdk-24\bin\jli.dll
0x00007ffbcb660000 - 0x00007ffbcb67b000 	C:\Program Files\Java\jdk-24\bin\VCRUNTIME140.dll
0x00007ffbd7280000 - 0x00007ffbd7444000 	C:\WINDOWS\System32\USER32.dll
0x00007ffbd6d10000 - 0x00007ffbd6d37000 	C:\WINDOWS\System32\win32u.dll
0x00007ffbd6f60000 - 0x00007ffbd6f8b000 	C:\WINDOWS\System32\GDI32.dll
0x00007ffbbafc0000 - 0x00007ffbbb253000 	C:\WINDOWS\WinSxS\amd64_microsoft.windows.common-controls_6595b64144ccf1df_6.0.26100.5074_none_3e0d6f78e32fd63f\COMCTL32.dll
0x00007ffbd7a70000 - 0x00007ffbd7b19000 	C:\WINDOWS\System32\msvcrt.dll
0x00007ffbd6d40000 - 0x00007ffbd6e6d000 	C:\WINDOWS\System32\gdi32full.dll
0x00007ffbd6c60000 - 0x00007ffbd6d03000 	C:\WINDOWS\System32\msvcp_win.dll
0x00007ffbd8b80000 - 0x00007ffbd8baf000 	C:\WINDOWS\System32\IMM32.DLL
0x00007ffbce7a0000 - 0x00007ffbce7ac000 	C:\Program Files\Java\jdk-24\bin\vcruntime140_1.dll
0x00007ffbc85d0000 - 0x00007ffbc865e000 	C:\Program Files\Java\jdk-24\bin\msvcp140.dll
0x00007ffb7cea0000 - 0x00007ffb7dc42000 	C:\Program Files\Java\jdk-24\bin\server\jvm.dll
0x00007ffbd7450000 - 0x00007ffbd7504000 	C:\WINDOWS\System32\ADVAPI32.dll
0x00007ffbd7c20000 - 0x00007ffbd7cc6000 	C:\WINDOWS\System32\sechost.dll
0x00007ffbd8a60000 - 0x00007ffbd8b78000 	C:\WINDOWS\System32\RPCRT4.dll
0x00007ffbd7510000 - 0x00007ffbd7584000 	C:\WINDOWS\System32\WS2_32.dll
0x00007ffbcdea0000 - 0x00007ffbcded5000 	C:\WINDOWS\SYSTEM32\WINMM.dll
0x00007ffbd59c0000 - 0x00007ffbd5a1e000 	C:\WINDOWS\SYSTEM32\POWRPROF.dll
0x00007ffbcbe20000 - 0x00007ffbcbe2b000 	C:\WINDOWS\SYSTEM32\VERSION.dll
0x00007ffbd59a0000 - 0x00007ffbd59b4000 	C:\WINDOWS\SYSTEM32\UMPDC.dll
0x00007ffbd5010000 - 0x00007ffbd502b000 	C:\WINDOWS\SYSTEM32\kernel.appcore.dll
0x00007ffbcd160000 - 0x00007ffbcd16a000 	C:\Program Files\Java\jdk-24\bin\jimage.dll
0x00007ffbd3970000 - 0x00007ffbd3bb2000 	C:\WINDOWS\SYSTEM32\DBGHELP.DLL
0x00007ffbd8420000 - 0x00007ffbd879b000 	C:\WINDOWS\System32\combase.dll
0x00007ffbd8880000 - 0x00007ffbd8957000 	C:\WINDOWS\System32\OLEAUT32.dll
0x00007ffbb7cf0000 - 0x00007ffbb7d2d000 	C:\WINDOWS\SYSTEM32\dbgcore.DLL
0x00007ffbd6230000 - 0x00007ffbd62c9000 	C:\WINDOWS\System32\bcryptPrimitives.dll
0x00007ffbc7740000 - 0x00007ffbc777c000 	C:\Program Files\Java\jdk-24\bin\jdwp.dll
0x00007ffbccb80000 - 0x00007ffbccb8f000 	C:\Program Files\Java\jdk-24\bin\instrument.dll
0x00007ffbcb5c0000 - 0x00007ffbcb5de000 	C:\Program Files\Java\jdk-24\bin\java.dll
0x00007ffbd7870000 - 0x00007ffbd7a08000 	C:\WINDOWS\System32\ole32.dll
0x00007ffbd7cd0000 - 0x00007ffbd841d000 	C:\WINDOWS\System32\SHELL32.dll
0x00007ffbd64b0000 - 0x00007ffbd661c000 	C:\WINDOWS\System32\wintypes.dll
0x00007ffb7b0e0000 - 0x00007ffb7b2f1000 	C:\Users\DKCOMP~1\AppData\Local\Temp\idea_libasyncProfiler_dll_temp_folder4\libasyncProfiler.dll
0x00007ffbcb590000 - 0x00007ffbcb5a7000 	C:\Program Files\Java\jdk-24\bin\zip.dll

JVMTI agents:
jdwp path:none, loaded, not initialized, options:transport=dt_socket,address=127.0.0.1:10229,suspend=y,server=n
C:\Users\DKCOMP~1\AppData\Local\Temp\captureAgent11jars\debugger-agent.jar path:none, loaded, not initialized, instrumentlib options:file:///C:/Users/DKCOMP~1/AppData/Local/Temp/capture11312547435861336478.props
C:\Users\DKCOMP~1\AppData\Local\Temp\idea_libasyncProfiler_dll_temp_folder4\libasyncProfiler.dll path:none, loaded, not initialized, options:version,jfr,event=wall,interval=10ms,cstack=no,file=C:\Users\DK COMPUTRONIX\IdeaSnapshots\OnlineFoodDeliveryApplication_2025_09_22_152347.jfr,dbghelppath=C:\Users\DKCOMP~1\AppData\Local\Temp\idea_dbghelp_dll_temp_folder\dbghelp.dll,log=C:\Users\DKCOMP~1\AppData\Local\Temp\OnlineFoodDeliveryApplication_2025_09_22_152347.jfr.log.txt,logLevel=DEBUG

dbghelp: loaded successfully - version: 4.0.5 - missing functions: none
symbol engine: initialized successfully - sym options: 0x614 - pdb path: .;C:\Program Files\Java\jdk-24\bin;C:\WINDOWS\SYSTEM32;C:\WINDOWS\WinSxS\amd64_microsoft.windows.common-controls_6595b64144ccf1df_6.0.26100.5074_none_3e0d6f78e32fd63f;C:\Program Files\Java\jdk-24\bin\server;C:\Users\DKCOMP~1\AppData\Local\Temp\idea_libasyncProfiler_dll_temp_folder4

VM Arguments:
jvm_args: -agentlib:jdwp=transport=dt_socket,address=127.0.0.1:10229,suspend=y,server=n -javaagent:C:\Users\DKCOMP~1\AppData\Local\Temp\captureAgent11jars\debugger-agent.jar=file:///C:/Users/DKCOMP~1/AppData/Local/Temp/capture11312547435861336478.props -agentpath:C:\Users\DKCOMP~1\AppData\Local\Temp\idea_libasyncProfiler_dll_temp_folder4\libasyncProfiler.dll=version,jfr,event=wall,interval=10ms,cstack=no,file=C:\Users\DK COMPUTRONIX\IdeaSnapshots\OnlineFoodDeliveryApplication_2025_09_22_152347.jfr,dbghelppath=C:\Users\DKCOMP~1\AppData\Local\Temp\idea_dbghelp_dll_temp_folder\dbghelp.dll,log=C:\Users\DKCOMP~1\AppData\Local\Temp\OnlineFoodDeliveryApplication_2025_09_22_152347.jfr.log.txt,logLevel=DEBUG -Dkotlinx.coroutines.debug.enable.creation.stack.trace=false -Ddebugger.agent.enable.coroutines=true -Dkotlinx.coroutines.debug.enable.flows.stack.trace=true -Dkotlinx.coroutines.debug.enable.mutable.state.flows.stack.trace=true -Dfile.encoding=UTF-8 -Dsun.stdout.encoding=UTF-8 -Dsun.stderr.encoding=UTF-8 
java_command: com.sachein.OnlineFoodDeliveryApplication
java_class_path (initial): D:\Project\online-food-delivery\target\classes;C:\Users\DK COMPUTRONIX\.m2\repository\org\springframework\boot\spring-boot-starter-data-jpa\3.5.5\spring-boot-starter-data-jpa-3.5.5.jar;C:\Users\DK COMPUTRONIX\.m2\repository\org\springframework\boot\spring-boot-starter\3.5.5\spring-boot-starter-3.5.5.jar;C:\Users\DK COMPUTRONIX\.m2\repository\org\springframework\boot\spring-boot-starter-logging\3.5.5\spring-boot-starter-logging-3.5.5.jar;C:\Users\DK COMPUTRONIX\.m2\repository\ch\qos\logback\logback-classic\1.5.18\logback-classic-1.5.18.jar;C:\Users\DK COMPUTRONIX\.m2\repository\ch\qos\logback\logback-core\1.5.18\logback-core-1.5.18.jar;C:\Users\DK COMPUTRONIX\.m2\repository\org\apache\logging\log4j\log4j-to-slf4j\2.24.3\log4j-to-slf4j-2.24.3.jar;C:\Users\DK COMPUTRONIX\.m2\repository\org\apache\logging\log4j\log4j-api\2.24.3\log4j-api-2.24.3.jar;C:\Users\DK COMPUTRONIX\.m2\repository\org\slf4j\jul-to-slf4j\2.0.17\jul-to-slf4j-2.0.17.jar;C:\Users\DK COMPUTRONIX\.m2\repository\jakarta\annotation\jakarta.annotation-api\2.1.1\jakarta.annotation-api-2.1.1.jar;C:\Users\DK COMPUTRONIX\.m2\repository\org\yaml\snakeyaml\2.4\snakeyaml-2.4.jar;C:\Users\DK COMPUTRONIX\.m2\repository\org\springframework\boot\spring-boot-starter-jdbc\3.5.5\spring-boot-starter-jdbc-3.5.5.jar;C:\Users\DK COMPUTRONIX\.m2\repository\com\zaxxer\HikariCP\6.3.2\HikariCP-6.3.2.jar;C:\Users\DK COMPUTRONIX\.m2\repository\org\springframework\spring-jdbc\6.2.10\spring-jdbc-6.2.10.jar;C:\Users\DK COMPUTRONIX\.m2\repository\org\hibernate\orm\hibernate-core\6.6.26.Final\hibernate-core-6.6.26.Final.jar;C:\Users\DK COMPUTRONIX\.m2\repository\jakarta\persistence\jakarta.persistence-api\3.1.0\jakarta.persistence-api-3.1.0.jar;C:\Users\DK COMPUTRONIX\.m2\repository\jakarta\transaction\jakarta.transaction-api\2.0.1\jakarta.transaction-api-2.0.1.jar;C:\Users\DK COMPUTRONIX\.m2\repository\org\jboss\logging\jboss-logging\3.6.1.Final\jboss-logging-3.6.1.Final.jar;C:\Users\DK COMPUTRONIX\.m2\repository\org\hibernate\common\hibernate-commons-annotations\7.0.3.Final\hibernate-commons-annotations-7.0.3.Final.jar;C:\Users\DK COMPUTRONIX\.m2\repository\io\smallrye\jandex\3.2.0\jandex-3.2.0.jar;C:\Users\DK COMPUTRONIX\.m2\repository\com\fasterxml\classmate\1.7.0\classmate-1.7.0.jar;C:\Users\DK COMPUTRONIX\.m2\repository\net\bytebuddy\byte-buddy\1.17.7\byte-buddy-1.17.7.jar;C:\Users\DK COMPUTRONIX\.m2\repository\org\glassfish\jaxb\jaxb-runtime\4.0.5\jaxb-runtime-4.0.5.jar;C:\Users\DK COMPUTRONIX\.m2\repository\org\glassfish\jaxb\jaxb-core\4.0.5\jaxb-core-4.0.5.jar;C:\Users\DK COMPUTRONIX\.m2\repository\org\eclipse\angus\angus-activation\2.0.2\angus-activation-2.0.2.jar;C:\Users\DK COMPUTRONIX\.m2\repository\org\glassfish\jaxb\txw2\4.0.5\txw2-4.0.5.jar;C:\Users\DK COMPUTRONIX\.m2\repository\com\sun\istack\istack-commons-runtime\4.1.2\istack-commons-runtime-4.1.2.jar;C:\Users\DK COMPUTRONIX\.m2\repository\jakarta\inject\jakarta.inject-api\2.0.1\jakarta.inject-api-2.0.1.jar;C:\Users\DK COMPUTRONIX\.m2\repository\org\antlr\antlr4-runtime\4.13.0\antlr4-runtime-4.13.0.jar;C:\Users\DK COMPUTRONIX\.m2\repository\org\springframework\data\spring-data-jpa\3.5.3\spring-data-jpa-3.5.3.jar;C:\Users\DK COMPUTRONIX\.m2\repository\org\springframework\data\spring-data-commons\3.5.3\spring-data-commons-3.5.3.jar;C:\Users\DK COMPUTRONIX\.m2\repository\org\springframework\spring-orm\6.2.10\spring-orm-6.2.10.jar;C:\Users\DK COMPUTRONIX\.m2\repository\org\springframework\spring-context\6.2.10\spring-context-6.2.10.jar;C:\Users\DK COMPUTRONIX\.m2\repository\org\springframework\spring-tx\6.2.10\spring-tx-6.2.10.jar;C:\Users\DK COMPUTRONIX\.m2\repository\org\springframework\spring-beans\6.2.10\spring-beans-6.2.10.jar;C:\Users\DK COMPUTRONIX\.m2\repository\org\slf4j\slf4j-api\2.0.17\slf4j-api-2.0.17.jar;C:\Users\DK COMPUTRONIX\.m2\repository\org\springframework\spring-aspects\6.2.10\spring-aspects-6.2.10.jar;C:\Users\DK COMPUTRONIX\.m2\repository\org\aspectj\aspectjweaver\1.9.24\aspectjweaver-1.9.24.jar;C:\Users\DK COMPUTRONIX\.m2\repository\org\springframework\boot\spring-boot-starter-security\3.5.5\spring-boot-starter-security-3.5.5.jar;C:\Users\DK COMPUTRONIX\.m2\repository\org\springframework\spring-aop\6.2.10\spring-aop-6.2.10.jar;C:\Users\DK COMPUTRONIX\.m2\repository\org\springframework\security\spring-security-config\6.5.3\spring-security-config-6.5.3.jar;C:\Users\DK COMPUTRONIX\.m2\repository\org\springframework\security\spring-security-web\6.5.3\spring-security-web-6.5.3.jar;C:\Users\DK COMPUTRONIX\.m2\repository\org\springframework\spring-expression\6.2.10\spring-expression-6.2.10.jar;C:\Users\DK COMPUTRONIX\.m2\repository\org\springframework\boot\spring-boot-starter-web\3.5.5\spring-boot-starter-web-3.5.5.jar;C:\Users\DK COMPUTRONIX\.m2\repository\org\springframework\boot\spring-boot-starter-json\3.5.5\spring-boot-starter-json-3.5.5.jar;C:\Users\DK COMPUTRONIX\.m2\repository\com\fasterxml\jackson\datatype\jackson-datatype-jdk8\2.19.2\jackson-datatype-jdk8-2.19.2.jar;C:\Users\DK COMPUTRONIX\.m2\repository\com\fasterxml\jackson\datatype\jackson-datatype-jsr310\2.19.2\jackson-datatype-jsr310-2.19.2.jar;C:\Users\DK COMPUTRONIX\.m2\repository\com\fasterxml\jackson\module\jackson-module-parameter-names\2.19.2\jackson-module-parameter-names-2.19.2.jar;C:\Users\DK COMPUTRONIX\.m2\repository\org\springframework\boot\spring-boot-starter-tomcat\3.5.5\spring-boot-starter-tomcat-3.5.5.jar;C:\Users\DK COMPUTRONIX\.m2\repository\org\apache\tomcat\embed\tomcat-embed-core\10.1.44\tomcat-embed-core-10.1.44.jar;C:\Users\DK COMPUTRONIX\.m2\repository\org\apache\tomcat\embed\tomcat-embed-el\10.1.44\tomcat-embed-el-10.1.44.jar;C:\Users\DK COMPUTRONIX\.m2\repository\org\apache\tomcat\embed\tomcat-embed-websocket\10.1.44\tomcat-embed-websocket-10.1.44.jar;C:\Users\DK COMPUTRONIX\.m2\repository\org\springframework\spring-web\6.2.10\spring-web-6.2.10.jar;C:\Users\DK COMPUTRONIX\.m2\repository\io\micrometer\micrometer-observation\1.15.3\micrometer-observation-1.15.3.jar;C:\Users\DK COMPUTRONIX\.m2\repository\io\micrometer\micrometer-commons\1.15.3\micrometer-commons-1.15.3.jar;C:\Users\DK COMPUTRONIX\.m2\repository\org\springframework\spring-webmvc\6.2.10\spring-webmvc-6.2.10.jar;C:\Users\DK COMPUTRONIX\.m2\repository\org\springframework\boot\spring-boot-devtools\3.5.5\spring-boot-devtools-3.5.5.jar;C:\Users\DK COMPUTRONIX\.m2\repository\org\springframework\boot\spring-boot\3.5.5\spring-boot-3.5.5.jar;C:\Users\DK COMPUTRONIX\.m2\repository\org\springframework\boot\spring-boot-autoconfigure\3.5.5\spring-boot-autoconfigure-3.5.5.jar;C:\Users\DK COMPUTRONIX\.m2\repository\com\mysql\mysql-connector-j\9.4.0\mysql-connector-j-9.4.0.jar;C:\Users\DK COMPUTRONIX\.m2\repository\org\projectlombok\lombok\1.18.38\lombok-1.18.38.jar;C:\Users\DK COMPUTRONIX\.m2\repository\jakarta\xml\bind\jakarta.xml.bind-api\4.0.2\jakarta.xml.bind-api-4.0.2.jar;C:\Users\DK COMPUTRONIX\.m2\repository\jakarta\activation\jakarta.activation-api\2.1.3\jakarta.activation-api-2.1.3.jar;C:\Users\DK COMPUTRONIX\.m2\repository\org\springframework\spring-core\6.2.10\spring-core-6.2.10.jar;C:\Users\DK COMPUTRONIX\.m2\repository\org\springframework\spring-jcl\6.2.10\spring-jcl-6.2.10.jar;C:\Users\DK COMPUTRONIX\.m2\repository\org\springframework\security\spring-security-core\6.5.3\spring-security-core-6.5.3.jar;C:\Users\DK COMPUTRONIX\.m2\repository\org\springframework\security\spring-security-crypto\6.5.3\spring-security-crypto-6.5.3.jar;C:\Users\DK COMPUTRONIX\.m2\repository\io\jsonwebtoken\jjwt-api\0.11.1\jjwt-api-0.11.1.jar;C:\Users\DK COMPUTRONIX\.m2\repository\io\jsonwebtoken\jjwt-impl\0.11.1\jjwt-impl-0.11.1.jar;C:\Users\DK COMPUTRONIX\.m2\repository\io\jsonwebtoken\jjwt-jackson\0.11.1\jjwt-jackson-0.11.1.jar;C:\Users\DK COMPUTRONIX\.m2\repository\com\fasterxml\jackson\core\jackson-databind\2.19.2\jackson-databind-2.19.2.jar;C:\Users\DK COMPUTRONIX\.m2\repository\com\fasterxml\jackson\core\jackson-annotations\2.19.2\jackson-annotations-2.19.2.jar;C:\Users\DK COMPUTRONIX\.m2\repository\com\fasterxml\jackson\core\jackson-core\2.19.2\jackson-core-2.19.2.jar;C:\Program Files\JetBrains\IntelliJ IDEA 2025.2\lib\idea_rt.jar
Launcher Type: SUN_STANDARD

[Global flags]
     intx CICompilerCount                          = 12                                        {product} {ergonomic}
     uint ConcGCThreads                            = 3                                         {product} {ergonomic}
     uint G1ConcRefinementThreads                  = 13                                        {product} {ergonomic}
   size_t G1HeapRegionSize                         = 2097152                                   {product} {ergonomic}
   size_t InitialHeapSize                          = 264241152                                 {product} {ergonomic}
   size_t MarkStackSize                            = 4194304                                   {product} {ergonomic}
   size_t MarkStackSizeMax                         = 536870912                                 {product} {ergonomic}
   size_t MaxHeapSize                              = 4213178368                                {product} {ergonomic}
   size_t MinHeapDeltaBytes                        = 2097152                                   {product} {ergonomic}
   size_t MinHeapSize                              = 8388608                                   {product} {ergonomic}
    uintx NonNMethodCodeHeapSize                   = 7602176                                {pd product} {ergonomic}
    uintx NonProfiledCodeHeapSize                  = 122093568                              {pd product} {ergonomic}
    uintx ProfiledCodeHeapSize                     = 121962496                              {pd product} {ergonomic}
    uintx ReservedCodeCacheSize                    = 251658240                              {pd product} {ergonomic}
     bool SegmentedCodeCache                       = true                                      {product} {ergonomic}
   size_t SoftMaxHeapSize                          = 4213178368                             {manageable} {ergonomic}
     bool UseCompressedOops                        = true                           {product lp64_product} {ergonomic}
     bool UseG1GC                                  = true                                      {product} {ergonomic}
     bool UseLargePagesIndividualAllocation        = false                                  {pd product} {ergonomic}

Logging:
Log output configuration:
 #0: stdout all=warning uptime,level,tags foldmultilines=false
 #1: stderr all=off uptime,level,tags foldmultilines=false

Environment Variables:
PATH=C:\Python313\Scripts\;C:\Python313\;C:\Program Files\Common Files\Oracle\Java\javapath;C:\Program Files (x86)\Common Files\Oracle\Java\java8path;C:\Program Files (x86)\Common Files\Oracle\Java\javapath;C:\Users\DK COMPUTRONIX\New folder\Scripts\;C:\Users\DK COMPUTRONIX\New folder\;C:\WINDOWS\system32;C:\WINDOWS;C:\WINDOWS\System32\Wbem;C:\WINDOWS\System32\WindowsPowerShell\v1.0\;C:\WINDOWS\System32\OpenSSH\;C:\Program Files (x86)\NVIDIA Corporation\PhysX\Common;C:\Program Files (x86)\Microsoft SQL Server\160\Tools\Binn\;C:\Program Files\Microsoft SQL Server\160\Tools\Binn\;C:\Program Files\Microsoft SQL Server\Client SDK\ODBC\170\Tools\Binn\;C:\Program Files\Microsoft SQL Server\160\DTS\Binn\;C:\Program Files (x86)\Microsoft SQL Server\100\Tools\Binn\;C:\Program Files (x86)\Microsoft SQL Server\100\DTS\Binn\;C:\Program Files (x86)\Microsoft SQL Server\100\Tools\Binn\VSShell\Common7\IDE\;C:\Program Files\NVIDIA Corporation\NVIDIA app\NvDLISR;C:\Users\DK COMPUTRONIX\AppData\Local\Programs\Python\Python313;C:\Users\DK COMPUTRONIX\AppData\Local\Programs\Python\Python313;C:\Users\DK COMPUTRONIX\AppData\Local\Programs\Python\Python312;C:\Program Files\Git\cmd;C:\Program Files\nodejs;C:\Users\DK COMPUTRONIX\npm;C:\Program Files (x86)\Windows Kits\10\Windows Performance Toolkit\;C:\ProgramData\chocolatey\bin;C:\Program Files\nodejs\;C:\Users\DK COMPUTRONIX\Downloads\maven-mvnd-1.0.2-windows-amd64\maven-mvnd-1.0.2-windows-amd64\bin;C:\Program Files\MySQL\MySQL Shell 8.0\bin\;C:\Users\DK COMPUTRONIX\AppData\Local\Programs\Python\Launcher\;C:\Users\DK COMPUTRONIX\AppData\Local\Microsoft\WindowsApps;D:\PyCharm Community Edition 2019.2.6\bin;C:\Users\DK COMPUTRONIX\AppData\Local\JetBrains\Toolbox\scripts;C:\Program Files\JetBrains\PyCharm Community Edition 2025.1.3.1\bin;;C:\Users\DK COMPUTRONIX\AppData\Local\Microsoft\WindowsApps;C:\Users\DK COMPUTRONIX\AppData\Local\GitHubDesktop\bin;C:\Program Files\JetBrains\IntelliJ IDEA 2025.2\bin;C:\Users\DK COMPUTRONIX\AppData\Local\Programs\Microsoft VS Code\bin;C:\Program Files\nodejs;C:\Users\DK COMPUTRONIX\AppData\Roaming\npm
USERNAME=DK COMPUTRONIX
OS=Windows_NT
PROCESSOR_IDENTIFIER=Intel64 Family 6 Model 154 Stepping 3, GenuineIntel
TMP=C:\Users\DKCOMP~1\AppData\Local\Temp
TEMP=C:\Users\DKCOMP~1\AppData\Local\Temp




Periodic native trim disabled

---------------  S Y S T E M  ---------------

OS:
 Windows 11 , 64 bit Build 26100 (10.0.26100.5074)
OS uptime: 16 days 23:43 hours
Hyper-V role detected

CPU: total 16 (initial active 16) (8 cores per cpu, 2 threads per core) family 6 model 154 stepping 3 microcode 0x437, cx8, cmov, fxsr, ht, mmx, 3dnowpref, sse, sse2, sse3, ssse3, sse4.1, sse4.2, popcnt, lzcnt, tsc, tscinvbit, avx, avx2, aes, erms, clmul, bmi1, bmi2, adx, sha, fma, vzeroupper, clflush, clflushopt, clwb, hv, serialize, rdtscp, rdpid, fsrm, gfni, f16c, cet_ibt, cet_ss
Processor Information for processor 0
  Max Mhz: 2500, Current Mhz: 2500, Mhz Limit: 2500
Processor Information for processor 1
  Max Mhz: 2500, Current Mhz: 2500, Mhz Limit: 2500
Processor Information for processor 2
  Max Mhz: 2500, Current Mhz: 2500, Mhz Limit: 2500
Processor Information for processor 3
  Max Mhz: 2500, Current Mhz: 2500, Mhz Limit: 2500
Processor Information for processor 4
  Max Mhz: 2500, Current Mhz: 2500, Mhz Limit: 2500
Processor Information for processor 5
  Max Mhz: 2500, Current Mhz: 2500, Mhz Limit: 2500
Processor Information for processor 6
  Max Mhz: 2500, Current Mhz: 2500, Mhz Limit: 2500
Processor Information for processor 7
  Max Mhz: 2500, Current Mhz: 2500, Mhz Limit: 2500
Processor Information for processor 8
  Max Mhz: 2500, Current Mhz: 2500, Mhz Limit: 2500
Processor Information for processor 9
  Max Mhz: 2500, Current Mhz: 2500, Mhz Limit: 2500
Processor Information for processor 10
  Max Mhz: 2500, Current Mhz: 2500, Mhz Limit: 2500
Processor Information for processor 11
  Max Mhz: 2500, Current Mhz: 2500, Mhz Limit: 2500
Processor Information for processor 12
  Max Mhz: 2500, Current Mhz: 2500, Mhz Limit: 2500
Processor Information for processor 13
  Max Mhz: 2500, Current Mhz: 2500, Mhz Limit: 2500
Processor Information for processor 14
  Max Mhz: 2500, Current Mhz: 1527, Mhz Limit: 2500
Processor Information for processor 15
  Max Mhz: 2500, Current Mhz: 1527, Mhz Limit: 2500

Memory: 4k page, system-wide physical 16068M (2959M free)
TotalPageFile size 20164M (AvailPageFile size 59M)
current process WorkingSet (physical memory assigned to process): 15M, peak: 15M
current process commit charge ("private bytes"): 83M, peak: 334M

vm_info: Java HotSpot(TM) 64-Bit Server VM (24.0.1+9-30) for windows-amd64 JRE (24.0.1+9-30), built on 2025-03-05T07:23:45Z with MS VC++ 17.6 (VS2022)

END.
