#
# There is insufficient memory for the Java Runtime Environment to continue.
# Native memory allocation (malloc) failed to allocate 5916368 bytes. Error detail: Chunk::new
# Possible reasons:
#   The system is out of physical RAM or swap space
#   This process is running with CompressedOops enabled, and the Java Heap may be blocking the growth of the native heap
# Possible solutions:
#   Reduce memory load on the system
#   Increase physical memory or swap space
#   Check if swap backing store is full
#   Decrease Java heap size (-Xmx/-Xms)
#   Decrease number of Java threads
#   Decrease Java thread stack sizes (-Xss)
#   Set larger code cache with -XX:ReservedCodeCacheSize=
#   JVM is running with Zero Based Compressed Oops mode in which the Java heap is
#     placed in the first 32GB address space. The Java Heap base address is the
#     maximum limit for the native heap growth. Please use -XX:HeapBaseMinAddress
#     to set the Java Heap base and to place the Java Heap above 32GB virtual address.
# This output file may be truncated or incomplete.
#
#  Out of Memory Error (arena.cpp:162), pid=16068, tid=5228
#
# JRE version: Java(TM) SE Runtime Environment (24.0.1+9) (build 24.0.1+9-30)
# Java VM: Java HotSpot(TM) 64-Bit Server VM (24.0.1+9-30, mixed mode, sharing, tiered, compressed oops, compressed class ptrs, g1 gc, windows-amd64)
# No core dump will be written. Minidumps are not enabled by default on client versions of Windows
#

---------------  S U M M A R Y ------------

Command Line: -javaagent:C:\Program Files\JetBrains\IntelliJ IDEA 2025.2\lib\idea_rt.jar=4736 -Dfile.encoding=UTF-8 -Dsun.stdout.encoding=UTF-8 -Dsun.stderr.encoding=UTF-8 com.sachein.OnlineFoodDeliveryApplication

Host: 12th Gen Intel(R) Core(TM) i5-12500H, 16 cores, 15G,  Windows 11 , 64 bit Build 26100 (10.0.26100.5074)
Time: Mon Sep 29 14:32:30 2025 India Standard Time elapsed time: 83937.598865 seconds (0d 23h 18m 57s)

---------------  T H R E A D  ---------------

Current thread (0x00000209450303c0):  JavaThread "C2 CompilerThread0" daemon [_thread_in_native, id=5228, stack(0x000000854f000000,0x000000854f100000) (1024K)]


Current CompileTask:
C2:83937598 19216   !   4       org.springframework.web.filter.RequestContextFilter::doFilterInternal (113 bytes)

Stack: [0x000000854f000000,0x000000854f100000]
Native frames: (J=compiled Java code, j=interpreted, Vv=VM code, C=native code)
V  [jvm.dll+0x730739]  (no source info available)
V  [jvm.dll+0x8d9b23]  (no source info available)
V  [jvm.dll+0x8dc00d]  (no source info available)
V  [jvm.dll+0x8dc683]  (no source info available)
V  [jvm.dll+0x2aa086]  (no source info available)
V  [jvm.dll+0xcedef]  (no source info available)
V  [jvm.dll+0xcf04f]  (no source info available)
V  [jvm.dll+0x154d83]  (no source info available)
V  [jvm.dll+0x735f5f]  (no source info available)
V  [jvm.dll+0x26fa1c]  (no source info available)
V  [jvm.dll+0x26ea3f]  (no source info available)
V  [jvm.dll+0x1e9d60]  (no source info available)
V  [jvm.dll+0x27e1fb]  (no source info available)
V  [jvm.dll+0x27c49a]  (no source info available)
V  [jvm.dll+0x42f456]  (no source info available)
V  [jvm.dll+0x87d76b]  (no source info available)
V  [jvm.dll+0x72ee55]  (no source info available)
C  [ucrtbase.dll+0x37b0]  (no source info available)
C  [KERNEL32.DLL+0x2e8d7]  (no source info available)
C  [ntdll.dll+0x8d9c]  (no source info available)

Lock stack of current Java thread (top to bottom):


---------------  P R O C E S S  ---------------

Threads class SMR info:
_java_thread_list=0x0000020948f5b060, length=34, elements={
0x0000020975980af0, 0x0000020975981430, 0x00000209759894b0, 0x0000020975989fe0,
0x000002097598d800, 0x000002097598cbf0, 0x00000209450303c0, 0x0000020975998ed0,
0x0000020945301e80, 0x00000209455de1c0, 0x00000209455de900, 0x0000020945f2bab0,
0x0000020945fba900, 0x0000020945ffe550, 0x000002094bd2feb0, 0x000002094bd314a0,
0x000002094bd30d50, 0x000002094bd31bf0, 0x000002094bd34080, 0x0000020945ffde00,
0x000002094bd347d0, 0x0000020975f62a90, 0x0000020975f614a0, 0x0000020975f63930,
0x0000020975f64080, 0x0000020975f647d0, 0x0000020975f64f20, 0x0000020975f62340,
0x0000020975f61bf0, 0x0000020975f631e0, 0x0000020975f689a0, 0x0000020975f65670,
0x0000020975f66510, 0x00000209478bed10
}

Java Threads: ( => current thread )
  0x0000020975980af0 JavaThread "Reference Handler"          daemon [_thread_blocked, id=25504, stack(0x000000854ea00000,0x000000854eb00000) (1024K)]
  0x0000020975981430 JavaThread "Finalizer"                  daemon [_thread_blocked, id=9284, stack(0x000000854eb00000,0x000000854ec00000) (1024K)]
  0x00000209759894b0 JavaThread "Signal Dispatcher"          daemon [_thread_blocked, id=12648, stack(0x000000854ec00000,0x000000854ed00000) (1024K)]
  0x0000020975989fe0 JavaThread "Attach Listener"            daemon [_thread_blocked, id=25900, stack(0x000000854ed00000,0x000000854ee00000) (1024K)]
  0x000002097598d800 JavaThread "Service Thread"             daemon [_thread_blocked, id=4680, stack(0x000000854ee00000,0x000000854ef00000) (1024K)]
  0x000002097598cbf0 JavaThread "Monitor Deflation Thread"   daemon [_thread_blocked, id=12816, stack(0x000000854ef00000,0x000000854f000000) (1024K)]
=>0x00000209450303c0 JavaThread "C2 CompilerThread0"         daemon [_thread_in_native, id=5228, stack(0x000000854f000000,0x000000854f100000) (1024K)]
  0x0000020975998ed0 JavaThread "C1 CompilerThread0"         daemon [_thread_blocked, id=22792, stack(0x000000854f100000,0x000000854f200000) (1024K)]
  0x0000020945301e80 JavaThread "Common-Cleaner"             daemon [_thread_blocked, id=22264, stack(0x000000854f500000,0x000000854f600000) (1024K)]
  0x00000209455de1c0 JavaThread "Monitor Ctrl-Break"         daemon [_thread_in_native, id=13004, stack(0x000000854f600000,0x000000854f700000) (1024K)]
  0x00000209455de900 JavaThread "Notification Thread"        daemon [_thread_blocked, id=2952, stack(0x000000854f700000,0x000000854f800000) (1024K)]
  0x0000020945f2bab0 JavaThread "RMI TCP Accept-0"           daemon [_thread_in_native, id=24800, stack(0x000000854ff00000,0x0000008550000000) (1024K)]
  0x0000020945fba900 JavaThread "RMI Scheduler(0)"           daemon [_thread_blocked, id=26968, stack(0x0000008550100000,0x0000008550200000) (1024K)]
  0x0000020945ffe550 JavaThread "Catalina-utility-1"                [_thread_blocked, id=17272, stack(0x0000008551100000,0x0000008551200000) (1024K)]
  0x000002094bd2feb0 JavaThread "Catalina-utility-2"                [_thread_blocked, id=14384, stack(0x0000008551200000,0x0000008551300000) (1024K)]
  0x000002094bd314a0 JavaThread "container-0"                       [_thread_blocked, id=16480, stack(0x0000008551300000,0x0000008551400000) (1024K)]
  0x000002094bd30d50 JavaThread "mysql-cj-abandoned-connection-cleanup" daemon [_thread_blocked, id=12772, stack(0x0000008551400000,0x0000008551500000) (1024K)]
  0x000002094bd31bf0 JavaThread "HikariPool-1:housekeeper"   daemon [_thread_blocked, id=14148, stack(0x0000008551600000,0x0000008551700000) (1024K)]
  0x000002094bd34080 JavaThread "File Watcher"               daemon [_thread_blocked, id=8396, stack(0x0000008551a00000,0x0000008551b00000) (1024K)]
  0x0000020945ffde00 JavaThread "Live Reload Server"         daemon [_thread_in_native, id=14560, stack(0x0000008551c00000,0x0000008551d00000) (1024K)]
  0x000002094bd347d0 JavaThread "http-nio-5450-exec-1"       daemon [_thread_blocked, id=22324, stack(0x0000008551b00000,0x0000008551c00000) (1024K)]
  0x0000020975f62a90 JavaThread "http-nio-5450-exec-2"       daemon [_thread_blocked, id=11560, stack(0x0000008551d00000,0x0000008551e00000) (1024K)]
  0x0000020975f614a0 JavaThread "http-nio-5450-exec-3"       daemon [_thread_blocked, id=22804, stack(0x0000008551e00000,0x0000008551f00000) (1024K)]
  0x0000020975f63930 JavaThread "http-nio-5450-exec-4"       daemon [_thread_blocked, id=22880, stack(0x0000008551f00000,0x0000008552000000) (1024K)]
  0x0000020975f64080 JavaThread "http-nio-5450-exec-5"       daemon [_thread_blocked, id=21044, stack(0x0000008552000000,0x0000008552100000) (1024K)]
  0x0000020975f647d0 JavaThread "http-nio-5450-exec-6"       daemon [_thread_blocked, id=27620, stack(0x0000008552100000,0x0000008552200000) (1024K)]
  0x0000020975f64f20 JavaThread "http-nio-5450-exec-7"       daemon [_thread_blocked, id=7332, stack(0x0000008552200000,0x0000008552300000) (1024K)]
  0x0000020975f62340 JavaThread "http-nio-5450-exec-8"       daemon [_thread_blocked, id=14712, stack(0x0000008552300000,0x0000008552400000) (1024K)]
  0x0000020975f61bf0 JavaThread "http-nio-5450-exec-9"       daemon [_thread_blocked, id=7040, stack(0x0000008552400000,0x0000008552500000) (1024K)]
  0x0000020975f631e0 JavaThread "http-nio-5450-exec-10"      daemon [_thread_blocked, id=5260, stack(0x0000008552500000,0x0000008552600000) (1024K)]
  0x0000020975f689a0 JavaThread "http-nio-5450-Poller"       daemon [_thread_in_native, id=21420, stack(0x0000008552600000,0x0000008552700000) (1024K)]
  0x0000020975f65670 JavaThread "http-nio-5450-Acceptor"     daemon [_thread_in_native, id=9908, stack(0x0000008552700000,0x0000008552800000) (1024K)]
  0x0000020975f66510 JavaThread "DestroyJavaVM"                     [_thread_blocked, id=8284, stack(0x000000854e200000,0x000000854e300000) (1024K)]
  0x00000209478bed10 JavaThread "RMI TCP Connection(idle)"   daemon [_thread_blocked, id=5104, stack(0x000000854df00000,0x000000854e000000) (1024K)]
Total: 34

Other Threads:
  0x00000209759703f0 VMThread "VM Thread"                           [id=9100, stack(0x000000854e900000,0x000000854ea00000) (1024K)]
  0x00000209759611f0 WatcherThread "VM Periodic Task Thread"        [id=21412, stack(0x000000854e800000,0x000000854e900000) (1024K)]
  0x00000209559c0710 WorkerThread "GC Thread#0"                     [id=16336, stack(0x000000854e300000,0x000000854e400000) (1024K)]
  0x0000020945fb78f0 WorkerThread "GC Thread#1"                     [id=14964, stack(0x0000008550300000,0x0000008550400000) (1024K)]
  0x00000209460909a0 WorkerThread "GC Thread#2"                     [id=17440, stack(0x0000008550400000,0x0000008550500000) (1024K)]
  0x0000020946090d50 WorkerThread "GC Thread#3"                     [id=18812, stack(0x0000008550500000,0x0000008550600000) (1024K)]
  0x0000020945f91730 WorkerThread "GC Thread#4"                     [id=2932, stack(0x0000008550600000,0x0000008550700000) (1024K)]
  0x0000020945f94db0 WorkerThread "GC Thread#5"                     [id=12260, stack(0x0000008550700000,0x0000008550800000) (1024K)]
  0x0000020945f95160 WorkerThread "GC Thread#6"                     [id=20116, stack(0x0000008550800000,0x0000008550900000) (1024K)]
  0x0000020945f95510 WorkerThread "GC Thread#7"                     [id=7288, stack(0x0000008550900000,0x0000008550a00000) (1024K)]
  0x00000209478fa010 WorkerThread "GC Thread#8"                     [id=13212, stack(0x0000008550b00000,0x0000008550c00000) (1024K)]
  0x00000209478fc8a0 WorkerThread "GC Thread#9"                     [id=8664, stack(0x0000008550c00000,0x0000008550d00000) (1024K)]
  0x00000209478fa3c0 WorkerThread "GC Thread#10"                    [id=1920, stack(0x0000008550d00000,0x0000008550e00000) (1024K)]
  0x00000209478f9150 WorkerThread "GC Thread#11"                    [id=25000, stack(0x0000008550e00000,0x0000008550f00000) (1024K)]
  0x00000209478f9500 WorkerThread "GC Thread#12"                    [id=15380, stack(0x0000008550a00000,0x0000008550b00000) (1024K)]
  0x00000209559d6140 ConcurrentGCThread "G1 Main Marker"            [id=15724, stack(0x000000854e400000,0x000000854e500000) (1024K)]
  0x00000209559d7b40 WorkerThread "G1 Conc#0"                       [id=26440, stack(0x000000854e500000,0x000000854e600000) (1024K)]
  0x00000209478f9c60 WorkerThread "G1 Conc#1"                       [id=27024, stack(0x0000008550f00000,0x0000008551000000) (1024K)]
  0x00000209478f8da0 WorkerThread "G1 Conc#2"                       [id=10232, stack(0x0000008551000000,0x0000008551100000) (1024K)]
  0x000002097581e540 ConcurrentGCThread "G1 Refine#0"               [id=2244, stack(0x000000854e600000,0x000000854e700000) (1024K)]
  0x000002097581efd0 ConcurrentGCThread "G1 Service"                [id=704, stack(0x000000854e700000,0x000000854e800000) (1024K)]
Total: 21

Threads with active compile tasks:
C2 CompilerThread0  83937682 19216   !   4       org.springframework.web.filter.RequestContextFilter::doFilterInternal (113 bytes)
Total: 1

VM state: not at safepoint (normal execution)

VM Mutex/Monitor currently owned by a thread: None

Heap address: 0x0000000704e00000, size: 4018 MB, Compressed Oops mode: Zero based, Oop shift amount: 3

CDS archive(s) mapped at: [0x0000020900000000-0x0000020900d40000-0x0000020900d40000), size 13893632, SharedBaseAddress: 0x0000020900000000, ArchiveRelocationMode: 1.
Compressed class space mapped at: 0x0000020901000000-0x0000020941000000, reserved size: 1073741824
UseCompressedClassPointers 1, UseCompactObjectHeaders 0
Narrow klass pointer bits 32, Max shift 3
Narrow klass base: 0x0000020900000000, Narrow klass shift: 0
Encoding Range: [0x0000020900000000 - 0x0000020a00000000), (4294967296 bytes)
Klass Range:    [0x0000020900000000 - 0x0000020941000000), (1090519040 bytes)
Klass ID Range:  [8 - 1090519033) (1090519025)

GC Precious Log:
 CardTable entry size: 512
 Card Set container configuration: InlinePtr #cards 4 size 8 Array Of Cards #cards 16 size 48 Howl #buckets 8 coarsen threshold 3686 Howl Bitmap #cards 512 size 80 coarsen threshold 460 Card regions per heap region 1 cards per card region 4096
 CPUs: 16 total, 16 available
 Memory: 16068M
 Large Page Support: Disabled
 NUMA Support: Disabled
 Compressed Oops: Enabled (Zero based)
 Heap Region Size: 2M
 Heap Min Capacity: 8M
 Heap Initial Capacity: 252M
 Heap Max Capacity: 4018M
 Pre-touch: Disabled
 Parallel Workers: 13
 Concurrent Workers: 3
 Concurrent Refinement Workers: 13
 Periodic GC: Disabled

Heap:
 garbage-first heap   total reserved 4114432K, committed 106496K, used 62095K [0x0000000704e00000, 0x0000000800000000)
  region size 2048K, 14 young (28672K), 1 survivors (2048K)
 Metaspace       used 93712K, committed 94400K, reserved 1179648K
  class space    used 9959K, committed 10240K, reserved 1048576K

Heap Regions: E=young(eden), S=young(survivor), O=old, HS=humongous(starts), HC=humongous(continues), CS=collection set, F=free, TAMS=top-at-mark-start, PB=parsable bottom
|   0|0x0000000704e00000, 0x0000000705000000, 0x0000000705000000|100%| O|  |TAMS 0x0000000704e00000| PB 0x0000000704e00000| Untracked |  0
|   1|0x0000000705000000, 0x0000000705200000, 0x0000000705200000|100%| O|  |TAMS 0x0000000705000000| PB 0x0000000705000000| Untracked |  0
|   2|0x0000000705200000, 0x0000000705400000, 0x0000000705400000|100%| O|  |TAMS 0x0000000705200000| PB 0x0000000705200000| Untracked |  0
|   3|0x0000000705400000, 0x0000000705600000, 0x0000000705600000|100%| O|  |TAMS 0x0000000705400000| PB 0x0000000705400000| Untracked |  0
|   4|0x0000000705600000, 0x0000000705800000, 0x0000000705800000|100%| O|  |TAMS 0x0000000705600000| PB 0x0000000705600000| Untracked |  0
|   5|0x0000000705800000, 0x00000007058818a0, 0x0000000705a00000| 25%| O|  |TAMS 0x0000000705800000| PB 0x0000000705800000| Untracked |  0
|   6|0x0000000705a00000, 0x0000000705c00000, 0x0000000705c00000|100%| O|  |TAMS 0x0000000705a00000| PB 0x0000000705a00000| Untracked |  0
|   7|0x0000000705c00000, 0x0000000705e00000, 0x0000000705e00000|100%| O|  |TAMS 0x0000000705c00000| PB 0x0000000705c00000| Untracked |  0
|   8|0x0000000705e00000, 0x0000000706000000, 0x0000000706000000|100%| O|  |TAMS 0x0000000705e00000| PB 0x0000000705e00000| Untracked |  0
|   9|0x0000000706000000, 0x0000000706200000, 0x0000000706200000|100%| O|  |TAMS 0x0000000706000000| PB 0x0000000706000000| Untracked |  0
|  10|0x0000000706200000, 0x0000000706400000, 0x0000000706400000|100%| O|  |TAMS 0x0000000706200000| PB 0x0000000706200000| Untracked |  0
|  11|0x0000000706400000, 0x0000000706600000, 0x0000000706600000|100%| O|  |TAMS 0x0000000706400000| PB 0x0000000706400000| Untracked |  0
|  12|0x0000000706600000, 0x0000000706800000, 0x0000000706800000|100%| O|  |TAMS 0x0000000706600000| PB 0x0000000706600000| Untracked |  0
|  13|0x0000000706800000, 0x0000000706a00000, 0x0000000706a00000|100%| O|  |TAMS 0x0000000706800000| PB 0x0000000706800000| Untracked |  0
|  14|0x0000000706a00000, 0x0000000706c00000, 0x0000000706c00000|100%| O|  |TAMS 0x0000000706a00000| PB 0x0000000706a00000| Untracked |  0
|  15|0x0000000706c00000, 0x0000000706e00000, 0x0000000706e00000|100%| O|  |TAMS 0x0000000706c00000| PB 0x0000000706c00000| Untracked |  0
|  16|0x0000000706e00000, 0x0000000707000000, 0x0000000707000000|100%| O|  |TAMS 0x0000000706e00000| PB 0x0000000706e00000| Untracked |  0
|  17|0x0000000707000000, 0x0000000707200000, 0x0000000707200000|100%| O|  |TAMS 0x0000000707000000| PB 0x0000000707000000| Untracked |  0
|  18|0x0000000707200000, 0x0000000707400000, 0x0000000707400000|100%| O|  |TAMS 0x0000000707200000| PB 0x0000000707200000| Untracked |  0
|  19|0x0000000707400000, 0x0000000707400000, 0x0000000707600000|  0%| F|  |TAMS 0x0000000707400000| PB 0x0000000707400000| Untracked |  0
|  20|0x0000000707600000, 0x0000000707600000, 0x0000000707800000|  0%| F|  |TAMS 0x0000000707600000| PB 0x0000000707600000| Untracked |  0
|  21|0x0000000707800000, 0x0000000707800000, 0x0000000707a00000|  0%| F|  |TAMS 0x0000000707800000| PB 0x0000000707800000| Untracked |  0
|  22|0x0000000707a00000, 0x0000000707a00000, 0x0000000707c00000|  0%| F|  |TAMS 0x0000000707a00000| PB 0x0000000707a00000| Untracked |  0
|  23|0x0000000707c00000, 0x0000000707c224a0, 0x0000000707e00000|  6%| S|CS|TAMS 0x0000000707c00000| PB 0x0000000707c00000| Complete |  0
|  24|0x0000000707e00000, 0x0000000707e00000, 0x0000000708000000|  0%| F|  |TAMS 0x0000000707e00000| PB 0x0000000707e00000| Untracked |  0
|  25|0x0000000708000000, 0x0000000708000000, 0x0000000708200000|  0%| F|  |TAMS 0x0000000708000000| PB 0x0000000708000000| Untracked |  0
|  26|0x0000000708200000, 0x0000000708200000, 0x0000000708400000|  0%| F|  |TAMS 0x0000000708200000| PB 0x0000000708200000| Untracked |  0
|  27|0x0000000708400000, 0x0000000708400000, 0x0000000708600000|  0%| F|  |TAMS 0x0000000708400000| PB 0x0000000708400000| Untracked |  0
|  28|0x0000000708600000, 0x0000000708600000, 0x0000000708800000|  0%| F|  |TAMS 0x0000000708600000| PB 0x0000000708600000| Untracked |  0
|  29|0x0000000708800000, 0x0000000708800000, 0x0000000708a00000|  0%| F|  |TAMS 0x0000000708800000| PB 0x0000000708800000| Untracked |  0
|  30|0x0000000708a00000, 0x0000000708a00000, 0x0000000708c00000|  0%| F|  |TAMS 0x0000000708a00000| PB 0x0000000708a00000| Untracked |  0
|  31|0x0000000708c00000, 0x0000000708c00000, 0x0000000708e00000|  0%| F|  |TAMS 0x0000000708c00000| PB 0x0000000708c00000| Untracked |  0
|  32|0x0000000708e00000, 0x0000000708e00000, 0x0000000709000000|  0%| F|  |TAMS 0x0000000708e00000| PB 0x0000000708e00000| Untracked |  0
|  33|0x0000000709000000, 0x0000000709000000, 0x0000000709200000|  0%| F|  |TAMS 0x0000000709000000| PB 0x0000000709000000| Untracked |  0
|  34|0x0000000709200000, 0x0000000709200000, 0x0000000709400000|  0%| F|  |TAMS 0x0000000709200000| PB 0x0000000709200000| Untracked |  0
|  35|0x0000000709400000, 0x0000000709400000, 0x0000000709600000|  0%| F|  |TAMS 0x0000000709400000| PB 0x0000000709400000| Untracked |  0
|  36|0x0000000709600000, 0x0000000709600000, 0x0000000709800000|  0%| F|  |TAMS 0x0000000709600000| PB 0x0000000709600000| Untracked |  0
|  37|0x0000000709800000, 0x0000000709800000, 0x0000000709a00000|  0%| F|  |TAMS 0x0000000709800000| PB 0x0000000709800000| Untracked |  0
|  38|0x0000000709a00000, 0x0000000709a00000, 0x0000000709c00000|  0%| F|  |TAMS 0x0000000709a00000| PB 0x0000000709a00000| Untracked |  0
|  39|0x0000000709c00000, 0x0000000709d34178, 0x0000000709e00000| 60%| E|  |TAMS 0x0000000709c00000| PB 0x0000000709c00000| Complete |  0
|  40|0x0000000709e00000, 0x000000070a000000, 0x000000070a000000|100%| E|CS|TAMS 0x0000000709e00000| PB 0x0000000709e00000| Complete |  0
|  41|0x000000070a000000, 0x000000070a200000, 0x000000070a200000|100%| E|CS|TAMS 0x000000070a000000| PB 0x000000070a000000| Complete |  0
|  42|0x000000070a200000, 0x000000070a400000, 0x000000070a400000|100%| E|CS|TAMS 0x000000070a200000| PB 0x000000070a200000| Complete |  0
|  43|0x000000070a400000, 0x000000070a600000, 0x000000070a600000|100%| E|CS|TAMS 0x000000070a400000| PB 0x000000070a400000| Complete |  0
|  44|0x000000070a600000, 0x000000070a800000, 0x000000070a800000|100%| E|CS|TAMS 0x000000070a600000| PB 0x000000070a600000| Complete |  0
| 103|0x0000000711c00000, 0x0000000711e00000, 0x0000000711e00000|100%| E|CS|TAMS 0x0000000711c00000| PB 0x0000000711c00000| Complete |  0
| 104|0x0000000711e00000, 0x0000000712000000, 0x0000000712000000|100%| E|CS|TAMS 0x0000000711e00000| PB 0x0000000711e00000| Complete |  0
| 105|0x0000000712000000, 0x0000000712200000, 0x0000000712200000|100%| E|CS|TAMS 0x0000000712000000| PB 0x0000000712000000| Complete |  0
| 106|0x0000000712200000, 0x0000000712400000, 0x0000000712400000|100%| E|CS|TAMS 0x0000000712200000| PB 0x0000000712200000| Complete |  0
| 107|0x0000000712400000, 0x0000000712600000, 0x0000000712600000|100%| E|CS|TAMS 0x0000000712400000| PB 0x0000000712400000| Complete |  0
| 125|0x0000000714800000, 0x0000000714a00000, 0x0000000714a00000|100%| E|CS|TAMS 0x0000000714800000| PB 0x0000000714800000| Complete |  0
|2008|0x00000007ffe00000, 0x0000000800000000, 0x0000000800000000|100%| E|CS|TAMS 0x00000007ffe00000| PB 0x00000007ffe00000| Complete |  0

Card table byte_map: [0x000002096e360000,0x000002096eb40000] _byte_map_base: 0x000002096ab39000

Marking Bits: (CMBitMap*) 0x00000209559c0e20
 Bits: [0x000002096eb40000, 0x0000020972a08000)

Polling page: 0x0000020953c90000

Metaspace:

Usage:
  Non-class:     81.79 MB used.
      Class:      9.73 MB used.
       Both:     91.52 MB used.

Virtual space:
  Non-class space:      128.00 MB reserved,      82.19 MB ( 64%) committed,  2 nodes.
      Class space:        1.00 GB reserved,      10.00 MB ( <1%) committed,  1 nodes.
             Both:        1.12 GB reserved,      92.19 MB (  8%) committed. 

Chunk freelists:
   Non-Class:  13.44 MB
       Class:  5.85 MB
        Both:  19.28 MB

MaxMetaspaceSize: unlimited
CompressedClassSpaceSize: 1.00 GB
Initial GC threshold: 21.00 MB
Current GC threshold: 153.69 MB
CDS: on
 - commit_granule_bytes: 65536.
 - commit_granule_words: 8192.
 - virtual_space_node_default_size: 8388608.
 - enlarge_chunks_in_place: 1.
UseCompressedClassPointers 1, UseCompactObjectHeaders 0
Narrow klass pointer bits 32, Max shift 3
Narrow klass base: 0x0000020900000000, Narrow klass shift: 0
Encoding Range: [0x0000020900000000 - 0x0000020a00000000), (4294967296 bytes)
Klass Range:    [0x0000020900000000 - 0x0000020941000000), (1090519040 bytes)
Klass ID Range:  [8 - 1090519033) (1090519025)


Internal statistics:

num_allocs_failed_limit: 11.
num_arena_births: 1158.
num_arena_deaths: 244.
num_vsnodes_births: 3.
num_vsnodes_deaths: 0.
num_space_committed: 1474.
num_space_uncommitted: 0.
num_chunks_returned_to_freelist: 265.
num_chunks_taken_from_freelist: 4552.
num_chunk_merges: 64.
num_chunk_splits: 3138.
num_chunks_enlarged: 2515.
num_inconsistent_stats: 0.

CodeHeap 'non-profiled nmethods': size=119232Kb used=6467Kb max_used=8353Kb free=112764Kb
 bounds [0x0000020965d80000, 0x00000209665d0000, 0x000002096d1f0000]
CodeHeap 'profiled nmethods': size=119104Kb used=5259Kb max_used=17914Kb free=113844Kb
 bounds [0x000002095e1f0000, 0x000002095f3a0000, 0x0000020965640000]
CodeHeap 'non-nmethods': size=7424Kb used=1660Kb max_used=3476Kb free=5763Kb
 bounds [0x0000020965640000, 0x00000209659c0000, 0x0000020965d80000]
CodeCache: size=245760Kb, used=13386Kb, max_used=29743Kb, free=232371Kb
 total_blobs=4285, nmethods=3479, adapters=709, full_count=0
Compilation: enabled, stopped_count=0, restarted_count=0

Compilation events (20 events):
Event: 83936.096 Thread 0x00000209450303c0 nmethod 19206 0x00000209664c3e88 code [0x00000209664c40e0, 0x00000209664c5068]
Event: 83936.096 Thread 0x00000209450303c0 19207       4       io.jsonwebtoken.security.Keys::hmacShaKeyFor (150 bytes)
Event: 83936.101 Thread 0x00000209450303c0 nmethod 19207 0x00000209660bfe88 code [0x00000209660bffe0, 0x00000209660c0568]
Event: 83936.102 Thread 0x00000209450303c0 19208   !   4       com.sachein.config.JwtTokenValidator::doFilterInternal (149 bytes)
Event: 83936.217 Thread 0x00000209450303c0 nmethod 19208 0x000002096628f888 code [0x000002096628ffa0, 0x00000209662965d8]
Event: 83936.217 Thread 0x00000209450303c0 19210       4       org.hibernate.internal.AbstractSharedSessionContract::isClosed (23 bytes)
Event: 83936.218 Thread 0x00000209450303c0 nmethod 19210 0x0000020965eab908 code [0x0000020965eaba20, 0x0000020965eabaf0]
Event: 83936.218 Thread 0x00000209450303c0 19209       4       org.springframework.util.TypeUtils::isAssignable (318 bytes)
Event: 83936.229 Thread 0x00000209450303c0 nmethod 19209 0x0000020965ef5c08 code [0x0000020965ef5de0, 0x0000020965ef6850]
Event: 83936.230 Thread 0x00000209450303c0 19211       4       org.springframework.data.repository.core.support.QueryExecutionResultHandler::postProcessInvocationResult (24 bytes)
Event: 83936.239 Thread 0x00000209450303c0 nmethod 19211 0x0000020965e61308 code [0x0000020965e61540, 0x0000020965e62368]
Event: 83936.310 Thread 0x00000209450303c0 19212       4       org.springframework.data.repository.core.support.QueryExecutionResultHandler::processingRequired (70 bytes)
Event: 83936.314 Thread 0x00000209450303c0 nmethod 19212 0x0000020965e6af08 code [0x0000020965e6b060, 0x0000020965e6b560]
Event: 83936.380 Thread 0x00000209450303c0 19213       4       org.springframework.security.web.firewall.StrictHttpFirewall::getFirewalledRequest (54 bytes)
Event: 83936.428 Thread 0x00000209450303c0 nmethod 19213 0x0000020965f36608 code [0x0000020965f36a40, 0x0000020965f39d38]
Event: 83936.429 Thread 0x00000209450303c0 19214       4       com.zaxxer.hikari.util.ClockSource$NanosecondClockSource::elapsedMillis0 (10 bytes)
Event: 83936.429 Thread 0x00000209450303c0 nmethod 19214 0x0000020965eb9188 code [0x0000020965eb9280, 0x0000020965eb93b8]
Event: 83936.438 Thread 0x00000209450303c0 19215       4       org.springframework.security.config.annotation.web.configuration.WebMvcSecurityConfiguration$CompositeFilterChainProxy::doFilter (13 bytes)
Event: 83936.444 Thread 0x00000209450303c0 nmethod 19215 0x0000020965e54908 code [0x0000020965e54ac0, 0x0000020965e55170]
Event: 83936.506 Thread 0x00000209450303c0 19216   !   4       org.springframework.web.filter.RequestContextFilter::doFilterInternal (113 bytes)

GC Heap History (20 events):
Event: 83633.859 GC heap before
{Heap before GC invocations=75 (full 0):
 garbage-first heap   total reserved 4114432K, committed 106496K, used 94795K [0x0000000704e00000, 0x0000000800000000)
  region size 2048K, 29 young (59392K), 1 survivors (2048K)
 Metaspace       used 93707K, committed 94400K, reserved 1179648K
  class space    used 9959K, committed 10240K, reserved 1048576K
}
Event: 83633.862 GC heap after
{Heap after GC invocations=76 (full 0):
 garbage-first heap   total reserved 4114432K, committed 106496K, used 37490K [0x0000000704e00000, 0x0000000800000000)
  region size 2048K, 1 young (2048K), 1 survivors (2048K)
 Metaspace       used 93707K, committed 94400K, reserved 1179648K
  class space    used 9959K, committed 10240K, reserved 1048576K
}
Event: 83642.838 GC heap before
{Heap before GC invocations=77 (full 0):
 garbage-first heap   total reserved 4114432K, committed 106496K, used 92786K [0x0000000704e00000, 0x0000000800000000)
  region size 2048K, 29 young (59392K), 1 survivors (2048K)
 Metaspace       used 93705K, committed 94400K, reserved 1179648K
  class space    used 9958K, committed 10240K, reserved 1048576K
}
Event: 83642.840 GC heap after
{Heap after GC invocations=78 (full 0):
 garbage-first heap   total reserved 4114432K, committed 106496K, used 37476K [0x0000000704e00000, 0x0000000800000000)
  region size 2048K, 1 young (2048K), 1 survivors (2048K)
 Metaspace       used 93705K, committed 94400K, reserved 1179648K
  class space    used 9958K, committed 10240K, reserved 1048576K
}
Event: 83657.223 GC heap before
{Heap before GC invocations=78 (full 0):
 garbage-first heap   total reserved 4114432K, committed 106496K, used 92772K [0x0000000704e00000, 0x0000000800000000)
  region size 2048K, 28 young (57344K), 1 survivors (2048K)
 Metaspace       used 93706K, committed 94400K, reserved 1179648K
  class space    used 9958K, committed 10240K, reserved 1048576K
}
Event: 83657.231 GC heap after
{Heap after GC invocations=79 (full 0):
 garbage-first heap   total reserved 4114432K, committed 106496K, used 37269K [0x0000000704e00000, 0x0000000800000000)
  region size 2048K, 1 young (2048K), 1 survivors (2048K)
 Metaspace       used 93706K, committed 94400K, reserved 1179648K
  class space    used 9958K, committed 10240K, reserved 1048576K
}
Event: 83710.944 GC heap before
{Heap before GC invocations=79 (full 0):
 garbage-first heap   total reserved 4114432K, committed 106496K, used 92565K [0x0000000704e00000, 0x0000000800000000)
  region size 2048K, 29 young (59392K), 1 survivors (2048K)
 Metaspace       used 93706K, committed 94400K, reserved 1179648K
  class space    used 9958K, committed 10240K, reserved 1048576K
}
Event: 83710.947 GC heap after
{Heap after GC invocations=80 (full 0):
 garbage-first heap   total reserved 4114432K, committed 106496K, used 37457K [0x0000000704e00000, 0x0000000800000000)
  region size 2048K, 1 young (2048K), 1 survivors (2048K)
 Metaspace       used 93706K, committed 94400K, reserved 1179648K
  class space    used 9958K, committed 10240K, reserved 1048576K
}
Event: 83762.588 GC heap before
{Heap before GC invocations=81 (full 0):
 garbage-first heap   total reserved 4114432K, committed 106496K, used 90705K [0x0000000704e00000, 0x0000000800000000)
  region size 2048K, 28 young (57344K), 1 survivors (2048K)
 Metaspace       used 93706K, committed 94400K, reserved 1179648K
  class space    used 9958K, committed 10240K, reserved 1048576K
}
Event: 83762.591 GC heap after
{Heap after GC invocations=82 (full 0):
 garbage-first heap   total reserved 4114432K, committed 106496K, used 37415K [0x0000000704e00000, 0x0000000800000000)
  region size 2048K, 1 young (2048K), 1 survivors (2048K)
 Metaspace       used 93706K, committed 94400K, reserved 1179648K
  class space    used 9958K, committed 10240K, reserved 1048576K
}
Event: 83814.047 GC heap before
{Heap before GC invocations=82 (full 0):
 garbage-first heap   total reserved 4114432K, committed 106496K, used 90663K [0x0000000704e00000, 0x0000000800000000)
  region size 2048K, 28 young (57344K), 1 survivors (2048K)
 Metaspace       used 93707K, committed 94400K, reserved 1179648K
  class space    used 9958K, committed 10240K, reserved 1048576K
}
Event: 83814.051 GC heap after
{Heap after GC invocations=83 (full 0):
 garbage-first heap   total reserved 4114432K, committed 106496K, used 37428K [0x0000000704e00000, 0x0000000800000000)
  region size 2048K, 1 young (2048K), 1 survivors (2048K)
 Metaspace       used 93707K, committed 94400K, reserved 1179648K
  class space    used 9958K, committed 10240K, reserved 1048576K
}
Event: 83868.642 GC heap before
{Heap before GC invocations=84 (full 0):
 garbage-first heap   total reserved 4114432K, committed 106496K, used 92724K [0x0000000704e00000, 0x0000000800000000)
  region size 2048K, 28 young (57344K), 1 survivors (2048K)
 Metaspace       used 93708K, committed 94400K, reserved 1179648K
  class space    used 9958K, committed 10240K, reserved 1048576K
}
Event: 83868.644 GC heap after
{Heap after GC invocations=85 (full 0):
 garbage-first heap   total reserved 4114432K, committed 106496K, used 37443K [0x0000000704e00000, 0x0000000800000000)
  region size 2048K, 1 young (2048K), 1 survivors (2048K)
 Metaspace       used 93708K, committed 94400K, reserved 1179648K
  class space    used 9958K, committed 10240K, reserved 1048576K
}
Event: 83922.505 GC heap before
{Heap before GC invocations=85 (full 0):
 garbage-first heap   total reserved 4114432K, committed 106496K, used 90691K [0x0000000704e00000, 0x0000000800000000)
  region size 2048K, 28 young (57344K), 1 survivors (2048K)
 Metaspace       used 93709K, committed 94400K, reserved 1179648K
  class space    used 9958K, committed 10240K, reserved 1048576K
}
Event: 83922.508 GC heap after
{Heap after GC invocations=86 (full 0):
 garbage-first heap   total reserved 4114432K, committed 106496K, used 37451K [0x0000000704e00000, 0x0000000800000000)
  region size 2048K, 1 young (2048K), 1 survivors (2048K)
 Metaspace       used 93709K, committed 94400K, reserved 1179648K
  class space    used 9958K, committed 10240K, reserved 1048576K
}
Event: 83929.112 GC heap before
{Heap before GC invocations=87 (full 0):
 garbage-first heap   total reserved 4114432K, committed 106496K, used 90699K [0x0000000704e00000, 0x0000000800000000)
  region size 2048K, 28 young (57344K), 1 survivors (2048K)
 Metaspace       used 93709K, committed 94400K, reserved 1179648K
  class space    used 9958K, committed 10240K, reserved 1048576K
}
Event: 83929.114 GC heap after
{Heap after GC invocations=88 (full 0):
 garbage-first heap   total reserved 4114432K, committed 106496K, used 37467K [0x0000000704e00000, 0x0000000800000000)
  region size 2048K, 1 young (2048K), 1 survivors (2048K)
 Metaspace       used 93709K, committed 94400K, reserved 1179648K
  class space    used 9958K, committed 10240K, reserved 1048576K
}
Event: 83934.258 GC heap before
{Heap before GC invocations=88 (full 0):
 garbage-first heap   total reserved 4114432K, committed 106496K, used 92763K [0x0000000704e00000, 0x0000000800000000)
  region size 2048K, 28 young (57344K), 1 survivors (2048K)
 Metaspace       used 93711K, committed 94400K, reserved 1179648K
  class space    used 9959K, committed 10240K, reserved 1048576K
}
Event: 83934.260 GC heap after
{Heap after GC invocations=89 (full 0):
 garbage-first heap   total reserved 4114432K, committed 106496K, used 37519K [0x0000000704e00000, 0x0000000800000000)
  region size 2048K, 1 young (2048K), 1 survivors (2048K)
 Metaspace       used 93711K, committed 94400K, reserved 1179648K
  class space    used 9959K, committed 10240K, reserved 1048576K
}

Dll operation events (13 events):
Event: 0.019 Loaded shared library C:\Program Files\Java\jdk-24\bin\java.dll
Event: 0.041 Loaded shared library C:\Program Files\Java\jdk-24\bin\jsvml.dll
Event: 0.085 Loaded shared library C:\Program Files\Java\jdk-24\bin\zip.dll
Event: 0.087 Loaded shared library C:\Program Files\Java\jdk-24\bin\instrument.dll
Event: 0.090 Loaded shared library C:\Program Files\Java\jdk-24\bin\net.dll
Event: 0.092 Loaded shared library C:\Program Files\Java\jdk-24\bin\nio.dll
Event: 0.093 Loaded shared library C:\Program Files\Java\jdk-24\bin\zip.dll
Event: 0.167 Loaded shared library C:\Program Files\Java\jdk-24\bin\extnet.dll
Event: 0.186 Loaded shared library C:\Program Files\Java\jdk-24\bin\jimage.dll
Event: 0.378 Loaded shared library C:\Program Files\Java\jdk-24\bin\management.dll
Event: 0.380 Loaded shared library C:\Program Files\Java\jdk-24\bin\management_ext.dll
Event: 1.227 Loaded shared library C:\Program Files\Java\jdk-24\bin\sunmscapi.dll
Event: 3.166 Loaded shared library C:\Program Files\Java\jdk-24\bin\verify.dll

Deoptimization events (20 events):
Event: 83935.317 Thread 0x0000020975f63930 Uncommon trap: trap_request=0xffffff4d fr.pc=0x000002096606c9d4 relative=0x0000000000000174
Event: 83935.317 Thread 0x0000020975f63930 Uncommon trap: reason=unstable_if action=reinterpret pc=0x000002096606c9d4 method=org.hibernate.query.sqm.internal.SqmUtil.verifyResultType(Ljava/lang/Class;Lorg/hibernate/query/sqm/SqmExpressible;)V @ 27 c2
Event: 83935.317 Thread 0x0000020975f63930 DEOPT PACKING pc=0x000002096606c9d4 sp=0x0000008551ffaa10
Event: 83935.317 Thread 0x0000020975f63930 DEOPT UNPACKING pc=0x0000020965758602 sp=0x0000008551ffa910 mode 2
Event: 83936.251 Thread 0x0000020975f614a0 Uncommon trap: trap_request=0xffffff66 fr.pc=0x0000020965e61fac relative=0x0000000000000a6c
Event: 83936.251 Thread 0x0000020975f614a0 Uncommon trap: reason=speculate_class_check action=maybe_recompile pc=0x0000020965e61fac method=org.springframework.data.repository.core.support.QueryExecutionResultHandler.postProcessInvocationResult(Ljava/lang/Object;ILorg/springframework/data/repositor
Event: 83936.251 Thread 0x0000020975f614a0 DEOPT PACKING pc=0x0000020965e61fac sp=0x0000008551efb3e0
Event: 83936.251 Thread 0x0000020975f614a0 DEOPT UNPACKING pc=0x0000020965758602 sp=0x0000008551efb328 mode 2
Event: 83936.262 Thread 0x0000020975f63930 Uncommon trap: trap_request=0xffffff66 fr.pc=0x0000020965e61fac relative=0x0000000000000a6c
Event: 83936.262 Thread 0x0000020975f63930 Uncommon trap: reason=speculate_class_check action=maybe_recompile pc=0x0000020965e61fac method=org.springframework.data.repository.core.support.QueryExecutionResultHandler.postProcessInvocationResult(Ljava/lang/Object;ILorg/springframework/data/repositor
Event: 83936.262 Thread 0x0000020975f63930 DEOPT PACKING pc=0x0000020965e61fac sp=0x0000008551ffb1c0
Event: 83936.262 Thread 0x0000020975f63930 DEOPT UNPACKING pc=0x0000020965758602 sp=0x0000008551ffb108 mode 2
Event: 83936.272 Thread 0x0000020975f61bf0 Uncommon trap: trap_request=0xffffff66 fr.pc=0x0000020965e61fac relative=0x0000000000000a6c
Event: 83936.272 Thread 0x0000020975f61bf0 Uncommon trap: reason=speculate_class_check action=maybe_recompile pc=0x0000020965e61fac method=org.springframework.data.repository.core.support.QueryExecutionResultHandler.postProcessInvocationResult(Ljava/lang/Object;ILorg/springframework/data/repositor
Event: 83936.272 Thread 0x0000020975f61bf0 DEOPT PACKING pc=0x0000020965e61fac sp=0x00000085524fb0f0
Event: 83936.272 Thread 0x0000020975f61bf0 DEOPT UNPACKING pc=0x0000020965758602 sp=0x00000085524fb038 mode 2
Event: 83936.283 Thread 0x0000020975f631e0 Uncommon trap: trap_request=0xffffff66 fr.pc=0x0000020965e61fac relative=0x0000000000000a6c
Event: 83936.283 Thread 0x0000020975f631e0 Uncommon trap: reason=speculate_class_check action=maybe_recompile pc=0x0000020965e61fac method=org.springframework.data.repository.core.support.QueryExecutionResultHandler.postProcessInvocationResult(Ljava/lang/Object;ILorg/springframework/data/repositor
Event: 83936.283 Thread 0x0000020975f631e0 DEOPT PACKING pc=0x0000020965e61fac sp=0x00000085525fb1d0
Event: 83936.283 Thread 0x0000020975f631e0 DEOPT UNPACKING pc=0x0000020965758602 sp=0x00000085525fb118 mode 2

Classes loaded (20 events):
Event: 428.728 Loading class java/lang/Throwable$WrappedPrintWriter
Event: 428.728 Loading class java/lang/Throwable$PrintStreamOrWriter
Event: 428.728 Loading class java/lang/Throwable$PrintStreamOrWriter done
Event: 428.728 Loading class java/lang/Throwable$WrappedPrintWriter done
Event: 477.781 Loading class java/util/concurrent/locks/ReentrantReadWriteLock$Sync$HoldCounter
Event: 477.781 Loading class java/util/concurrent/locks/ReentrantReadWriteLock$Sync$HoldCounter done
Event: 1392.965 Loading class sun/security/ssl/Alert
Event: 1392.966 Loading class sun/security/ssl/Alert done
Event: 1392.966 Loading class sun/security/ssl/Alert$AlertConsumer
Event: 1392.966 Loading class sun/security/ssl/Alert$AlertConsumer done
Event: 1392.966 Loading class sun/security/ssl/Alert$Level
Event: 1392.966 Loading class sun/security/ssl/Alert$Level done
Event: 1392.968 Loading class sun/net/ConnectionResetException
Event: 1392.968 Loading class sun/net/ConnectionResetException done
Event: 71317.546 Loading class java/rmi/server/UnicastRemoteObject
Event: 71317.566 Loading class java/rmi/server/UnicastRemoteObject done
Event: 81893.147 Loading class java/lang/invoke/MethodHandleImpl$CountingWrapper$1
Event: 81893.149 Loading class java/lang/invoke/MethodHandleImpl$CountingWrapper$1 done
Event: 83526.135 Loading class sun/util/locale/LocaleExtensions
Event: 83526.154 Loading class sun/util/locale/LocaleExtensions done

Classes unloaded (20 events):
Event: 77655.801 Thread 0x00000209759703f0 Unloading class 0x0000020901918c00 'java/lang/invoke/LambdaForm$BMH+0x0000020901918c00'
Event: 77655.801 Thread 0x00000209759703f0 Unloading class 0x000002090190c400 'java/lang/invoke/LambdaForm$DMH+0x000002090190c400'
Event: 77655.801 Thread 0x00000209759703f0 Unloading class 0x0000020901900400 'java/lang/invoke/LambdaForm$MH+0x0000020901900400'
Event: 77655.801 Thread 0x00000209759703f0 Unloading class 0x00000209018fdc00 'java/lang/invoke/LambdaForm$MH+0x00000209018fdc00'
Event: 77655.801 Thread 0x00000209759703f0 Unloading class 0x00000209018fd800 'java/lang/invoke/LambdaForm$MH+0x00000209018fd800'
Event: 77655.801 Thread 0x00000209759703f0 Unloading class 0x00000209018fd000 'java/lang/invoke/LambdaForm$MH+0x00000209018fd000'
Event: 77655.801 Thread 0x00000209759703f0 Unloading class 0x00000209018fcc00 'java/lang/invoke/LambdaForm$MH+0x00000209018fcc00'
Event: 77655.801 Thread 0x00000209759703f0 Unloading class 0x00000209018fc400 'java/lang/invoke/LambdaForm$MH+0x00000209018fc400'
Event: 77655.801 Thread 0x00000209759703f0 Unloading class 0x00000209018fc000 'java/lang/invoke/LambdaForm$MH+0x00000209018fc000'
Event: 81709.989 Thread 0x00000209759703f0 Unloading class 0x0000020901a18000 'java/lang/invoke/LambdaForm$MH+0x0000020901a18000'
Event: 81709.989 Thread 0x00000209759703f0 Unloading class 0x0000020901a13800 'java/lang/invoke/LambdaForm$MH+0x0000020901a13800'
Event: 81709.989 Thread 0x00000209759703f0 Unloading class 0x0000020901a13400 'java/lang/invoke/LambdaForm$MH+0x0000020901a13400'
Event: 81709.989 Thread 0x00000209759703f0 Unloading class 0x0000020901a12c00 'java/lang/invoke/LambdaForm$BMH+0x0000020901a12c00'
Event: 83587.561 Thread 0x00000209759703f0 Unloading class 0x0000020901238000 'java/lang/invoke/LambdaForm$MH+0x0000020901238000'
Event: 83587.562 Thread 0x00000209759703f0 Unloading class 0x0000020901361000 'java/lang/invoke/LambdaForm$MH+0x0000020901361000'
Event: 83587.562 Thread 0x00000209759703f0 Unloading class 0x000002090139c000 'java/lang/invoke/LambdaForm$MH+0x000002090139c000'
Event: 83587.562 Thread 0x00000209759703f0 Unloading class 0x00000209013ad800 'java/lang/invoke/LambdaForm$MH+0x00000209013ad800'
Event: 83587.562 Thread 0x00000209759703f0 Unloading class 0x00000209013ae000 'java/lang/invoke/LambdaForm$MH+0x00000209013ae000'
Event: 83600.264 Thread 0x00000209759703f0 Unloading class 0x0000020901121400 'java/lang/invoke/LambdaForm$MH+0x0000020901121400'
Event: 83633.886 Thread 0x00000209759703f0 Unloading class 0x0000020901088c00 'java/lang/invoke/LambdaForm$MH+0x0000020901088c00'

Classes redefined (0 events):
No events

Internal exceptions (20 events):
Event: 80872.235 Thread 0x000002094a5e5690 Exception <a 'java/io/IOException'{0x00000007088db220}> (0x00000007088db220) 
thrown [s\open\src\hotspot\share\prims\jni.cpp, line 518]
Event: 80872.235 Thread 0x000002094a5e5690 Exception <a 'java/io/IOException'{0x00000007088dbe88}> (0x00000007088dbe88) 
thrown [s\open\src\hotspot\share\prims\jni.cpp, line 518]
Event: 80984.220 Thread 0x000002094a5e5690 Exception <a 'java/io/IOException'{0x00000007086e12d0}> (0x00000007086e12d0) 
thrown [s\open\src\hotspot\share\prims\jni.cpp, line 518]
Event: 80984.220 Thread 0x000002094a5e5690 Exception <a 'java/io/IOException'{0x00000007086e1f38}> (0x00000007086e1f38) 
thrown [s\open\src\hotspot\share\prims\jni.cpp, line 518]
Event: 81228.794 Thread 0x000002094a5e5690 Exception <a 'java/io/IOException'{0x0000000711ee9ca0}> (0x0000000711ee9ca0) 
thrown [s\open\src\hotspot\share\prims\jni.cpp, line 518]
Event: 81228.795 Thread 0x000002094a5e5690 Exception <a 'java/io/IOException'{0x0000000711eeac10}> (0x0000000711eeac10) 
thrown [s\open\src\hotspot\share\prims\jni.cpp, line 518]
Event: 81614.649 Thread 0x0000020975f614a0 Exception <a 'java/lang/NoSuchMethodError'{0x0000000708940cd8}: 'void java.lang.invoke.DelegatingMethodHandle$Holder.reinvoke_L(java.lang.Object, java.lang.Object, int)'> (0x0000000708940cd8) 
thrown [s\open\src\hotspot\share\interpreter\linkResolver.cpp, line 805]
Event: 82174.692 Thread 0x000002094a5e5690 Exception <a 'java/io/IOException'{0x00000007092ec088}> (0x00000007092ec088) 
thrown [s\open\src\hotspot\share\prims\jni.cpp, line 518]
Event: 82174.692 Thread 0x000002094a5e5690 Exception <a 'java/io/IOException'{0x00000007092ecf90}> (0x00000007092ecf90) 
thrown [s\open\src\hotspot\share\prims\jni.cpp, line 518]
Event: 82695.796 Thread 0x000002094a5e5de0 Exception <a 'java/io/IOException'{0x00000007086eecb8}> (0x00000007086eecb8) 
thrown [s\open\src\hotspot\share\prims\jni.cpp, line 518]
Event: 82695.797 Thread 0x000002094a5e5de0 Exception <a 'java/io/IOException'{0x00000007086f0c20}> (0x00000007086f0c20) 
thrown [s\open\src\hotspot\share\prims\jni.cpp, line 518]
Event: 82695.797 Thread 0x000002094a5e5de0 Exception <a 'java/io/IOException'{0x00000007086f1888}> (0x00000007086f1888) 
thrown [s\open\src\hotspot\share\prims\jni.cpp, line 518]
Event: 83139.074 Thread 0x0000020975f673b0 Implicit null exception at 0x0000020965f32e05 to 0x0000020965f33388
Event: 83303.888 Thread 0x0000020975f61bf0 Implicit null exception at 0x0000020965f66c8e to 0x0000020965f66fec
Event: 83532.122 Thread 0x00000209478c2040 Implicit null exception at 0x000002096619d165 to 0x000002096619e010
Event: 83532.125 Thread 0x00000209478c2040 Implicit null exception at 0x000002096619d165 to 0x000002096619e010
Event: 83532.125 Thread 0x00000209478c2040 Implicit null exception at 0x000002096619d165 to 0x000002096619e010
Event: 83532.125 Thread 0x00000209478c2040 Implicit null exception at 0x000002096619d165 to 0x000002096619e010
Event: 83589.227 Thread 0x00000209478c2040 Exception <a 'java/io/IOException'{0x0000000709e34d88}> (0x0000000709e34d88) 
thrown [s\open\src\hotspot\share\prims\jni.cpp, line 518]
Event: 83589.228 Thread 0x00000209478c2040 Exception <a 'java/io/IOException'{0x0000000709e35cf8}> (0x0000000709e35cf8) 
thrown [s\open\src\hotspot\share\prims\jni.cpp, line 518]

VM Operations (20 events):
Event: 83868.642 Executing VM operation: G1CollectForAllocation (G1 Evacuation Pause)
Event: 83868.644 Executing VM operation: G1CollectForAllocation (G1 Evacuation Pause) done
Event: 83894.799 Executing VM operation: HandshakeAllThreads (HandshakeForDeflation)
Event: 83894.799 Executing VM operation: HandshakeAllThreads (HandshakeForDeflation) done
Event: 83894.799 Executing VM operation: RendezvousGCThreads
Event: 83894.799 Executing VM operation: RendezvousGCThreads done
Event: 83922.505 Executing VM operation: G1CollectForAllocation (G1 Evacuation Pause)
Event: 83922.508 Executing VM operation: G1CollectForAllocation (G1 Evacuation Pause) done
Event: 83922.529 Executing VM operation: G1PauseRemark
Event: 83922.533 Executing VM operation: G1PauseRemark done
Event: 83922.541 Executing VM operation: G1PauseCleanup
Event: 83922.541 Executing VM operation: G1PauseCleanup done
Event: 83929.112 Executing VM operation: G1CollectForAllocation (G1 Evacuation Pause)
Event: 83929.114 Executing VM operation: G1CollectForAllocation (G1 Evacuation Pause) done
Event: 83934.258 Executing VM operation: G1CollectForAllocation (G1 Evacuation Pause)
Event: 83934.260 Executing VM operation: G1CollectForAllocation (G1 Evacuation Pause) done
Event: 83934.285 Executing VM operation: G1PauseRemark
Event: 83934.289 Executing VM operation: G1PauseRemark done
Event: 83934.299 Executing VM operation: G1PauseCleanup
Event: 83934.299 Executing VM operation: G1PauseCleanup done

Memory protections (0 events):
No events

Nmethod flushes (20 events):
Event: 83934.288 Thread 0x00000209759703f0 flushing  nmethod 0x000002096654a208
Event: 83934.288 Thread 0x00000209759703f0 flushing  nmethod 0x000002095e1fff88
Event: 83934.288 Thread 0x00000209759703f0 flushing  nmethod 0x000002095e203208
Event: 83934.288 Thread 0x00000209759703f0 flushing  nmethod 0x000002095e203c08
Event: 83934.288 Thread 0x00000209759703f0 flushing  nmethod 0x000002095e204f88
Event: 83934.288 Thread 0x00000209759703f0 flushing  nmethod 0x000002095e208e08
Event: 83934.288 Thread 0x00000209759703f0 flushing  nmethod 0x000002095e42b988
Event: 83934.288 Thread 0x00000209759703f0 flushing  nmethod 0x000002095e78ea08
Event: 83934.288 Thread 0x00000209759703f0 flushing  nmethod 0x000002095e79b108
Event: 83934.288 Thread 0x00000209759703f0 flushing  nmethod 0x000002095e7a1808
Event: 83934.288 Thread 0x00000209759703f0 flushing  nmethod 0x000002095e7ae408
Event: 83934.288 Thread 0x00000209759703f0 flushing  nmethod 0x000002095e9a1108
Event: 83934.288 Thread 0x00000209759703f0 flushing  nmethod 0x000002095e9a6588
Event: 83934.288 Thread 0x00000209759703f0 flushing  nmethod 0x000002095ec1b708
Event: 83934.288 Thread 0x00000209759703f0 flushing  nmethod 0x000002095ee05c08
Event: 83934.288 Thread 0x00000209759703f0 flushing  nmethod 0x000002095ee08888
Event: 83934.288 Thread 0x00000209759703f0 flushing  nmethod 0x000002095ef94f88
Event: 83934.288 Thread 0x00000209759703f0 flushing  nmethod 0x000002095f121888
Event: 83934.288 Thread 0x00000209759703f0 flushing  nmethod 0x000002095f128208
Event: 83934.288 Thread 0x00000209759703f0 flushing  nmethod 0x000002095f12c088

Events (20 events):
Event: 83591.000 Thread 0x0000020947cb90d0 Thread exited: 0x0000020947cb90d0
Event: 83594.230 Thread 0x00000209478c2040 Thread exited: 0x00000209478c2040
Event: 83594.280 Thread 0x00000209478c44d0 Thread exited: 0x00000209478c44d0
Event: 83597.931 Thread 0x0000020945f2bab0 Thread added: 0x00000209478c44d0
Event: 83620.592 Thread 0x00000209450303c0 Thread added: 0x0000020947cb90d0
Event: 83620.592 Thread 0x00000209450303c0 Thread added: 0x0000020947cb9860
Event: 83620.792 Thread 0x0000020947cb9860 Thread exited: 0x0000020947cb9860
Event: 83621.464 Thread 0x0000020947cb90d0 Thread exited: 0x0000020947cb90d0
Event: 83672.952 Thread 0x00000209478c44d0 Thread exited: 0x00000209478c44d0
Event: 83897.949 Thread 0x0000020945f2bab0 Thread added: 0x00000209478bed10
Event: 83897.954 Thread 0x00000209450303c0 Thread added: 0x0000020947cb6370
Event: 83897.954 Thread 0x00000209450303c0 Thread added: 0x0000020947cb90d0
Event: 83897.957 Thread 0x0000020975998ed0 Thread added: 0x0000020947cb9ff0
Event: 83902.988 Thread 0x0000020947cb9ff0 Thread exited: 0x0000020947cb9ff0
Event: 83903.006 Thread 0x0000020947cb90d0 Thread exited: 0x0000020947cb90d0
Event: 83903.886 Thread 0x0000020947cb6370 Thread exited: 0x0000020947cb6370
Event: 83929.910 Thread 0x0000020975998ed0 Thread added: 0x0000020947cb6370
Event: 83929.910 Thread 0x0000020975998ed0 Thread added: 0x0000020947cb90d0
Event: 83930.047 Thread 0x0000020947cb90d0 Thread exited: 0x0000020947cb90d0
Event: 83932.908 Thread 0x0000020947cb6370 Thread exited: 0x0000020947cb6370


Dynamic libraries:
0x00007ff67f0c0000 - 0x00007ff67f0d0000 	C:\Program Files\Java\jdk-24\bin\java.exe
0x00007ffbd90a0000 - 0x00007ffbd9309000 	C:\WINDOWS\SYSTEM32\ntdll.dll
0x00007ffbd6f90000 - 0x00007ffbd7059000 	C:\WINDOWS\System32\KERNEL32.DLL
0x00007ffbd6860000 - 0x00007ffbd6c53000 	C:\WINDOWS\System32\KERNELBASE.dll
0x00007ffbd62d0000 - 0x00007ffbd641b000 	C:\WINDOWS\System32\ucrtbase.dll
0x00007ffbd3e20000 - 0x00007ffbd3e36000 	C:\Program Files\Java\jdk-24\bin\jli.dll
0x00007ffbd3d50000 - 0x00007ffbd3d6b000 	C:\Program Files\Java\jdk-24\bin\VCRUNTIME140.dll
0x00007ffbd7280000 - 0x00007ffbd7444000 	C:\WINDOWS\System32\USER32.dll
0x00007ffbbafc0000 - 0x00007ffbbb253000 	C:\WINDOWS\WinSxS\amd64_microsoft.windows.common-controls_6595b64144ccf1df_6.0.26100.5074_none_3e0d6f78e32fd63f\COMCTL32.dll
0x00007ffbd6d10000 - 0x00007ffbd6d37000 	C:\WINDOWS\System32\win32u.dll
0x00007ffbd6f60000 - 0x00007ffbd6f8b000 	C:\WINDOWS\System32\GDI32.dll
0x00007ffbd7a70000 - 0x00007ffbd7b19000 	C:\WINDOWS\System32\msvcrt.dll
0x00007ffbd6d40000 - 0x00007ffbd6e6d000 	C:\WINDOWS\System32\gdi32full.dll
0x00007ffbd6c60000 - 0x00007ffbd6d03000 	C:\WINDOWS\System32\msvcp_win.dll
0x00007ffbd8b80000 - 0x00007ffbd8baf000 	C:\WINDOWS\System32\IMM32.DLL
0x00007ffbd3e50000 - 0x00007ffbd3e5c000 	C:\Program Files\Java\jdk-24\bin\vcruntime140_1.dll
0x00007ffbd3610000 - 0x00007ffbd369e000 	C:\Program Files\Java\jdk-24\bin\msvcp140.dll
0x00007ffb7d050000 - 0x00007ffb7ddf2000 	C:\Program Files\Java\jdk-24\bin\server\jvm.dll
0x00007ffbd7450000 - 0x00007ffbd7504000 	C:\WINDOWS\System32\ADVAPI32.dll
0x00007ffbd7c20000 - 0x00007ffbd7cc6000 	C:\WINDOWS\System32\sechost.dll
0x00007ffbd8a60000 - 0x00007ffbd8b78000 	C:\WINDOWS\System32\RPCRT4.dll
0x00007ffbd7510000 - 0x00007ffbd7584000 	C:\WINDOWS\System32\WS2_32.dll
0x00007ffbd59c0000 - 0x00007ffbd5a1e000 	C:\WINDOWS\SYSTEM32\POWRPROF.dll
0x00007ffbcdea0000 - 0x00007ffbcded5000 	C:\WINDOWS\SYSTEM32\WINMM.dll
0x00007ffbcbe20000 - 0x00007ffbcbe2b000 	C:\WINDOWS\SYSTEM32\VERSION.dll
0x00007ffbd59a0000 - 0x00007ffbd59b4000 	C:\WINDOWS\SYSTEM32\UMPDC.dll
0x00007ffbd5010000 - 0x00007ffbd502b000 	C:\WINDOWS\SYSTEM32\kernel.appcore.dll
0x00007ffbd3e10000 - 0x00007ffbd3e1a000 	C:\Program Files\Java\jdk-24\bin\jimage.dll
0x00007ffbd3970000 - 0x00007ffbd3bb2000 	C:\WINDOWS\SYSTEM32\DBGHELP.DLL
0x00007ffbd8420000 - 0x00007ffbd879b000 	C:\WINDOWS\System32\combase.dll
0x00007ffbd8880000 - 0x00007ffbd8957000 	C:\WINDOWS\System32\OLEAUT32.dll
0x00007ffbb7cf0000 - 0x00007ffbb7d2d000 	C:\WINDOWS\SYSTEM32\dbgcore.DLL
0x00007ffbd6230000 - 0x00007ffbd62c9000 	C:\WINDOWS\System32\bcryptPrimitives.dll
0x00007ffbd3db0000 - 0x00007ffbd3dbf000 	C:\Program Files\Java\jdk-24\bin\instrument.dll
0x00007ffbd36d0000 - 0x00007ffbd36ee000 	C:\Program Files\Java\jdk-24\bin\java.dll
0x00007ffbd7870000 - 0x00007ffbd7a08000 	C:\WINDOWS\System32\ole32.dll
0x00007ffbd7cd0000 - 0x00007ffbd841d000 	C:\WINDOWS\System32\SHELL32.dll
0x00007ffbd64b0000 - 0x00007ffbd661c000 	C:\WINDOWS\System32\wintypes.dll
0x00007ffbd3e60000 - 0x00007ffbd46b9000 	C:\WINDOWS\SYSTEM32\windows.storage.dll
0x00007ffbd7590000 - 0x00007ffbd7680000 	C:\WINDOWS\System32\SHCORE.dll
0x00007ffbd89e0000 - 0x00007ffbd8a42000 	C:\WINDOWS\System32\shlwapi.dll
0x00007ffbd6150000 - 0x00007ffbd6179000 	C:\WINDOWS\SYSTEM32\profapi.dll
0x00007ffbd2960000 - 0x00007ffbd2a37000 	C:\Program Files\Java\jdk-24\bin\jsvml.dll
0x00007ffbd35c0000 - 0x00007ffbd35d7000 	C:\Program Files\Java\jdk-24\bin\zip.dll
0x00007ffbd3600000 - 0x00007ffbd3610000 	C:\Program Files\Java\jdk-24\bin\net.dll
0x00007ffbd5590000 - 0x00007ffbd55fb000 	C:\WINDOWS\system32\mswsock.dll
0x00007ffbd35e0000 - 0x00007ffbd35f6000 	C:\Program Files\Java\jdk-24\bin\nio.dll
0x00007ffbd35b0000 - 0x00007ffbd35b9000 	C:\Program Files\Java\jdk-24\bin\extnet.dll
0x00007ffbd3590000 - 0x00007ffbd359a000 	C:\Program Files\Java\jdk-24\bin\management.dll
0x00007ffbd4ae0000 - 0x00007ffbd4c06000 	C:\WINDOWS\SYSTEM32\DNSAPI.dll
0x00007ffbd4a40000 - 0x00007ffbd4a74000 	C:\WINDOWS\SYSTEM32\IPHLPAPI.DLL
0x00007ffbd87f0000 - 0x00007ffbd87fa000 	C:\WINDOWS\System32\NSI.dll
0x00007ffbd3490000 - 0x00007ffbd349b000 	C:\Program Files\Java\jdk-24\bin\management_ext.dll
0x00007ffbd8a50000 - 0x00007ffbd8a58000 	C:\WINDOWS\System32\PSAPI.DLL
0x00007ffbcd120000 - 0x00007ffbcd12b000 	C:\Windows\System32\rasadhlp.dll
0x00007ffbce240000 - 0x00007ffbce2c6000 	C:\WINDOWS\System32\fwpuclnt.dll
0x00007ffbd58a0000 - 0x00007ffbd58bb000 	C:\WINDOWS\SYSTEM32\CRYPTSP.dll
0x00007ffbd4f70000 - 0x00007ffbd4fab000 	C:\WINDOWS\system32\rsaenh.dll
0x00007ffbd56a0000 - 0x00007ffbd56cb000 	C:\WINDOWS\SYSTEM32\USERENV.dll
0x00007ffbd6120000 - 0x00007ffbd6146000 	C:\WINDOWS\SYSTEM32\bcrypt.dll
0x00007ffbd58c0000 - 0x00007ffbd58cc000 	C:\WINDOWS\SYSTEM32\CRYPTBASE.dll
0x00007ffba8e40000 - 0x00007ffba8e58000 	C:\WINDOWS\system32\napinsp.dll
0x00007ffba8b90000 - 0x00007ffba8ba2000 	C:\WINDOWS\System32\winrnr.dll
0x00007ffba8b60000 - 0x00007ffba8b88000 	C:\WINDOWS\system32\nlansp_c.dll
0x00007ffba8b40000 - 0x00007ffba8b56000 	C:\WINDOWS\system32\wshbth.dll
0x00007ffbb02c0000 - 0x00007ffbb0316000 	C:\WINDOWS\SYSTEM32\pdh.dll
0x00007ffbd3df0000 - 0x00007ffbd3e02000 	C:\WINDOWS\System32\perfproc.dll
0x00007ffbd35a0000 - 0x00007ffbd35ae000 	C:\Program Files\Java\jdk-24\bin\sunmscapi.dll
0x00007ffbd6620000 - 0x00007ffbd6797000 	C:\WINDOWS\System32\CRYPT32.dll
0x00007ffbd5b70000 - 0x00007ffbd5ba0000 	C:\WINDOWS\SYSTEM32\ncrypt.dll
0x00007ffbd5b20000 - 0x00007ffbd5b5f000 	C:\WINDOWS\SYSTEM32\NTASN1.dll
0x00007ffbd3480000 - 0x00007ffbd3490000 	C:\Program Files\Java\jdk-24\bin\verify.dll
0x00007ffba8650000 - 0x00007ffba8658000 	C:\WINDOWS\system32\wshunix.dll

JVMTI agents:
C:\Program Files\JetBrains\IntelliJ IDEA 2025.2\lib\idea_rt.jar path:C:\Program Files\Java\jdk-24\bin\instrument.dll, loaded, initialized, instrumentlib options:4736

dbghelp: loaded successfully - version: 4.0.5 - missing functions: none
symbol engine: initialized successfully - sym options: 0x614 - pdb path: .;C:\Program Files\Java\jdk-24\bin;C:\WINDOWS\SYSTEM32;C:\WINDOWS\WinSxS\amd64_microsoft.windows.common-controls_6595b64144ccf1df_6.0.26100.5074_none_3e0d6f78e32fd63f;C:\Program Files\Java\jdk-24\bin\server

VM Arguments:
jvm_args: -javaagent:C:\Program Files\JetBrains\IntelliJ IDEA 2025.2\lib\idea_rt.jar=4736 -Dfile.encoding=UTF-8 -Dsun.stdout.encoding=UTF-8 -Dsun.stderr.encoding=UTF-8 
java_command: com.sachein.OnlineFoodDeliveryApplication
java_class_path (initial): D:\Project\online-food-delivery\target\classes;C:\Users\DK COMPUTRONIX\.m2\repository\org\springframework\boot\spring-boot-starter-data-jpa\3.5.5\spring-boot-starter-data-jpa-3.5.5.jar;C:\Users\DK COMPUTRONIX\.m2\repository\org\springframework\boot\spring-boot-starter\3.5.5\spring-boot-starter-3.5.5.jar;C:\Users\DK COMPUTRONIX\.m2\repository\org\springframework\boot\spring-boot-starter-logging\3.5.5\spring-boot-starter-logging-3.5.5.jar;C:\Users\DK COMPUTRONIX\.m2\repository\ch\qos\logback\logback-classic\1.5.18\logback-classic-1.5.18.jar;C:\Users\DK COMPUTRONIX\.m2\repository\ch\qos\logback\logback-core\1.5.18\logback-core-1.5.18.jar;C:\Users\DK COMPUTRONIX\.m2\repository\org\apache\logging\log4j\log4j-to-slf4j\2.24.3\log4j-to-slf4j-2.24.3.jar;C:\Users\DK COMPUTRONIX\.m2\repository\org\apache\logging\log4j\log4j-api\2.24.3\log4j-api-2.24.3.jar;C:\Users\DK COMPUTRONIX\.m2\repository\org\slf4j\jul-to-slf4j\2.0.17\jul-to-slf4j-2.0.17.jar;C:\Users\DK COMPUTRONIX\.m2\repository\jakarta\annotation\jakarta.annotation-api\2.1.1\jakarta.annotation-api-2.1.1.jar;C:\Users\DK COMPUTRONIX\.m2\repository\org\yaml\snakeyaml\2.4\snakeyaml-2.4.jar;C:\Users\DK COMPUTRONIX\.m2\repository\org\springframework\boot\spring-boot-starter-jdbc\3.5.5\spring-boot-starter-jdbc-3.5.5.jar;C:\Users\DK COMPUTRONIX\.m2\repository\com\zaxxer\HikariCP\6.3.2\HikariCP-6.3.2.jar;C:\Users\DK COMPUTRONIX\.m2\repository\org\springframework\spring-jdbc\6.2.10\spring-jdbc-6.2.10.jar;C:\Users\DK COMPUTRONIX\.m2\repository\org\hibernate\orm\hibernate-core\6.6.26.Final\hibernate-core-6.6.26.Final.jar;C:\Users\DK COMPUTRONIX\.m2\repository\jakarta\persistence\jakarta.persistence-api\3.1.0\jakarta.persistence-api-3.1.0.jar;C:\Users\DK COMPUTRONIX\.m2\repository\jakarta\transaction\jakarta.transaction-api\2.0.1\jakarta.transaction-api-2.0.1.jar;C:\Users\DK COMPUTRONIX\.m2\repository\org\jboss\logging\jboss-logging\3.6.1.Final\jboss-logging-3.6.1.Final.jar;C:\Users\DK COMPUTRONIX\.m2\repository\org\hibernate\common\hibernate-commons-annotations\7.0.3.Final\hibernate-commons-annotations-7.0.3.Final.jar;C:\Users\DK COMPUTRONIX\.m2\repository\io\smallrye\jandex\3.2.0\jandex-3.2.0.jar;C:\Users\DK COMPUTRONIX\.m2\repository\com\fasterxml\classmate\1.7.0\classmate-1.7.0.jar;C:\Users\DK COMPUTRONIX\.m2\repository\net\bytebuddy\byte-buddy\1.17.7\byte-buddy-1.17.7.jar;C:\Users\DK COMPUTRONIX\.m2\repository\org\glassfish\jaxb\jaxb-runtime\4.0.5\jaxb-runtime-4.0.5.jar;C:\Users\DK COMPUTRONIX\.m2\repository\org\glassfish\jaxb\jaxb-core\4.0.5\jaxb-core-4.0.5.jar;C:\Users\DK COMPUTRONIX\.m2\repository\org\eclipse\angus\angus-activation\2.0.2\angus-activation-2.0.2.jar;C:\Users\DK COMPUTRONIX\.m2\repository\org\glassfish\jaxb\txw2\4.0.5\txw2-4.0.5.jar;C:\Users\DK COMPUTRONIX\.m2\repository\com\sun\istack\istack-commons-runtime\4.1.2\istack-commons-runtime-4.1.2.jar;C:\Users\DK COMPUTRONIX\.m2\repository\jakarta\inject\jakarta.inject-api\2.0.1\jakarta.inject-api-2.0.1.jar;C:\Users\DK COMPUTRONIX\.m2\repository\org\antlr\antlr4-runtime\4.13.0\antlr4-runtime-4.13.0.jar;C:\Users\DK COMPUTRONIX\.m2\repository\org\springframework\data\spring-data-jpa\3.5.3\spring-data-jpa-3.5.3.jar;C:\Users\DK COMPUTRONIX\.m2\repository\org\springframework\data\spring-data-commons\3.5.3\spring-data-commons-3.5.3.jar;C:\Users\DK COMPUTRONIX\.m2\repository\org\springframework\spring-orm\6.2.10\spring-orm-6.2.10.jar;C:\Users\DK COMPUTRONIX\.m2\repository\org\springframework\spring-context\6.2.10\spring-context-6.2.10.jar;C:\Users\DK COMPUTRONIX\.m2\repository\org\springframework\spring-tx\6.2.10\spring-tx-6.2.10.jar;C:\Users\DK COMPUTRONIX\.m2\repository\org\springframework\spring-beans\6.2.10\spring-beans-6.2.10.jar;C:\Users\DK COMPUTRONIX\.m2\repository\org\slf4j\slf4j-api\2.0.17\slf4j-api-2.0.17.jar;C:\Users\DK COMPUTRONIX\.m2\repository\org\springframework\spring-aspects\6.2.10\spring-aspects-6.2.10.jar;C:\Users\DK COMPUTRONIX\.m2\repository\org\aspectj\aspectjweaver\1.9.24\aspectjweaver-1.9.24.jar;C:\Users\DK COMPUTRONIX\.m2\repository\org\springframework\boot\spring-boot-starter-security\3.5.5\spring-boot-starter-security-3.5.5.jar;C:\Users\DK COMPUTRONIX\.m2\repository\org\springframework\spring-aop\6.2.10\spring-aop-6.2.10.jar;C:\Users\DK COMPUTRONIX\.m2\repository\org\springframework\security\spring-security-config\6.5.3\spring-security-config-6.5.3.jar;C:\Users\DK COMPUTRONIX\.m2\repository\org\springframework\security\spring-security-web\6.5.3\spring-security-web-6.5.3.jar;C:\Users\DK COMPUTRONIX\.m2\repository\org\springframework\spring-expression\6.2.10\spring-expression-6.2.10.jar;C:\Users\DK COMPUTRONIX\.m2\repository\org\springframework\boot\spring-boot-starter-web\3.5.5\spring-boot-starter-web-3.5.5.jar;C:\Users\DK COMPUTRONIX\.m2\repository\org\springframework\boot\spring-boot-starter-json\3.5.5\spring-boot-starter-json-3.5.5.jar;C:\Users\DK COMPUTRONIX\.m2\repository\com\fasterxml\jackson\datatype\jackson-datatype-jdk8\2.19.2\jackson-datatype-jdk8-2.19.2.jar;C:\Users\DK COMPUTRONIX\.m2\repository\com\fasterxml\jackson\datatype\jackson-datatype-jsr310\2.19.2\jackson-datatype-jsr310-2.19.2.jar;C:\Users\DK COMPUTRONIX\.m2\repository\com\fasterxml\jackson\module\jackson-module-parameter-names\2.19.2\jackson-module-parameter-names-2.19.2.jar;C:\Users\DK COMPUTRONIX\.m2\repository\org\springframework\boot\spring-boot-starter-tomcat\3.5.5\spring-boot-starter-tomcat-3.5.5.jar;C:\Users\DK COMPUTRONIX\.m2\repository\org\apache\tomcat\embed\tomcat-embed-core\10.1.44\tomcat-embed-core-10.1.44.jar;C:\Users\DK COMPUTRONIX\.m2\repository\org\apache\tomcat\embed\tomcat-embed-el\10.1.44\tomcat-embed-el-10.1.44.jar;C:\Users\DK COMPUTRONIX\.m2\repository\org\apache\tomcat\embed\tomcat-embed-websocket\10.1.44\tomcat-embed-websocket-10.1.44.jar;C:\Users\DK COMPUTRONIX\.m2\repository\org\springframework\spring-web\6.2.10\spring-web-6.2.10.jar;C:\Users\DK COMPUTRONIX\.m2\repository\io\micrometer\micrometer-observation\1.15.3\micrometer-observation-1.15.3.jar;C:\Users\DK COMPUTRONIX\.m2\repository\io\micrometer\micrometer-commons\1.15.3\micrometer-commons-1.15.3.jar;C:\Users\DK COMPUTRONIX\.m2\repository\org\springframework\spring-webmvc\6.2.10\spring-webmvc-6.2.10.jar;C:\Users\DK COMPUTRONIX\.m2\repository\org\springframework\boot\spring-boot-devtools\3.5.5\spring-boot-devtools-3.5.5.jar;C:\Users\DK COMPUTRONIX\.m2\repository\org\springframework\boot\spring-boot\3.5.5\spring-boot-3.5.5.jar;C:\Users\DK COMPUTRONIX\.m2\repository\org\springframework\boot\spring-boot-autoconfigure\3.5.5\spring-boot-autoconfigure-3.5.5.jar;C:\Users\DK COMPUTRONIX\.m2\repository\com\mysql\mysql-connector-j\9.4.0\mysql-connector-j-9.4.0.jar;C:\Users\DK COMPUTRONIX\.m2\repository\org\projectlombok\lombok\1.18.38\lombok-1.18.38.jar;C:\Users\DK COMPUTRONIX\.m2\repository\jakarta\xml\bind\jakarta.xml.bind-api\4.0.2\jakarta.xml.bind-api-4.0.2.jar;C:\Users\DK COMPUTRONIX\.m2\repository\jakarta\activation\jakarta.activation-api\2.1.3\jakarta.activation-api-2.1.3.jar;C:\Users\DK COMPUTRONIX\.m2\repository\org\springframework\spring-core\6.2.10\spring-core-6.2.10.jar;C:\Users\DK COMPUTRONIX\.m2\repository\org\springframework\spring-jcl\6.2.10\spring-jcl-6.2.10.jar;C:\Users\DK COMPUTRONIX\.m2\repository\org\springframework\security\spring-security-core\6.5.3\spring-security-core-6.5.3.jar;C:\Users\DK COMPUTRONIX\.m2\repository\org\springframework\security\spring-security-crypto\6.5.3\spring-security-crypto-6.5.3.jar;C:\Users\DK COMPUTRONIX\.m2\repository\io\jsonwebtoken\jjwt-api\0.11.1\jjwt-api-0.11.1.jar;C:\Users\DK COMPUTRONIX\.m2\repository\io\jsonwebtoken\jjwt-impl\0.11.1\jjwt-impl-0.11.1.jar;C:\Users\DK COMPUTRONIX\.m2\repository\io\jsonwebtoken\jjwt-jackson\0.11.1\jjwt-jackson-0.11.1.jar;C:\Users\DK COMPUTRONIX\.m2\repository\com\fasterxml\jackson\core\jackson-databind\2.19.2\jackson-databind-2.19.2.jar;C:\Users\DK COMPUTRONIX\.m2\repository\com\fasterxml\jackson\core\jackson-annotations\2.19.2\jackson-annotations-2.19.2.jar;C:\Users\DK COMPUTRONIX\.m2\repository\com\fasterxml\jackson\core\jackson-core\2.19.2\jackson-core-2.19.2.jar;C:\Users\DK COMPUTRONIX\.m2\repository\com\stripe\stripe-java\20.62.0\stripe-java-20.62.0.jar;C:\Users\DK COMPUTRONIX\.m2\repository\com\google\code\gson\gson\2.13.1\gson-2.13.1.jar;C:\Users\DK COMPUTRONIX\.m2\repository\com\google\errorprone\error_prone_annotations\2.38.0\error_prone_annotations-2.38.0.jar
Launcher Type: SUN_STANDARD

[Global flags]
     intx CICompilerCount                          = 12                                        {product} {ergonomic}
     uint ConcGCThreads                            = 3                                         {product} {ergonomic}
     uint G1ConcRefinementThreads                  = 13                                        {product} {ergonomic}
   size_t G1HeapRegionSize                         = 2097152                                   {product} {ergonomic}
   size_t InitialHeapSize                          = 264241152                                 {product} {ergonomic}
   size_t MarkStackSize                            = 4194304                                   {product} {ergonomic}
   size_t MarkStackSizeMax                         = 536870912                                 {product} {ergonomic}
   size_t MaxHeapSize                              = 4213178368                                {product} {ergonomic}
   size_t MaxNewSize                               = 2527068160                                {product} {ergonomic}
   size_t MinHeapDeltaBytes                        = 2097152                                   {product} {ergonomic}
   size_t MinHeapSize                              = 8388608                                   {product} {ergonomic}
    uintx NonNMethodCodeHeapSize                   = 7602176                                {pd product} {ergonomic}
    uintx NonProfiledCodeHeapSize                  = 122093568                              {pd product} {ergonomic}
    uintx ProfiledCodeHeapSize                     = 121962496                              {pd product} {ergonomic}
    uintx ReservedCodeCacheSize                    = 251658240                              {pd product} {ergonomic}
     bool SegmentedCodeCache                       = true                                      {product} {ergonomic}
   size_t SoftMaxHeapSize                          = 4213178368                             {manageable} {ergonomic}
     bool UseCompressedOops                        = true                           {product lp64_product} {ergonomic}
     bool UseG1GC                                  = true                                      {product} {ergonomic}
     bool UseLargePagesIndividualAllocation        = false                                  {pd product} {ergonomic}

Logging:
Log output configuration:
 #0: stdout all=warning uptime,level,tags foldmultilines=false
 #1: stderr all=off uptime,level,tags foldmultilines=false

Environment Variables:
PATH=C:\Python313\Scripts\;C:\Python313\;C:\Program Files\Common Files\Oracle\Java\javapath;C:\Program Files (x86)\Common Files\Oracle\Java\java8path;C:\Program Files (x86)\Common Files\Oracle\Java\javapath;C:\Users\DK COMPUTRONIX\New folder\Scripts\;C:\Users\DK COMPUTRONIX\New folder\;C:\WINDOWS\system32;C:\WINDOWS;C:\WINDOWS\System32\Wbem;C:\WINDOWS\System32\WindowsPowerShell\v1.0\;C:\WINDOWS\System32\OpenSSH\;C:\Program Files (x86)\NVIDIA Corporation\PhysX\Common;C:\Program Files (x86)\Microsoft SQL Server\160\Tools\Binn\;C:\Program Files\Microsoft SQL Server\160\Tools\Binn\;C:\Program Files\Microsoft SQL Server\Client SDK\ODBC\170\Tools\Binn\;C:\Program Files\Microsoft SQL Server\160\DTS\Binn\;C:\Program Files (x86)\Microsoft SQL Server\100\Tools\Binn\;C:\Program Files (x86)\Microsoft SQL Server\100\DTS\Binn\;C:\Program Files (x86)\Microsoft SQL Server\100\Tools\Binn\VSShell\Common7\IDE\;C:\Program Files\NVIDIA Corporation\NVIDIA app\NvDLISR;C:\Users\DK COMPUTRONIX\AppData\Local\Programs\Python\Python313;C:\Users\DK COMPUTRONIX\AppData\Local\Programs\Python\Python313;C:\Users\DK COMPUTRONIX\AppData\Local\Programs\Python\Python312;C:\Program Files\Git\cmd;C:\Program Files\nodejs;C:\Users\DK COMPUTRONIX\npm;C:\Program Files (x86)\Windows Kits\10\Windows Performance Toolkit\;C:\ProgramData\chocolatey\bin;C:\Program Files\nodejs\;C:\Users\DK COMPUTRONIX\Downloads\maven-mvnd-1.0.2-windows-amd64\maven-mvnd-1.0.2-windows-amd64\bin;C:\Program Files\MySQL\MySQL Shell 8.0\bin\;C:\Users\DK COMPUTRONIX\AppData\Local\Programs\Python\Launcher\;C:\Users\DK COMPUTRONIX\AppData\Local\Microsoft\WindowsApps;D:\PyCharm Community Edition 2019.2.6\bin;C:\Users\DK COMPUTRONIX\AppData\Local\JetBrains\Toolbox\scripts;C:\Program Files\JetBrains\PyCharm Community Edition 2025.1.3.1\bin;;C:\Users\DK COMPUTRONIX\AppData\Local\Microsoft\WindowsApps;C:\Users\DK COMPUTRONIX\AppData\Local\GitHubDesktop\bin;C:\Program Files\JetBrains\IntelliJ IDEA 2025.2\bin;C:\Users\DK COMPUTRONIX\AppData\Local\Programs\Microsoft VS Code\bin;C:\Program Files\nodejs;C:\Users\DK COMPUTRONIX\AppData\Roaming\npm
USERNAME=DK COMPUTRONIX
OS=Windows_NT
PROCESSOR_IDENTIFIER=Intel64 Family 6 Model 154 Stepping 3, GenuineIntel
TMP=C:\Users\DKCOMP~1\AppData\Local\Temp
TEMP=C:\Users\DKCOMP~1\AppData\Local\Temp




Periodic native trim disabled

---------------  S Y S T E M  ---------------

OS:
 Windows 11 , 64 bit Build 26100 (10.0.26100.5074)
OS uptime: 23 days 22:51 hours
Hyper-V role detected

CPU: total 16 (initial active 16) (8 cores per cpu, 2 threads per core) family 6 model 154 stepping 3 microcode 0x437, cx8, cmov, fxsr, ht, mmx, 3dnowpref, sse, sse2, sse3, ssse3, sse4.1, sse4.2, popcnt, lzcnt, tsc, tscinvbit, avx, avx2, aes, erms, clmul, bmi1, bmi2, adx, sha, fma, vzeroupper, clflush, clflushopt, clwb, hv, serialize, rdtscp, rdpid, fsrm, gfni, f16c, cet_ibt, cet_ss
Processor Information for processor 0
  Max Mhz: 2500, Current Mhz: 2500, Mhz Limit: 2500
Processor Information for processor 1
  Max Mhz: 2500, Current Mhz: 2500, Mhz Limit: 2500
Processor Information for processor 2
  Max Mhz: 2500, Current Mhz: 1532, Mhz Limit: 2500
Processor Information for processor 3
  Max Mhz: 2500, Current Mhz: 2500, Mhz Limit: 2500
Processor Information for processor 4
  Max Mhz: 2500, Current Mhz: 2500, Mhz Limit: 2500
Processor Information for processor 5
  Max Mhz: 2500, Current Mhz: 2500, Mhz Limit: 2500
Processor Information for processor 6
  Max Mhz: 2500, Current Mhz: 2500, Mhz Limit: 2500
Processor Information for processor 7
  Max Mhz: 2500, Current Mhz: 2500, Mhz Limit: 2500
Processor Information for processor 8
  Max Mhz: 2500, Current Mhz: 2500, Mhz Limit: 2500
Processor Information for processor 9
  Max Mhz: 2500, Current Mhz: 1527, Mhz Limit: 2500
Processor Information for processor 10
  Max Mhz: 2500, Current Mhz: 1527, Mhz Limit: 2500
Processor Information for processor 11
  Max Mhz: 2500, Current Mhz: 2500, Mhz Limit: 2500
Processor Information for processor 12
  Max Mhz: 2500, Current Mhz: 1527, Mhz Limit: 2500
Processor Information for processor 13
  Max Mhz: 2500, Current Mhz: 1527, Mhz Limit: 2500
Processor Information for processor 14
  Max Mhz: 2500, Current Mhz: 2500, Mhz Limit: 2500
Processor Information for processor 15
  Max Mhz: 2500, Current Mhz: 2500, Mhz Limit: 2500

Memory: 4k page, system-wide physical 16068M (1530M free)
TotalPageFile size 20164M (AvailPageFile size 7M)
current process WorkingSet (physical memory assigned to process): 351M, peak: 383M
current process commit charge ("private bytes"): 436M, peak: 454M

vm_info: Java HotSpot(TM) 64-Bit Server VM (24.0.1+9-30) for windows-amd64 JRE (24.0.1+9-30), built on 2025-03-05T07:23:45Z with MS VC++ 17.6 (VS2022)

END.
